[2024-05-01T10:24:25.155+0000] {taskinstance.py:1979} INFO - Dependencies all met for dep_context=non-requeueable deps ti=<TaskInstance: load_data_to_bq.load_data_to_bq manual__2024-05-01T10:24:03.228850+00:00 [queued]>
[2024-05-01T10:24:25.182+0000] {taskinstance.py:1979} INFO - Dependencies all met for dep_context=requeueable deps ti=<TaskInstance: load_data_to_bq.load_data_to_bq manual__2024-05-01T10:24:03.228850+00:00 [queued]>
[2024-05-01T10:24:25.183+0000] {taskinstance.py:2193} INFO - Starting attempt 1 of 1
[2024-05-01T10:24:25.221+0000] {taskinstance.py:2217} INFO - Executing <Task(PythonOperator): load_data_to_bq> on 2024-05-01 10:24:03.228850+00:00
[2024-05-01T10:24:25.237+0000] {standard_task_runner.py:60} INFO - Started process 57979 to run task
[2024-05-01T10:24:25.248+0000] {standard_task_runner.py:87} INFO - Running: ['***', 'tasks', 'run', 'load_data_to_bq', 'load_data_to_bq', 'manual__2024-05-01T10:24:03.228850+00:00', '--job-id', '1613', '--raw', '--subdir', 'DAGS_FOLDER/get_and_load.py', '--cfg-path', '/tmp/tmp842y33qo']
[2024-05-01T10:24:25.254+0000] {standard_task_runner.py:88} INFO - Job 1613: Subtask load_data_to_bq
[2024-05-01T10:24:25.385+0000] {task_command.py:423} INFO - Running <TaskInstance: load_data_to_bq.load_data_to_bq manual__2024-05-01T10:24:03.228850+00:00 [running]> on host 283945e4dc51
[2024-05-01T10:24:25.711+0000] {taskinstance.py:2513} INFO - Exporting env vars: AIRFLOW_CTX_DAG_OWNER='***' AIRFLOW_CTX_DAG_ID='load_data_to_bq' AIRFLOW_CTX_TASK_ID='load_data_to_bq' AIRFLOW_CTX_EXECUTION_DATE='2024-05-01T10:24:03.228850+00:00' AIRFLOW_CTX_TRY_NUMBER='1' AIRFLOW_CTX_DAG_RUN_ID='manual__2024-05-01T10:24:03.228850+00:00'
[2024-05-01T10:24:25.716+0000] {get_and_load.py:137} INFO - *** gcs bucket : ds525-capstone-test-49
[2024-05-01T10:24:25.716+0000] {get_and_load.py:138} INFO - *** gcs_csv_object : staging/data_to_load.csv
[2024-05-01T10:24:25.719+0000] {python.py:202} INFO - Done. Returned value was: <Task(GCSToBigQueryOperator): load_to_bq>
[2024-05-01T10:24:25.738+0000] {xcom.py:664} ERROR - Object of type GCSToBigQueryOperator is not JSON serializable. If you are using pickle instead of JSON for XCom, then you need to enable pickle support for XCom in your *** config or make sure to decorate your object with attr.
[2024-05-01T10:24:25.741+0000] {taskinstance.py:2731} ERROR - Task failed with exception
Traceback (most recent call last):
  File "/home/airflow/.local/lib/python3.8/site-packages/airflow/utils/json.py", line 91, in default
    return serialize(o)
  File "/home/airflow/.local/lib/python3.8/site-packages/airflow/serialization/serde.py", line 189, in serialize
    raise TypeError(f"cannot serialize object of type {cls}")
TypeError: cannot serialize object of type <class '***.providers.google.cloud.transfers.gcs_to_bigquery.GCSToBigQueryOperator'>

During handling of the above exception, another exception occurred:

Traceback (most recent call last):
  File "/home/airflow/.local/lib/python3.8/site-packages/airflow/models/taskinstance.py", line 451, in _execute_task
    task_instance.xcom_push(key=XCOM_RETURN_KEY, value=xcom_value, session=session)
  File "/home/airflow/.local/lib/python3.8/site-packages/airflow/utils/session.py", line 76, in wrapper
    return func(*args, **kwargs)
  File "/home/airflow/.local/lib/python3.8/site-packages/airflow/models/taskinstance.py", line 3013, in xcom_push
    XCom.set(
  File "/home/airflow/.local/lib/python3.8/site-packages/airflow/utils/session.py", line 76, in wrapper
    return func(*args, **kwargs)
  File "/home/airflow/.local/lib/python3.8/site-packages/airflow/models/xcom.py", line 247, in set
    value = cls.serialize_value(
  File "/home/airflow/.local/lib/python3.8/site-packages/airflow/models/xcom.py", line 662, in serialize_value
    return json.dumps(value, cls=XComEncoder).encode("UTF-8")
  File "/usr/local/lib/python3.8/json/__init__.py", line 234, in dumps
    return cls(
  File "/home/airflow/.local/lib/python3.8/site-packages/airflow/utils/json.py", line 104, in encode
    return super().encode(o)
  File "/usr/local/lib/python3.8/json/encoder.py", line 199, in encode
    chunks = self.iterencode(o, _one_shot=True)
  File "/usr/local/lib/python3.8/json/encoder.py", line 257, in iterencode
    return _iterencode(o, 0)
  File "/home/airflow/.local/lib/python3.8/site-packages/airflow/utils/json.py", line 93, in default
    return super().default(o)
  File "/usr/local/lib/python3.8/json/encoder.py", line 179, in default
    raise TypeError(f'Object of type {o.__class__.__name__} '
TypeError: Object of type GCSToBigQueryOperator is not JSON serializable
[2024-05-01T10:24:25.773+0000] {taskinstance.py:1149} INFO - Marking task as FAILED. dag_id=load_data_to_bq, task_id=load_data_to_bq, execution_date=20240501T102403, start_date=20240501T102425, end_date=20240501T102425
[2024-05-01T10:24:25.814+0000] {standard_task_runner.py:107} ERROR - Failed to execute job 1613 for task load_data_to_bq (Object of type GCSToBigQueryOperator is not JSON serializable; 57979)
[2024-05-01T10:24:25.861+0000] {local_task_job_runner.py:234} INFO - Task exited with return code 1
[2024-05-01T10:24:25.906+0000] {taskinstance.py:3312} INFO - 0 downstream tasks scheduled from follow-on schedule check
