[2024-03-26T16:06:24.976+0000] {processor.py:161} INFO - Started process (PID=44445) to work on /opt/airflow/dags/test_get_tmd_api.py
[2024-03-26T16:06:24.978+0000] {processor.py:830} INFO - Processing file /opt/airflow/dags/test_get_tmd_api.py for tasks to queue
[2024-03-26T16:06:24.981+0000] {logging_mixin.py:188} INFO - [2024-03-26T16:06:24.980+0000] {dagbag.py:540} INFO - Filling up the DagBag from /opt/airflow/dags/test_get_tmd_api.py
[2024-03-26T16:06:24.991+0000] {logging_mixin.py:188} INFO - [2024-03-26T16:06:24.987+0000] {dagbag.py:350} ERROR - Failed to import: /opt/airflow/dags/test_get_tmd_api.py
Traceback (most recent call last):
  File "/home/airflow/.local/lib/python3.8/site-packages/airflow/models/dagbag.py", line 346, in parse
    loader.exec_module(new_module)
  File "<frozen importlib._bootstrap_external>", line 839, in exec_module
  File "<frozen importlib._bootstrap_external>", line 976, in get_code
  File "<frozen importlib._bootstrap_external>", line 906, in source_to_code
  File "<frozen importlib._bootstrap>", line 219, in _call_with_frames_removed
  File "/opt/airflow/dags/test_get_tmd_api.py", line 14
    
    ^
SyntaxError: unexpected EOF while parsing
[2024-03-26T16:06:24.993+0000] {processor.py:842} WARNING - No viable dags retrieved from /opt/airflow/dags/test_get_tmd_api.py
[2024-03-26T16:06:25.050+0000] {processor.py:183} INFO - Processing /opt/airflow/dags/test_get_tmd_api.py took 0.086 seconds
[2024-03-26T16:06:55.516+0000] {processor.py:161} INFO - Started process (PID=44466) to work on /opt/airflow/dags/test_get_tmd_api.py
[2024-03-26T16:06:55.520+0000] {processor.py:830} INFO - Processing file /opt/airflow/dags/test_get_tmd_api.py for tasks to queue
[2024-03-26T16:06:55.523+0000] {logging_mixin.py:188} INFO - [2024-03-26T16:06:55.522+0000] {dagbag.py:540} INFO - Filling up the DagBag from /opt/airflow/dags/test_get_tmd_api.py
[2024-03-26T16:06:55.532+0000] {logging_mixin.py:188} INFO - [2024-03-26T16:06:55.530+0000] {dagbag.py:350} ERROR - Failed to import: /opt/airflow/dags/test_get_tmd_api.py
Traceback (most recent call last):
  File "/home/airflow/.local/lib/python3.8/site-packages/airflow/models/dagbag.py", line 346, in parse
    loader.exec_module(new_module)
  File "<frozen importlib._bootstrap_external>", line 839, in exec_module
  File "<frozen importlib._bootstrap_external>", line 976, in get_code
  File "<frozen importlib._bootstrap_external>", line 906, in source_to_code
  File "<frozen importlib._bootstrap>", line 219, in _call_with_frames_removed
  File "/opt/airflow/dags/test_get_tmd_api.py", line 14
    
    ^
SyntaxError: unexpected EOF while parsing
[2024-03-26T16:06:55.534+0000] {processor.py:842} WARNING - No viable dags retrieved from /opt/airflow/dags/test_get_tmd_api.py
[2024-03-26T16:06:55.586+0000] {processor.py:183} INFO - Processing /opt/airflow/dags/test_get_tmd_api.py took 0.083 seconds
[2024-03-26T16:07:26.074+0000] {processor.py:161} INFO - Started process (PID=44487) to work on /opt/airflow/dags/test_get_tmd_api.py
[2024-03-26T16:07:26.078+0000] {processor.py:830} INFO - Processing file /opt/airflow/dags/test_get_tmd_api.py for tasks to queue
[2024-03-26T16:07:26.081+0000] {logging_mixin.py:188} INFO - [2024-03-26T16:07:26.080+0000] {dagbag.py:540} INFO - Filling up the DagBag from /opt/airflow/dags/test_get_tmd_api.py
[2024-03-26T16:07:26.089+0000] {logging_mixin.py:188} INFO - [2024-03-26T16:07:26.087+0000] {dagbag.py:350} ERROR - Failed to import: /opt/airflow/dags/test_get_tmd_api.py
Traceback (most recent call last):
  File "/home/airflow/.local/lib/python3.8/site-packages/airflow/models/dagbag.py", line 346, in parse
    loader.exec_module(new_module)
  File "<frozen importlib._bootstrap_external>", line 839, in exec_module
  File "<frozen importlib._bootstrap_external>", line 976, in get_code
  File "<frozen importlib._bootstrap_external>", line 906, in source_to_code
  File "<frozen importlib._bootstrap>", line 219, in _call_with_frames_removed
  File "/opt/airflow/dags/test_get_tmd_api.py", line 14
    
    ^
SyntaxError: unexpected EOF while parsing
[2024-03-26T16:07:26.090+0000] {processor.py:842} WARNING - No viable dags retrieved from /opt/airflow/dags/test_get_tmd_api.py
[2024-03-26T16:07:26.143+0000] {processor.py:183} INFO - Processing /opt/airflow/dags/test_get_tmd_api.py took 0.082 seconds
[2024-03-26T16:07:56.602+0000] {processor.py:161} INFO - Started process (PID=44508) to work on /opt/airflow/dags/test_get_tmd_api.py
[2024-03-26T16:07:56.607+0000] {processor.py:830} INFO - Processing file /opt/airflow/dags/test_get_tmd_api.py for tasks to queue
[2024-03-26T16:07:56.612+0000] {logging_mixin.py:188} INFO - [2024-03-26T16:07:56.611+0000] {dagbag.py:540} INFO - Filling up the DagBag from /opt/airflow/dags/test_get_tmd_api.py
[2024-03-26T16:07:56.621+0000] {logging_mixin.py:188} INFO - [2024-03-26T16:07:56.619+0000] {dagbag.py:350} ERROR - Failed to import: /opt/airflow/dags/test_get_tmd_api.py
Traceback (most recent call last):
  File "/home/airflow/.local/lib/python3.8/site-packages/airflow/models/dagbag.py", line 346, in parse
    loader.exec_module(new_module)
  File "<frozen importlib._bootstrap_external>", line 839, in exec_module
  File "<frozen importlib._bootstrap_external>", line 976, in get_code
  File "<frozen importlib._bootstrap_external>", line 906, in source_to_code
  File "<frozen importlib._bootstrap>", line 219, in _call_with_frames_removed
  File "/opt/airflow/dags/test_get_tmd_api.py", line 14
    
    ^
SyntaxError: unexpected EOF while parsing
[2024-03-26T16:07:56.622+0000] {processor.py:842} WARNING - No viable dags retrieved from /opt/airflow/dags/test_get_tmd_api.py
[2024-03-26T16:07:56.675+0000] {processor.py:183} INFO - Processing /opt/airflow/dags/test_get_tmd_api.py took 0.083 seconds
[2024-03-26T16:08:27.260+0000] {processor.py:161} INFO - Started process (PID=44529) to work on /opt/airflow/dags/test_get_tmd_api.py
[2024-03-26T16:08:27.264+0000] {processor.py:830} INFO - Processing file /opt/airflow/dags/test_get_tmd_api.py for tasks to queue
[2024-03-26T16:08:27.267+0000] {logging_mixin.py:188} INFO - [2024-03-26T16:08:27.266+0000] {dagbag.py:540} INFO - Filling up the DagBag from /opt/airflow/dags/test_get_tmd_api.py
[2024-03-26T16:08:27.276+0000] {logging_mixin.py:188} INFO - [2024-03-26T16:08:27.273+0000] {dagbag.py:350} ERROR - Failed to import: /opt/airflow/dags/test_get_tmd_api.py
Traceback (most recent call last):
  File "/home/airflow/.local/lib/python3.8/site-packages/airflow/models/dagbag.py", line 346, in parse
    loader.exec_module(new_module)
  File "<frozen importlib._bootstrap_external>", line 839, in exec_module
  File "<frozen importlib._bootstrap_external>", line 976, in get_code
  File "<frozen importlib._bootstrap_external>", line 906, in source_to_code
  File "<frozen importlib._bootstrap>", line 219, in _call_with_frames_removed
  File "/opt/airflow/dags/test_get_tmd_api.py", line 14
    
    ^
SyntaxError: unexpected EOF while parsing
[2024-03-26T16:08:27.277+0000] {processor.py:842} WARNING - No viable dags retrieved from /opt/airflow/dags/test_get_tmd_api.py
[2024-03-26T16:08:27.334+0000] {processor.py:183} INFO - Processing /opt/airflow/dags/test_get_tmd_api.py took 0.088 seconds
[2024-03-26T16:08:57.995+0000] {processor.py:161} INFO - Started process (PID=44550) to work on /opt/airflow/dags/test_get_tmd_api.py
[2024-03-26T16:08:58.000+0000] {processor.py:830} INFO - Processing file /opt/airflow/dags/test_get_tmd_api.py for tasks to queue
[2024-03-26T16:08:58.005+0000] {logging_mixin.py:188} INFO - [2024-03-26T16:08:58.003+0000] {dagbag.py:540} INFO - Filling up the DagBag from /opt/airflow/dags/test_get_tmd_api.py
[2024-03-26T16:08:58.021+0000] {logging_mixin.py:188} INFO - [2024-03-26T16:08:58.016+0000] {dagbag.py:350} ERROR - Failed to import: /opt/airflow/dags/test_get_tmd_api.py
Traceback (most recent call last):
  File "/home/airflow/.local/lib/python3.8/site-packages/airflow/models/dagbag.py", line 346, in parse
    loader.exec_module(new_module)
  File "<frozen importlib._bootstrap_external>", line 839, in exec_module
  File "<frozen importlib._bootstrap_external>", line 976, in get_code
  File "<frozen importlib._bootstrap_external>", line 906, in source_to_code
  File "<frozen importlib._bootstrap>", line 219, in _call_with_frames_removed
  File "/opt/airflow/dags/test_get_tmd_api.py", line 14
    
    ^
SyntaxError: unexpected EOF while parsing
[2024-03-26T16:08:58.023+0000] {processor.py:842} WARNING - No viable dags retrieved from /opt/airflow/dags/test_get_tmd_api.py
[2024-03-26T16:08:58.089+0000] {processor.py:183} INFO - Processing /opt/airflow/dags/test_get_tmd_api.py took 0.117 seconds
[2024-03-26T16:09:28.499+0000] {processor.py:161} INFO - Started process (PID=44571) to work on /opt/airflow/dags/test_get_tmd_api.py
[2024-03-26T16:09:28.501+0000] {processor.py:830} INFO - Processing file /opt/airflow/dags/test_get_tmd_api.py for tasks to queue
[2024-03-26T16:09:28.504+0000] {logging_mixin.py:188} INFO - [2024-03-26T16:09:28.503+0000] {dagbag.py:540} INFO - Filling up the DagBag from /opt/airflow/dags/test_get_tmd_api.py
[2024-03-26T16:09:28.513+0000] {logging_mixin.py:188} INFO - [2024-03-26T16:09:28.510+0000] {dagbag.py:350} ERROR - Failed to import: /opt/airflow/dags/test_get_tmd_api.py
Traceback (most recent call last):
  File "/home/airflow/.local/lib/python3.8/site-packages/airflow/models/dagbag.py", line 346, in parse
    loader.exec_module(new_module)
  File "<frozen importlib._bootstrap_external>", line 839, in exec_module
  File "<frozen importlib._bootstrap_external>", line 976, in get_code
  File "<frozen importlib._bootstrap_external>", line 906, in source_to_code
  File "<frozen importlib._bootstrap>", line 219, in _call_with_frames_removed
  File "/opt/airflow/dags/test_get_tmd_api.py", line 14
    
    ^
SyntaxError: unexpected EOF while parsing
[2024-03-26T16:09:28.514+0000] {processor.py:842} WARNING - No viable dags retrieved from /opt/airflow/dags/test_get_tmd_api.py
[2024-03-26T16:09:28.567+0000] {processor.py:183} INFO - Processing /opt/airflow/dags/test_get_tmd_api.py took 0.082 seconds
[2024-03-26T16:09:59.000+0000] {processor.py:161} INFO - Started process (PID=44592) to work on /opt/airflow/dags/test_get_tmd_api.py
[2024-03-26T16:09:59.004+0000] {processor.py:830} INFO - Processing file /opt/airflow/dags/test_get_tmd_api.py for tasks to queue
[2024-03-26T16:09:59.007+0000] {logging_mixin.py:188} INFO - [2024-03-26T16:09:59.006+0000] {dagbag.py:540} INFO - Filling up the DagBag from /opt/airflow/dags/test_get_tmd_api.py
[2024-03-26T16:09:59.016+0000] {logging_mixin.py:188} INFO - [2024-03-26T16:09:59.014+0000] {dagbag.py:350} ERROR - Failed to import: /opt/airflow/dags/test_get_tmd_api.py
Traceback (most recent call last):
  File "/home/airflow/.local/lib/python3.8/site-packages/airflow/models/dagbag.py", line 346, in parse
    loader.exec_module(new_module)
  File "<frozen importlib._bootstrap_external>", line 839, in exec_module
  File "<frozen importlib._bootstrap_external>", line 976, in get_code
  File "<frozen importlib._bootstrap_external>", line 906, in source_to_code
  File "<frozen importlib._bootstrap>", line 219, in _call_with_frames_removed
  File "/opt/airflow/dags/test_get_tmd_api.py", line 14
    
    ^
SyntaxError: unexpected EOF while parsing
[2024-03-26T16:09:59.018+0000] {processor.py:842} WARNING - No viable dags retrieved from /opt/airflow/dags/test_get_tmd_api.py
[2024-03-26T16:09:59.072+0000] {processor.py:183} INFO - Processing /opt/airflow/dags/test_get_tmd_api.py took 0.085 seconds
[2024-03-26T16:10:29.523+0000] {processor.py:161} INFO - Started process (PID=44613) to work on /opt/airflow/dags/test_get_tmd_api.py
[2024-03-26T16:10:29.526+0000] {processor.py:830} INFO - Processing file /opt/airflow/dags/test_get_tmd_api.py for tasks to queue
[2024-03-26T16:10:29.529+0000] {logging_mixin.py:188} INFO - [2024-03-26T16:10:29.528+0000] {dagbag.py:540} INFO - Filling up the DagBag from /opt/airflow/dags/test_get_tmd_api.py
[2024-03-26T16:10:29.538+0000] {logging_mixin.py:188} INFO - [2024-03-26T16:10:29.536+0000] {dagbag.py:350} ERROR - Failed to import: /opt/airflow/dags/test_get_tmd_api.py
Traceback (most recent call last):
  File "/home/airflow/.local/lib/python3.8/site-packages/airflow/models/dagbag.py", line 346, in parse
    loader.exec_module(new_module)
  File "<frozen importlib._bootstrap_external>", line 839, in exec_module
  File "<frozen importlib._bootstrap_external>", line 976, in get_code
  File "<frozen importlib._bootstrap_external>", line 906, in source_to_code
  File "<frozen importlib._bootstrap>", line 219, in _call_with_frames_removed
  File "/opt/airflow/dags/test_get_tmd_api.py", line 14
    
    ^
SyntaxError: unexpected EOF while parsing
[2024-03-26T16:10:29.540+0000] {processor.py:842} WARNING - No viable dags retrieved from /opt/airflow/dags/test_get_tmd_api.py
[2024-03-26T16:10:29.593+0000] {processor.py:183} INFO - Processing /opt/airflow/dags/test_get_tmd_api.py took 0.081 seconds
[2024-03-26T16:11:00.108+0000] {processor.py:161} INFO - Started process (PID=44634) to work on /opt/airflow/dags/test_get_tmd_api.py
[2024-03-26T16:11:00.111+0000] {processor.py:830} INFO - Processing file /opt/airflow/dags/test_get_tmd_api.py for tasks to queue
[2024-03-26T16:11:00.114+0000] {logging_mixin.py:188} INFO - [2024-03-26T16:11:00.113+0000] {dagbag.py:540} INFO - Filling up the DagBag from /opt/airflow/dags/test_get_tmd_api.py
[2024-03-26T16:11:00.123+0000] {logging_mixin.py:188} INFO - [2024-03-26T16:11:00.120+0000] {dagbag.py:350} ERROR - Failed to import: /opt/airflow/dags/test_get_tmd_api.py
Traceback (most recent call last):
  File "/home/airflow/.local/lib/python3.8/site-packages/airflow/models/dagbag.py", line 346, in parse
    loader.exec_module(new_module)
  File "<frozen importlib._bootstrap_external>", line 839, in exec_module
  File "<frozen importlib._bootstrap_external>", line 976, in get_code
  File "<frozen importlib._bootstrap_external>", line 906, in source_to_code
  File "<frozen importlib._bootstrap>", line 219, in _call_with_frames_removed
  File "/opt/airflow/dags/test_get_tmd_api.py", line 14
    
    ^
SyntaxError: unexpected EOF while parsing
[2024-03-26T16:11:00.124+0000] {processor.py:842} WARNING - No viable dags retrieved from /opt/airflow/dags/test_get_tmd_api.py
[2024-03-26T16:11:00.180+0000] {processor.py:183} INFO - Processing /opt/airflow/dags/test_get_tmd_api.py took 0.085 seconds
[2024-03-26T16:11:30.828+0000] {processor.py:161} INFO - Started process (PID=44655) to work on /opt/airflow/dags/test_get_tmd_api.py
[2024-03-26T16:11:30.832+0000] {processor.py:830} INFO - Processing file /opt/airflow/dags/test_get_tmd_api.py for tasks to queue
[2024-03-26T16:11:30.834+0000] {logging_mixin.py:188} INFO - [2024-03-26T16:11:30.833+0000] {dagbag.py:540} INFO - Filling up the DagBag from /opt/airflow/dags/test_get_tmd_api.py
[2024-03-26T16:11:30.843+0000] {logging_mixin.py:188} INFO - [2024-03-26T16:11:30.841+0000] {dagbag.py:350} ERROR - Failed to import: /opt/airflow/dags/test_get_tmd_api.py
Traceback (most recent call last):
  File "/home/airflow/.local/lib/python3.8/site-packages/airflow/models/dagbag.py", line 346, in parse
    loader.exec_module(new_module)
  File "<frozen importlib._bootstrap_external>", line 839, in exec_module
  File "<frozen importlib._bootstrap_external>", line 976, in get_code
  File "<frozen importlib._bootstrap_external>", line 906, in source_to_code
  File "<frozen importlib._bootstrap>", line 219, in _call_with_frames_removed
  File "/opt/airflow/dags/test_get_tmd_api.py", line 14
    
    ^
SyntaxError: unexpected EOF while parsing
[2024-03-26T16:11:30.844+0000] {processor.py:842} WARNING - No viable dags retrieved from /opt/airflow/dags/test_get_tmd_api.py
[2024-03-26T16:11:30.899+0000] {processor.py:183} INFO - Processing /opt/airflow/dags/test_get_tmd_api.py took 0.080 seconds
[2024-03-26T16:12:01.433+0000] {processor.py:161} INFO - Started process (PID=44676) to work on /opt/airflow/dags/test_get_tmd_api.py
[2024-03-26T16:12:01.437+0000] {processor.py:830} INFO - Processing file /opt/airflow/dags/test_get_tmd_api.py for tasks to queue
[2024-03-26T16:12:01.440+0000] {logging_mixin.py:188} INFO - [2024-03-26T16:12:01.439+0000] {dagbag.py:540} INFO - Filling up the DagBag from /opt/airflow/dags/test_get_tmd_api.py
[2024-03-26T16:12:01.448+0000] {logging_mixin.py:188} INFO - [2024-03-26T16:12:01.446+0000] {dagbag.py:350} ERROR - Failed to import: /opt/airflow/dags/test_get_tmd_api.py
Traceback (most recent call last):
  File "/home/airflow/.local/lib/python3.8/site-packages/airflow/models/dagbag.py", line 346, in parse
    loader.exec_module(new_module)
  File "<frozen importlib._bootstrap_external>", line 839, in exec_module
  File "<frozen importlib._bootstrap_external>", line 976, in get_code
  File "<frozen importlib._bootstrap_external>", line 906, in source_to_code
  File "<frozen importlib._bootstrap>", line 219, in _call_with_frames_removed
  File "/opt/airflow/dags/test_get_tmd_api.py", line 14
    
    ^
SyntaxError: unexpected EOF while parsing
[2024-03-26T16:12:01.449+0000] {processor.py:842} WARNING - No viable dags retrieved from /opt/airflow/dags/test_get_tmd_api.py
[2024-03-26T16:12:01.503+0000] {processor.py:183} INFO - Processing /opt/airflow/dags/test_get_tmd_api.py took 0.103 seconds
[2024-03-26T16:12:32.051+0000] {processor.py:161} INFO - Started process (PID=44697) to work on /opt/airflow/dags/test_get_tmd_api.py
[2024-03-26T16:12:32.055+0000] {processor.py:830} INFO - Processing file /opt/airflow/dags/test_get_tmd_api.py for tasks to queue
[2024-03-26T16:12:32.060+0000] {logging_mixin.py:188} INFO - [2024-03-26T16:12:32.059+0000] {dagbag.py:540} INFO - Filling up the DagBag from /opt/airflow/dags/test_get_tmd_api.py
[2024-03-26T16:12:32.069+0000] {logging_mixin.py:188} INFO - [2024-03-26T16:12:32.066+0000] {dagbag.py:350} ERROR - Failed to import: /opt/airflow/dags/test_get_tmd_api.py
Traceback (most recent call last):
  File "/home/airflow/.local/lib/python3.8/site-packages/airflow/models/dagbag.py", line 346, in parse
    loader.exec_module(new_module)
  File "<frozen importlib._bootstrap_external>", line 839, in exec_module
  File "<frozen importlib._bootstrap_external>", line 976, in get_code
  File "<frozen importlib._bootstrap_external>", line 906, in source_to_code
  File "<frozen importlib._bootstrap>", line 219, in _call_with_frames_removed
  File "/opt/airflow/dags/test_get_tmd_api.py", line 14
    
    ^
SyntaxError: unexpected EOF while parsing
[2024-03-26T16:12:32.070+0000] {processor.py:842} WARNING - No viable dags retrieved from /opt/airflow/dags/test_get_tmd_api.py
[2024-03-26T16:12:32.120+0000] {processor.py:183} INFO - Processing /opt/airflow/dags/test_get_tmd_api.py took 0.080 seconds
[2024-03-26T16:13:02.621+0000] {processor.py:161} INFO - Started process (PID=44724) to work on /opt/airflow/dags/test_get_tmd_api.py
[2024-03-26T16:13:02.624+0000] {processor.py:830} INFO - Processing file /opt/airflow/dags/test_get_tmd_api.py for tasks to queue
[2024-03-26T16:13:02.627+0000] {logging_mixin.py:188} INFO - [2024-03-26T16:13:02.626+0000] {dagbag.py:540} INFO - Filling up the DagBag from /opt/airflow/dags/test_get_tmd_api.py
[2024-03-26T16:13:02.636+0000] {logging_mixin.py:188} INFO - [2024-03-26T16:13:02.634+0000] {dagbag.py:350} ERROR - Failed to import: /opt/airflow/dags/test_get_tmd_api.py
Traceback (most recent call last):
  File "/home/airflow/.local/lib/python3.8/site-packages/airflow/models/dagbag.py", line 346, in parse
    loader.exec_module(new_module)
  File "<frozen importlib._bootstrap_external>", line 839, in exec_module
  File "<frozen importlib._bootstrap_external>", line 976, in get_code
  File "<frozen importlib._bootstrap_external>", line 906, in source_to_code
  File "<frozen importlib._bootstrap>", line 219, in _call_with_frames_removed
  File "/opt/airflow/dags/test_get_tmd_api.py", line 14
    
    ^
SyntaxError: unexpected EOF while parsing
[2024-03-26T16:13:02.638+0000] {processor.py:842} WARNING - No viable dags retrieved from /opt/airflow/dags/test_get_tmd_api.py
[2024-03-26T16:13:02.692+0000] {processor.py:183} INFO - Processing /opt/airflow/dags/test_get_tmd_api.py took 0.084 seconds
[2024-03-26T16:13:33.235+0000] {processor.py:161} INFO - Started process (PID=44745) to work on /opt/airflow/dags/test_get_tmd_api.py
[2024-03-26T16:13:33.239+0000] {processor.py:830} INFO - Processing file /opt/airflow/dags/test_get_tmd_api.py for tasks to queue
[2024-03-26T16:13:33.241+0000] {logging_mixin.py:188} INFO - [2024-03-26T16:13:33.240+0000] {dagbag.py:540} INFO - Filling up the DagBag from /opt/airflow/dags/test_get_tmd_api.py
[2024-03-26T16:13:33.250+0000] {logging_mixin.py:188} INFO - [2024-03-26T16:13:33.248+0000] {dagbag.py:350} ERROR - Failed to import: /opt/airflow/dags/test_get_tmd_api.py
Traceback (most recent call last):
  File "/home/airflow/.local/lib/python3.8/site-packages/airflow/models/dagbag.py", line 346, in parse
    loader.exec_module(new_module)
  File "<frozen importlib._bootstrap_external>", line 839, in exec_module
  File "<frozen importlib._bootstrap_external>", line 976, in get_code
  File "<frozen importlib._bootstrap_external>", line 906, in source_to_code
  File "<frozen importlib._bootstrap>", line 219, in _call_with_frames_removed
  File "/opt/airflow/dags/test_get_tmd_api.py", line 14
    
    ^
SyntaxError: unexpected EOF while parsing
[2024-03-26T16:13:33.251+0000] {processor.py:842} WARNING - No viable dags retrieved from /opt/airflow/dags/test_get_tmd_api.py
[2024-03-26T16:13:33.305+0000] {processor.py:183} INFO - Processing /opt/airflow/dags/test_get_tmd_api.py took 0.083 seconds
[2024-03-26T16:14:03.822+0000] {processor.py:161} INFO - Started process (PID=44766) to work on /opt/airflow/dags/test_get_tmd_api.py
[2024-03-26T16:14:03.825+0000] {processor.py:830} INFO - Processing file /opt/airflow/dags/test_get_tmd_api.py for tasks to queue
[2024-03-26T16:14:03.828+0000] {logging_mixin.py:188} INFO - [2024-03-26T16:14:03.827+0000] {dagbag.py:540} INFO - Filling up the DagBag from /opt/airflow/dags/test_get_tmd_api.py
[2024-03-26T16:14:03.837+0000] {logging_mixin.py:188} INFO - [2024-03-26T16:14:03.835+0000] {dagbag.py:350} ERROR - Failed to import: /opt/airflow/dags/test_get_tmd_api.py
Traceback (most recent call last):
  File "/home/airflow/.local/lib/python3.8/site-packages/airflow/models/dagbag.py", line 346, in parse
    loader.exec_module(new_module)
  File "<frozen importlib._bootstrap_external>", line 839, in exec_module
  File "<frozen importlib._bootstrap_external>", line 976, in get_code
  File "<frozen importlib._bootstrap_external>", line 906, in source_to_code
  File "<frozen importlib._bootstrap>", line 219, in _call_with_frames_removed
  File "/opt/airflow/dags/test_get_tmd_api.py", line 14
    
    ^
SyntaxError: unexpected EOF while parsing
[2024-03-26T16:14:03.838+0000] {processor.py:842} WARNING - No viable dags retrieved from /opt/airflow/dags/test_get_tmd_api.py
[2024-03-26T16:14:03.895+0000] {processor.py:183} INFO - Processing /opt/airflow/dags/test_get_tmd_api.py took 0.087 seconds
[2024-03-26T16:14:34.410+0000] {processor.py:161} INFO - Started process (PID=44787) to work on /opt/airflow/dags/test_get_tmd_api.py
[2024-03-26T16:14:34.414+0000] {processor.py:830} INFO - Processing file /opt/airflow/dags/test_get_tmd_api.py for tasks to queue
[2024-03-26T16:14:34.417+0000] {logging_mixin.py:188} INFO - [2024-03-26T16:14:34.416+0000] {dagbag.py:540} INFO - Filling up the DagBag from /opt/airflow/dags/test_get_tmd_api.py
[2024-03-26T16:14:34.426+0000] {logging_mixin.py:188} INFO - [2024-03-26T16:14:34.423+0000] {dagbag.py:350} ERROR - Failed to import: /opt/airflow/dags/test_get_tmd_api.py
Traceback (most recent call last):
  File "/home/airflow/.local/lib/python3.8/site-packages/airflow/models/dagbag.py", line 346, in parse
    loader.exec_module(new_module)
  File "<frozen importlib._bootstrap_external>", line 839, in exec_module
  File "<frozen importlib._bootstrap_external>", line 976, in get_code
  File "<frozen importlib._bootstrap_external>", line 906, in source_to_code
  File "<frozen importlib._bootstrap>", line 219, in _call_with_frames_removed
  File "/opt/airflow/dags/test_get_tmd_api.py", line 14
    
    ^
SyntaxError: unexpected EOF while parsing
[2024-03-26T16:14:34.427+0000] {processor.py:842} WARNING - No viable dags retrieved from /opt/airflow/dags/test_get_tmd_api.py
[2024-03-26T16:14:34.480+0000] {processor.py:183} INFO - Processing /opt/airflow/dags/test_get_tmd_api.py took 0.083 seconds
[2024-03-26T16:15:04.931+0000] {processor.py:161} INFO - Started process (PID=44810) to work on /opt/airflow/dags/test_get_tmd_api.py
[2024-03-26T16:15:04.933+0000] {processor.py:830} INFO - Processing file /opt/airflow/dags/test_get_tmd_api.py for tasks to queue
[2024-03-26T16:15:04.936+0000] {logging_mixin.py:188} INFO - [2024-03-26T16:15:04.935+0000] {dagbag.py:540} INFO - Filling up the DagBag from /opt/airflow/dags/test_get_tmd_api.py
[2024-03-26T16:15:04.945+0000] {logging_mixin.py:188} INFO - [2024-03-26T16:15:04.943+0000] {dagbag.py:350} ERROR - Failed to import: /opt/airflow/dags/test_get_tmd_api.py
Traceback (most recent call last):
  File "/home/airflow/.local/lib/python3.8/site-packages/airflow/models/dagbag.py", line 346, in parse
    loader.exec_module(new_module)
  File "<frozen importlib._bootstrap_external>", line 839, in exec_module
  File "<frozen importlib._bootstrap_external>", line 976, in get_code
  File "<frozen importlib._bootstrap_external>", line 906, in source_to_code
  File "<frozen importlib._bootstrap>", line 219, in _call_with_frames_removed
  File "/opt/airflow/dags/test_get_tmd_api.py", line 14
    
    ^
SyntaxError: unexpected EOF while parsing
[2024-03-26T16:15:04.946+0000] {processor.py:842} WARNING - No viable dags retrieved from /opt/airflow/dags/test_get_tmd_api.py
[2024-03-26T16:15:05.001+0000] {processor.py:183} INFO - Processing /opt/airflow/dags/test_get_tmd_api.py took 0.080 seconds
[2024-03-26T16:15:35.437+0000] {processor.py:161} INFO - Started process (PID=44831) to work on /opt/airflow/dags/test_get_tmd_api.py
[2024-03-26T16:15:35.441+0000] {processor.py:830} INFO - Processing file /opt/airflow/dags/test_get_tmd_api.py for tasks to queue
[2024-03-26T16:15:35.443+0000] {logging_mixin.py:188} INFO - [2024-03-26T16:15:35.442+0000] {dagbag.py:540} INFO - Filling up the DagBag from /opt/airflow/dags/test_get_tmd_api.py
[2024-03-26T16:15:35.452+0000] {logging_mixin.py:188} INFO - [2024-03-26T16:15:35.450+0000] {dagbag.py:350} ERROR - Failed to import: /opt/airflow/dags/test_get_tmd_api.py
Traceback (most recent call last):
  File "/home/airflow/.local/lib/python3.8/site-packages/airflow/models/dagbag.py", line 346, in parse
    loader.exec_module(new_module)
  File "<frozen importlib._bootstrap_external>", line 839, in exec_module
  File "<frozen importlib._bootstrap_external>", line 976, in get_code
  File "<frozen importlib._bootstrap_external>", line 906, in source_to_code
  File "<frozen importlib._bootstrap>", line 219, in _call_with_frames_removed
  File "/opt/airflow/dags/test_get_tmd_api.py", line 14
    
    ^
SyntaxError: unexpected EOF while parsing
[2024-03-26T16:15:35.454+0000] {processor.py:842} WARNING - No viable dags retrieved from /opt/airflow/dags/test_get_tmd_api.py
[2024-03-26T16:15:35.507+0000] {processor.py:183} INFO - Processing /opt/airflow/dags/test_get_tmd_api.py took 0.083 seconds
[2024-03-26T16:16:05.962+0000] {processor.py:161} INFO - Started process (PID=44853) to work on /opt/airflow/dags/test_get_tmd_api.py
[2024-03-26T16:16:05.965+0000] {processor.py:830} INFO - Processing file /opt/airflow/dags/test_get_tmd_api.py for tasks to queue
[2024-03-26T16:16:05.968+0000] {logging_mixin.py:188} INFO - [2024-03-26T16:16:05.967+0000] {dagbag.py:540} INFO - Filling up the DagBag from /opt/airflow/dags/test_get_tmd_api.py
[2024-03-26T16:16:05.977+0000] {logging_mixin.py:188} INFO - [2024-03-26T16:16:05.974+0000] {dagbag.py:350} ERROR - Failed to import: /opt/airflow/dags/test_get_tmd_api.py
Traceback (most recent call last):
  File "/home/airflow/.local/lib/python3.8/site-packages/airflow/models/dagbag.py", line 346, in parse
    loader.exec_module(new_module)
  File "<frozen importlib._bootstrap_external>", line 839, in exec_module
  File "<frozen importlib._bootstrap_external>", line 976, in get_code
  File "<frozen importlib._bootstrap_external>", line 906, in source_to_code
  File "<frozen importlib._bootstrap>", line 219, in _call_with_frames_removed
  File "/opt/airflow/dags/test_get_tmd_api.py", line 14
    
    ^
SyntaxError: unexpected EOF while parsing
[2024-03-26T16:16:05.978+0000] {processor.py:842} WARNING - No viable dags retrieved from /opt/airflow/dags/test_get_tmd_api.py
[2024-03-26T16:16:06.030+0000] {processor.py:183} INFO - Processing /opt/airflow/dags/test_get_tmd_api.py took 0.081 seconds
[2024-03-26T16:16:36.617+0000] {processor.py:161} INFO - Started process (PID=44874) to work on /opt/airflow/dags/test_get_tmd_api.py
[2024-03-26T16:16:36.620+0000] {processor.py:830} INFO - Processing file /opt/airflow/dags/test_get_tmd_api.py for tasks to queue
[2024-03-26T16:16:36.623+0000] {logging_mixin.py:188} INFO - [2024-03-26T16:16:36.622+0000] {dagbag.py:540} INFO - Filling up the DagBag from /opt/airflow/dags/test_get_tmd_api.py
[2024-03-26T16:16:36.634+0000] {logging_mixin.py:188} INFO - [2024-03-26T16:16:36.630+0000] {dagbag.py:350} ERROR - Failed to import: /opt/airflow/dags/test_get_tmd_api.py
Traceback (most recent call last):
  File "/home/airflow/.local/lib/python3.8/site-packages/airflow/models/dagbag.py", line 346, in parse
    loader.exec_module(new_module)
  File "<frozen importlib._bootstrap_external>", line 839, in exec_module
  File "<frozen importlib._bootstrap_external>", line 976, in get_code
  File "<frozen importlib._bootstrap_external>", line 906, in source_to_code
  File "<frozen importlib._bootstrap>", line 219, in _call_with_frames_removed
  File "/opt/airflow/dags/test_get_tmd_api.py", line 14
    
    ^
SyntaxError: unexpected EOF while parsing
[2024-03-26T16:16:36.636+0000] {processor.py:842} WARNING - No viable dags retrieved from /opt/airflow/dags/test_get_tmd_api.py
[2024-03-26T16:16:36.688+0000] {processor.py:183} INFO - Processing /opt/airflow/dags/test_get_tmd_api.py took 0.082 seconds
[2024-03-26T16:17:07.165+0000] {processor.py:161} INFO - Started process (PID=44895) to work on /opt/airflow/dags/test_get_tmd_api.py
[2024-03-26T16:17:07.169+0000] {processor.py:830} INFO - Processing file /opt/airflow/dags/test_get_tmd_api.py for tasks to queue
[2024-03-26T16:17:07.172+0000] {logging_mixin.py:188} INFO - [2024-03-26T16:17:07.170+0000] {dagbag.py:540} INFO - Filling up the DagBag from /opt/airflow/dags/test_get_tmd_api.py
[2024-03-26T16:17:07.180+0000] {logging_mixin.py:188} INFO - [2024-03-26T16:17:07.178+0000] {dagbag.py:350} ERROR - Failed to import: /opt/airflow/dags/test_get_tmd_api.py
Traceback (most recent call last):
  File "/home/airflow/.local/lib/python3.8/site-packages/airflow/models/dagbag.py", line 346, in parse
    loader.exec_module(new_module)
  File "<frozen importlib._bootstrap_external>", line 839, in exec_module
  File "<frozen importlib._bootstrap_external>", line 976, in get_code
  File "<frozen importlib._bootstrap_external>", line 906, in source_to_code
  File "<frozen importlib._bootstrap>", line 219, in _call_with_frames_removed
  File "/opt/airflow/dags/test_get_tmd_api.py", line 14
    
    ^
SyntaxError: unexpected EOF while parsing
[2024-03-26T16:17:07.181+0000] {processor.py:842} WARNING - No viable dags retrieved from /opt/airflow/dags/test_get_tmd_api.py
[2024-03-26T16:17:07.234+0000] {processor.py:183} INFO - Processing /opt/airflow/dags/test_get_tmd_api.py took 0.082 seconds
[2024-03-26T16:17:37.692+0000] {processor.py:161} INFO - Started process (PID=44916) to work on /opt/airflow/dags/test_get_tmd_api.py
[2024-03-26T16:17:37.696+0000] {processor.py:830} INFO - Processing file /opt/airflow/dags/test_get_tmd_api.py for tasks to queue
[2024-03-26T16:17:37.699+0000] {logging_mixin.py:188} INFO - [2024-03-26T16:17:37.698+0000] {dagbag.py:540} INFO - Filling up the DagBag from /opt/airflow/dags/test_get_tmd_api.py
[2024-03-26T16:17:37.708+0000] {logging_mixin.py:188} INFO - [2024-03-26T16:17:37.706+0000] {dagbag.py:350} ERROR - Failed to import: /opt/airflow/dags/test_get_tmd_api.py
Traceback (most recent call last):
  File "/home/airflow/.local/lib/python3.8/site-packages/airflow/models/dagbag.py", line 346, in parse
    loader.exec_module(new_module)
  File "<frozen importlib._bootstrap_external>", line 839, in exec_module
  File "<frozen importlib._bootstrap_external>", line 976, in get_code
  File "<frozen importlib._bootstrap_external>", line 906, in source_to_code
  File "<frozen importlib._bootstrap>", line 219, in _call_with_frames_removed
  File "/opt/airflow/dags/test_get_tmd_api.py", line 14
    
    ^
SyntaxError: unexpected EOF while parsing
[2024-03-26T16:17:37.710+0000] {processor.py:842} WARNING - No viable dags retrieved from /opt/airflow/dags/test_get_tmd_api.py
[2024-03-26T16:17:37.762+0000] {processor.py:183} INFO - Processing /opt/airflow/dags/test_get_tmd_api.py took 0.084 seconds
[2024-03-26T16:17:47.816+0000] {processor.py:161} INFO - Started process (PID=44921) to work on /opt/airflow/dags/test_get_tmd_api.py
[2024-03-26T16:17:47.819+0000] {processor.py:830} INFO - Processing file /opt/airflow/dags/test_get_tmd_api.py for tasks to queue
[2024-03-26T16:17:47.823+0000] {logging_mixin.py:188} INFO - [2024-03-26T16:17:47.821+0000] {dagbag.py:540} INFO - Filling up the DagBag from /opt/airflow/dags/test_get_tmd_api.py
[2024-03-26T16:17:47.837+0000] {logging_mixin.py:188} INFO - [2024-03-26T16:17:47.834+0000] {dagbag.py:350} ERROR - Failed to import: /opt/airflow/dags/test_get_tmd_api.py
Traceback (most recent call last):
  File "/home/airflow/.local/lib/python3.8/site-packages/airflow/models/dagbag.py", line 346, in parse
    loader.exec_module(new_module)
  File "<frozen importlib._bootstrap_external>", line 843, in exec_module
  File "<frozen importlib._bootstrap>", line 219, in _call_with_frames_removed
  File "/opt/airflow/dags/test_get_tmd_api.py", line 17, in <module>
    python_callable=_get_data_api,
NameError: name '_get_data_api' is not defined
[2024-03-26T16:17:47.838+0000] {processor.py:842} WARNING - No viable dags retrieved from /opt/airflow/dags/test_get_tmd_api.py
[2024-03-26T16:17:47.894+0000] {processor.py:183} INFO - Processing /opt/airflow/dags/test_get_tmd_api.py took 0.094 seconds
[2024-03-26T16:18:18.405+0000] {processor.py:161} INFO - Started process (PID=44943) to work on /opt/airflow/dags/test_get_tmd_api.py
[2024-03-26T16:18:18.414+0000] {processor.py:830} INFO - Processing file /opt/airflow/dags/test_get_tmd_api.py for tasks to queue
[2024-03-26T16:18:18.417+0000] {logging_mixin.py:188} INFO - [2024-03-26T16:18:18.416+0000] {dagbag.py:540} INFO - Filling up the DagBag from /opt/airflow/dags/test_get_tmd_api.py
[2024-03-26T16:18:18.432+0000] {logging_mixin.py:188} INFO - [2024-03-26T16:18:18.429+0000] {dagbag.py:350} ERROR - Failed to import: /opt/airflow/dags/test_get_tmd_api.py
Traceback (most recent call last):
  File "/home/airflow/.local/lib/python3.8/site-packages/airflow/models/dagbag.py", line 346, in parse
    loader.exec_module(new_module)
  File "<frozen importlib._bootstrap_external>", line 843, in exec_module
  File "<frozen importlib._bootstrap>", line 219, in _call_with_frames_removed
  File "/opt/airflow/dags/test_get_tmd_api.py", line 17, in <module>
    python_callable=_get_data_api,
NameError: name '_get_data_api' is not defined
[2024-03-26T16:18:18.435+0000] {processor.py:842} WARNING - No viable dags retrieved from /opt/airflow/dags/test_get_tmd_api.py
[2024-03-26T16:18:18.494+0000] {processor.py:183} INFO - Processing /opt/airflow/dags/test_get_tmd_api.py took 0.101 seconds
[2024-03-26T16:18:48.995+0000] {processor.py:161} INFO - Started process (PID=44964) to work on /opt/airflow/dags/test_get_tmd_api.py
[2024-03-26T16:18:48.998+0000] {processor.py:830} INFO - Processing file /opt/airflow/dags/test_get_tmd_api.py for tasks to queue
[2024-03-26T16:18:49.001+0000] {logging_mixin.py:188} INFO - [2024-03-26T16:18:49.000+0000] {dagbag.py:540} INFO - Filling up the DagBag from /opt/airflow/dags/test_get_tmd_api.py
[2024-03-26T16:18:49.014+0000] {logging_mixin.py:188} INFO - [2024-03-26T16:18:49.012+0000] {dagbag.py:350} ERROR - Failed to import: /opt/airflow/dags/test_get_tmd_api.py
Traceback (most recent call last):
  File "/home/airflow/.local/lib/python3.8/site-packages/airflow/models/dagbag.py", line 346, in parse
    loader.exec_module(new_module)
  File "<frozen importlib._bootstrap_external>", line 843, in exec_module
  File "<frozen importlib._bootstrap>", line 219, in _call_with_frames_removed
  File "/opt/airflow/dags/test_get_tmd_api.py", line 17, in <module>
    python_callable=_get_data_api,
NameError: name '_get_data_api' is not defined
[2024-03-26T16:18:49.015+0000] {processor.py:842} WARNING - No viable dags retrieved from /opt/airflow/dags/test_get_tmd_api.py
[2024-03-26T16:18:49.070+0000] {processor.py:183} INFO - Processing /opt/airflow/dags/test_get_tmd_api.py took 0.086 seconds
[2024-03-26T16:19:19.544+0000] {processor.py:161} INFO - Started process (PID=44985) to work on /opt/airflow/dags/test_get_tmd_api.py
[2024-03-26T16:19:19.547+0000] {processor.py:830} INFO - Processing file /opt/airflow/dags/test_get_tmd_api.py for tasks to queue
[2024-03-26T16:19:19.550+0000] {logging_mixin.py:188} INFO - [2024-03-26T16:19:19.549+0000] {dagbag.py:540} INFO - Filling up the DagBag from /opt/airflow/dags/test_get_tmd_api.py
[2024-03-26T16:19:19.563+0000] {logging_mixin.py:188} INFO - [2024-03-26T16:19:19.560+0000] {dagbag.py:350} ERROR - Failed to import: /opt/airflow/dags/test_get_tmd_api.py
Traceback (most recent call last):
  File "/home/airflow/.local/lib/python3.8/site-packages/airflow/models/dagbag.py", line 346, in parse
    loader.exec_module(new_module)
  File "<frozen importlib._bootstrap_external>", line 843, in exec_module
  File "<frozen importlib._bootstrap>", line 219, in _call_with_frames_removed
  File "/opt/airflow/dags/test_get_tmd_api.py", line 17, in <module>
    python_callable=_get_data_api,
NameError: name '_get_data_api' is not defined
[2024-03-26T16:19:19.564+0000] {processor.py:842} WARNING - No viable dags retrieved from /opt/airflow/dags/test_get_tmd_api.py
[2024-03-26T16:19:19.618+0000] {processor.py:183} INFO - Processing /opt/airflow/dags/test_get_tmd_api.py took 0.084 seconds
[2024-03-26T16:19:50.086+0000] {processor.py:161} INFO - Started process (PID=45006) to work on /opt/airflow/dags/test_get_tmd_api.py
[2024-03-26T16:19:50.090+0000] {processor.py:830} INFO - Processing file /opt/airflow/dags/test_get_tmd_api.py for tasks to queue
[2024-03-26T16:19:50.094+0000] {logging_mixin.py:188} INFO - [2024-03-26T16:19:50.093+0000] {dagbag.py:540} INFO - Filling up the DagBag from /opt/airflow/dags/test_get_tmd_api.py
[2024-03-26T16:19:50.109+0000] {logging_mixin.py:188} INFO - [2024-03-26T16:19:50.106+0000] {dagbag.py:350} ERROR - Failed to import: /opt/airflow/dags/test_get_tmd_api.py
Traceback (most recent call last):
  File "/home/airflow/.local/lib/python3.8/site-packages/airflow/models/dagbag.py", line 346, in parse
    loader.exec_module(new_module)
  File "<frozen importlib._bootstrap_external>", line 843, in exec_module
  File "<frozen importlib._bootstrap>", line 219, in _call_with_frames_removed
  File "/opt/airflow/dags/test_get_tmd_api.py", line 17, in <module>
    python_callable=_get_data_api,
NameError: name '_get_data_api' is not defined
[2024-03-26T16:19:50.110+0000] {processor.py:842} WARNING - No viable dags retrieved from /opt/airflow/dags/test_get_tmd_api.py
[2024-03-26T16:19:50.164+0000] {processor.py:183} INFO - Processing /opt/airflow/dags/test_get_tmd_api.py took 0.088 seconds
[2024-03-26T16:20:20.612+0000] {processor.py:161} INFO - Started process (PID=45027) to work on /opt/airflow/dags/test_get_tmd_api.py
[2024-03-26T16:20:20.616+0000] {processor.py:830} INFO - Processing file /opt/airflow/dags/test_get_tmd_api.py for tasks to queue
[2024-03-26T16:20:20.618+0000] {logging_mixin.py:188} INFO - [2024-03-26T16:20:20.617+0000] {dagbag.py:540} INFO - Filling up the DagBag from /opt/airflow/dags/test_get_tmd_api.py
[2024-03-26T16:20:20.631+0000] {logging_mixin.py:188} INFO - [2024-03-26T16:20:20.629+0000] {dagbag.py:350} ERROR - Failed to import: /opt/airflow/dags/test_get_tmd_api.py
Traceback (most recent call last):
  File "/home/airflow/.local/lib/python3.8/site-packages/airflow/models/dagbag.py", line 346, in parse
    loader.exec_module(new_module)
  File "<frozen importlib._bootstrap_external>", line 843, in exec_module
  File "<frozen importlib._bootstrap>", line 219, in _call_with_frames_removed
  File "/opt/airflow/dags/test_get_tmd_api.py", line 17, in <module>
    python_callable=_get_data_api,
NameError: name '_get_data_api' is not defined
[2024-03-26T16:20:20.633+0000] {processor.py:842} WARNING - No viable dags retrieved from /opt/airflow/dags/test_get_tmd_api.py
[2024-03-26T16:20:20.687+0000] {processor.py:183} INFO - Processing /opt/airflow/dags/test_get_tmd_api.py took 0.086 seconds
[2024-03-26T16:20:44.081+0000] {processor.py:161} INFO - Started process (PID=45048) to work on /opt/airflow/dags/test_get_tmd_api.py
[2024-03-26T16:20:44.084+0000] {processor.py:830} INFO - Processing file /opt/airflow/dags/test_get_tmd_api.py for tasks to queue
[2024-03-26T16:20:44.087+0000] {logging_mixin.py:188} INFO - [2024-03-26T16:20:44.086+0000] {dagbag.py:540} INFO - Filling up the DagBag from /opt/airflow/dags/test_get_tmd_api.py
[2024-03-26T16:20:44.115+0000] {logging_mixin.py:188} INFO - [2024-03-26T16:20:44.104+0000] {dagbag.py:447} ERROR - Failed to bag_dag: /opt/airflow/dags/test_get_tmd_api.py
Traceback (most recent call last):
  File "/home/airflow/.local/lib/python3.8/site-packages/airflow/timetables/_cron.py", line 100, in validate
    croniter(self._expression)
  File "/home/airflow/.local/lib/python3.8/site-packages/croniter/croniter.py", line 187, in __init__
    self.expanded, self.nth_weekday_of_month = self.expand(expr_format, hash_id=hash_id)
  File "/home/airflow/.local/lib/python3.8/site-packages/croniter/croniter.py", line 813, in expand
    return cls._expand(expr_format, hash_id=hash_id)
  File "/home/airflow/.local/lib/python3.8/site-packages/croniter/croniter.py", line 659, in _expand
    raise CroniterBadCronError(cls.bad_length)
croniter.croniter.CroniterBadCronError: Exactly 5 or 6 columns has to be specified for iterator expression.

During handling of the above exception, another exception occurred:

Traceback (most recent call last):
  File "/home/airflow/.local/lib/python3.8/site-packages/airflow/models/dagbag.py", line 442, in _process_modules
    dag.validate()
  File "/home/airflow/.local/lib/python3.8/site-packages/airflow/models/dag.py", line 740, in validate
    self.timetable.validate()
  File "/home/airflow/.local/lib/python3.8/site-packages/airflow/timetables/_cron.py", line 102, in validate
    raise AirflowTimetableInvalid(str(e))
airflow.exceptions.AirflowTimetableInvalid: Exactly 5 or 6 columns has to be specified for iterator expression.
[2024-03-26T16:20:44.116+0000] {processor.py:842} WARNING - No viable dags retrieved from /opt/airflow/dags/test_get_tmd_api.py
[2024-03-26T16:20:44.175+0000] {processor.py:183} INFO - Processing /opt/airflow/dags/test_get_tmd_api.py took 0.105 seconds
[2024-03-26T16:21:03.524+0000] {processor.py:161} INFO - Started process (PID=45063) to work on /opt/airflow/dags/test_get_tmd_api.py
[2024-03-26T16:21:03.527+0000] {processor.py:830} INFO - Processing file /opt/airflow/dags/test_get_tmd_api.py for tasks to queue
[2024-03-26T16:21:03.530+0000] {logging_mixin.py:188} INFO - [2024-03-26T16:21:03.529+0000] {dagbag.py:540} INFO - Filling up the DagBag from /opt/airflow/dags/test_get_tmd_api.py
[2024-03-26T16:21:03.555+0000] {logging_mixin.py:188} INFO - [2024-03-26T16:21:03.548+0000] {dagbag.py:447} ERROR - Failed to bag_dag: /opt/airflow/dags/test_get_tmd_api.py
Traceback (most recent call last):
  File "/home/airflow/.local/lib/python3.8/site-packages/airflow/timetables/_cron.py", line 100, in validate
    croniter(self._expression)
  File "/home/airflow/.local/lib/python3.8/site-packages/croniter/croniter.py", line 187, in __init__
    self.expanded, self.nth_weekday_of_month = self.expand(expr_format, hash_id=hash_id)
  File "/home/airflow/.local/lib/python3.8/site-packages/croniter/croniter.py", line 813, in expand
    return cls._expand(expr_format, hash_id=hash_id)
  File "/home/airflow/.local/lib/python3.8/site-packages/croniter/croniter.py", line 659, in _expand
    raise CroniterBadCronError(cls.bad_length)
croniter.croniter.CroniterBadCronError: Exactly 5 or 6 columns has to be specified for iterator expression.

During handling of the above exception, another exception occurred:

Traceback (most recent call last):
  File "/home/airflow/.local/lib/python3.8/site-packages/airflow/models/dagbag.py", line 442, in _process_modules
    dag.validate()
  File "/home/airflow/.local/lib/python3.8/site-packages/airflow/models/dag.py", line 740, in validate
    self.timetable.validate()
  File "/home/airflow/.local/lib/python3.8/site-packages/airflow/timetables/_cron.py", line 102, in validate
    raise AirflowTimetableInvalid(str(e))
airflow.exceptions.AirflowTimetableInvalid: Exactly 5 or 6 columns has to be specified for iterator expression.
[2024-03-26T16:21:03.556+0000] {processor.py:842} WARNING - No viable dags retrieved from /opt/airflow/dags/test_get_tmd_api.py
[2024-03-26T16:21:03.618+0000] {processor.py:183} INFO - Processing /opt/airflow/dags/test_get_tmd_api.py took 0.105 seconds
[2024-03-26T16:21:21.810+0000] {processor.py:161} INFO - Started process (PID=45074) to work on /opt/airflow/dags/test_get_tmd_api.py
[2024-03-26T16:21:21.814+0000] {processor.py:830} INFO - Processing file /opt/airflow/dags/test_get_tmd_api.py for tasks to queue
[2024-03-26T16:21:21.818+0000] {logging_mixin.py:188} INFO - [2024-03-26T16:21:21.816+0000] {dagbag.py:540} INFO - Filling up the DagBag from /opt/airflow/dags/test_get_tmd_api.py
[2024-03-26T16:21:21.845+0000] {logging_mixin.py:188} INFO - [2024-03-26T16:21:21.838+0000] {dagbag.py:447} ERROR - Failed to bag_dag: /opt/airflow/dags/test_get_tmd_api.py
Traceback (most recent call last):
  File "/home/airflow/.local/lib/python3.8/site-packages/airflow/timetables/_cron.py", line 100, in validate
    croniter(self._expression)
  File "/home/airflow/.local/lib/python3.8/site-packages/croniter/croniter.py", line 187, in __init__
    self.expanded, self.nth_weekday_of_month = self.expand(expr_format, hash_id=hash_id)
  File "/home/airflow/.local/lib/python3.8/site-packages/croniter/croniter.py", line 813, in expand
    return cls._expand(expr_format, hash_id=hash_id)
  File "/home/airflow/.local/lib/python3.8/site-packages/croniter/croniter.py", line 659, in _expand
    raise CroniterBadCronError(cls.bad_length)
croniter.croniter.CroniterBadCronError: Exactly 5 or 6 columns has to be specified for iterator expression.

During handling of the above exception, another exception occurred:

Traceback (most recent call last):
  File "/home/airflow/.local/lib/python3.8/site-packages/airflow/models/dagbag.py", line 442, in _process_modules
    dag.validate()
  File "/home/airflow/.local/lib/python3.8/site-packages/airflow/models/dag.py", line 740, in validate
    self.timetable.validate()
  File "/home/airflow/.local/lib/python3.8/site-packages/airflow/timetables/_cron.py", line 102, in validate
    raise AirflowTimetableInvalid(str(e))
airflow.exceptions.AirflowTimetableInvalid: Exactly 5 or 6 columns has to be specified for iterator expression.
[2024-03-26T16:21:21.846+0000] {processor.py:842} WARNING - No viable dags retrieved from /opt/airflow/dags/test_get_tmd_api.py
[2024-03-26T16:21:21.899+0000] {processor.py:183} INFO - Processing /opt/airflow/dags/test_get_tmd_api.py took 0.099 seconds
[2024-03-26T16:21:52.345+0000] {processor.py:161} INFO - Started process (PID=45095) to work on /opt/airflow/dags/test_get_tmd_api.py
[2024-03-26T16:21:52.348+0000] {processor.py:830} INFO - Processing file /opt/airflow/dags/test_get_tmd_api.py for tasks to queue
[2024-03-26T16:21:52.351+0000] {logging_mixin.py:188} INFO - [2024-03-26T16:21:52.350+0000] {dagbag.py:540} INFO - Filling up the DagBag from /opt/airflow/dags/test_get_tmd_api.py
[2024-03-26T16:21:52.371+0000] {logging_mixin.py:188} INFO - [2024-03-26T16:21:52.364+0000] {dagbag.py:447} ERROR - Failed to bag_dag: /opt/airflow/dags/test_get_tmd_api.py
Traceback (most recent call last):
  File "/home/airflow/.local/lib/python3.8/site-packages/airflow/timetables/_cron.py", line 100, in validate
    croniter(self._expression)
  File "/home/airflow/.local/lib/python3.8/site-packages/croniter/croniter.py", line 187, in __init__
    self.expanded, self.nth_weekday_of_month = self.expand(expr_format, hash_id=hash_id)
  File "/home/airflow/.local/lib/python3.8/site-packages/croniter/croniter.py", line 813, in expand
    return cls._expand(expr_format, hash_id=hash_id)
  File "/home/airflow/.local/lib/python3.8/site-packages/croniter/croniter.py", line 659, in _expand
    raise CroniterBadCronError(cls.bad_length)
croniter.croniter.CroniterBadCronError: Exactly 5 or 6 columns has to be specified for iterator expression.

During handling of the above exception, another exception occurred:

Traceback (most recent call last):
  File "/home/airflow/.local/lib/python3.8/site-packages/airflow/models/dagbag.py", line 442, in _process_modules
    dag.validate()
  File "/home/airflow/.local/lib/python3.8/site-packages/airflow/models/dag.py", line 740, in validate
    self.timetable.validate()
  File "/home/airflow/.local/lib/python3.8/site-packages/airflow/timetables/_cron.py", line 102, in validate
    raise AirflowTimetableInvalid(str(e))
airflow.exceptions.AirflowTimetableInvalid: Exactly 5 or 6 columns has to be specified for iterator expression.
[2024-03-26T16:21:52.372+0000] {processor.py:842} WARNING - No viable dags retrieved from /opt/airflow/dags/test_get_tmd_api.py
[2024-03-26T16:21:52.425+0000] {processor.py:183} INFO - Processing /opt/airflow/dags/test_get_tmd_api.py took 0.091 seconds
[2024-03-26T16:22:22.871+0000] {processor.py:161} INFO - Started process (PID=45116) to work on /opt/airflow/dags/test_get_tmd_api.py
[2024-03-26T16:22:22.875+0000] {processor.py:830} INFO - Processing file /opt/airflow/dags/test_get_tmd_api.py for tasks to queue
[2024-03-26T16:22:22.878+0000] {logging_mixin.py:188} INFO - [2024-03-26T16:22:22.877+0000] {dagbag.py:540} INFO - Filling up the DagBag from /opt/airflow/dags/test_get_tmd_api.py
[2024-03-26T16:22:22.902+0000] {logging_mixin.py:188} INFO - [2024-03-26T16:22:22.895+0000] {dagbag.py:447} ERROR - Failed to bag_dag: /opt/airflow/dags/test_get_tmd_api.py
Traceback (most recent call last):
  File "/home/airflow/.local/lib/python3.8/site-packages/airflow/timetables/_cron.py", line 100, in validate
    croniter(self._expression)
  File "/home/airflow/.local/lib/python3.8/site-packages/croniter/croniter.py", line 187, in __init__
    self.expanded, self.nth_weekday_of_month = self.expand(expr_format, hash_id=hash_id)
  File "/home/airflow/.local/lib/python3.8/site-packages/croniter/croniter.py", line 813, in expand
    return cls._expand(expr_format, hash_id=hash_id)
  File "/home/airflow/.local/lib/python3.8/site-packages/croniter/croniter.py", line 659, in _expand
    raise CroniterBadCronError(cls.bad_length)
croniter.croniter.CroniterBadCronError: Exactly 5 or 6 columns has to be specified for iterator expression.

During handling of the above exception, another exception occurred:

Traceback (most recent call last):
  File "/home/airflow/.local/lib/python3.8/site-packages/airflow/models/dagbag.py", line 442, in _process_modules
    dag.validate()
  File "/home/airflow/.local/lib/python3.8/site-packages/airflow/models/dag.py", line 740, in validate
    self.timetable.validate()
  File "/home/airflow/.local/lib/python3.8/site-packages/airflow/timetables/_cron.py", line 102, in validate
    raise AirflowTimetableInvalid(str(e))
airflow.exceptions.AirflowTimetableInvalid: Exactly 5 or 6 columns has to be specified for iterator expression.
[2024-03-26T16:22:22.904+0000] {processor.py:842} WARNING - No viable dags retrieved from /opt/airflow/dags/test_get_tmd_api.py
[2024-03-26T16:22:22.966+0000] {processor.py:183} INFO - Processing /opt/airflow/dags/test_get_tmd_api.py took 0.106 seconds
[2024-03-26T16:22:53.623+0000] {processor.py:161} INFO - Started process (PID=45137) to work on /opt/airflow/dags/test_get_tmd_api.py
[2024-03-26T16:22:53.628+0000] {processor.py:830} INFO - Processing file /opt/airflow/dags/test_get_tmd_api.py for tasks to queue
[2024-03-26T16:22:53.632+0000] {logging_mixin.py:188} INFO - [2024-03-26T16:22:53.630+0000] {dagbag.py:540} INFO - Filling up the DagBag from /opt/airflow/dags/test_get_tmd_api.py
[2024-03-26T16:22:53.655+0000] {logging_mixin.py:188} INFO - [2024-03-26T16:22:53.648+0000] {dagbag.py:447} ERROR - Failed to bag_dag: /opt/airflow/dags/test_get_tmd_api.py
Traceback (most recent call last):
  File "/home/airflow/.local/lib/python3.8/site-packages/airflow/timetables/_cron.py", line 100, in validate
    croniter(self._expression)
  File "/home/airflow/.local/lib/python3.8/site-packages/croniter/croniter.py", line 187, in __init__
    self.expanded, self.nth_weekday_of_month = self.expand(expr_format, hash_id=hash_id)
  File "/home/airflow/.local/lib/python3.8/site-packages/croniter/croniter.py", line 813, in expand
    return cls._expand(expr_format, hash_id=hash_id)
  File "/home/airflow/.local/lib/python3.8/site-packages/croniter/croniter.py", line 659, in _expand
    raise CroniterBadCronError(cls.bad_length)
croniter.croniter.CroniterBadCronError: Exactly 5 or 6 columns has to be specified for iterator expression.

During handling of the above exception, another exception occurred:

Traceback (most recent call last):
  File "/home/airflow/.local/lib/python3.8/site-packages/airflow/models/dagbag.py", line 442, in _process_modules
    dag.validate()
  File "/home/airflow/.local/lib/python3.8/site-packages/airflow/models/dag.py", line 740, in validate
    self.timetable.validate()
  File "/home/airflow/.local/lib/python3.8/site-packages/airflow/timetables/_cron.py", line 102, in validate
    raise AirflowTimetableInvalid(str(e))
airflow.exceptions.AirflowTimetableInvalid: Exactly 5 or 6 columns has to be specified for iterator expression.
[2024-03-26T16:22:53.657+0000] {processor.py:842} WARNING - No viable dags retrieved from /opt/airflow/dags/test_get_tmd_api.py
[2024-03-26T16:22:53.717+0000] {processor.py:183} INFO - Processing /opt/airflow/dags/test_get_tmd_api.py took 0.106 seconds
[2024-03-26T16:23:24.213+0000] {processor.py:161} INFO - Started process (PID=45158) to work on /opt/airflow/dags/test_get_tmd_api.py
[2024-03-26T16:23:24.216+0000] {processor.py:830} INFO - Processing file /opt/airflow/dags/test_get_tmd_api.py for tasks to queue
[2024-03-26T16:23:24.219+0000] {logging_mixin.py:188} INFO - [2024-03-26T16:23:24.218+0000] {dagbag.py:540} INFO - Filling up the DagBag from /opt/airflow/dags/test_get_tmd_api.py
[2024-03-26T16:23:24.248+0000] {logging_mixin.py:188} INFO - [2024-03-26T16:23:24.234+0000] {dagbag.py:447} ERROR - Failed to bag_dag: /opt/airflow/dags/test_get_tmd_api.py
Traceback (most recent call last):
  File "/home/airflow/.local/lib/python3.8/site-packages/airflow/timetables/_cron.py", line 100, in validate
    croniter(self._expression)
  File "/home/airflow/.local/lib/python3.8/site-packages/croniter/croniter.py", line 187, in __init__
    self.expanded, self.nth_weekday_of_month = self.expand(expr_format, hash_id=hash_id)
  File "/home/airflow/.local/lib/python3.8/site-packages/croniter/croniter.py", line 813, in expand
    return cls._expand(expr_format, hash_id=hash_id)
  File "/home/airflow/.local/lib/python3.8/site-packages/croniter/croniter.py", line 659, in _expand
    raise CroniterBadCronError(cls.bad_length)
croniter.croniter.CroniterBadCronError: Exactly 5 or 6 columns has to be specified for iterator expression.

During handling of the above exception, another exception occurred:

Traceback (most recent call last):
  File "/home/airflow/.local/lib/python3.8/site-packages/airflow/models/dagbag.py", line 442, in _process_modules
    dag.validate()
  File "/home/airflow/.local/lib/python3.8/site-packages/airflow/models/dag.py", line 740, in validate
    self.timetable.validate()
  File "/home/airflow/.local/lib/python3.8/site-packages/airflow/timetables/_cron.py", line 102, in validate
    raise AirflowTimetableInvalid(str(e))
airflow.exceptions.AirflowTimetableInvalid: Exactly 5 or 6 columns has to be specified for iterator expression.
[2024-03-26T16:23:24.250+0000] {processor.py:842} WARNING - No viable dags retrieved from /opt/airflow/dags/test_get_tmd_api.py
[2024-03-26T16:23:24.321+0000] {processor.py:183} INFO - Processing /opt/airflow/dags/test_get_tmd_api.py took 0.119 seconds
[2024-03-26T16:23:54.750+0000] {processor.py:161} INFO - Started process (PID=45179) to work on /opt/airflow/dags/test_get_tmd_api.py
[2024-03-26T16:23:54.754+0000] {processor.py:830} INFO - Processing file /opt/airflow/dags/test_get_tmd_api.py for tasks to queue
[2024-03-26T16:23:54.757+0000] {logging_mixin.py:188} INFO - [2024-03-26T16:23:54.756+0000] {dagbag.py:540} INFO - Filling up the DagBag from /opt/airflow/dags/test_get_tmd_api.py
[2024-03-26T16:23:54.780+0000] {logging_mixin.py:188} INFO - [2024-03-26T16:23:54.773+0000] {dagbag.py:447} ERROR - Failed to bag_dag: /opt/airflow/dags/test_get_tmd_api.py
Traceback (most recent call last):
  File "/home/airflow/.local/lib/python3.8/site-packages/airflow/timetables/_cron.py", line 100, in validate
    croniter(self._expression)
  File "/home/airflow/.local/lib/python3.8/site-packages/croniter/croniter.py", line 187, in __init__
    self.expanded, self.nth_weekday_of_month = self.expand(expr_format, hash_id=hash_id)
  File "/home/airflow/.local/lib/python3.8/site-packages/croniter/croniter.py", line 813, in expand
    return cls._expand(expr_format, hash_id=hash_id)
  File "/home/airflow/.local/lib/python3.8/site-packages/croniter/croniter.py", line 659, in _expand
    raise CroniterBadCronError(cls.bad_length)
croniter.croniter.CroniterBadCronError: Exactly 5 or 6 columns has to be specified for iterator expression.

During handling of the above exception, another exception occurred:

Traceback (most recent call last):
  File "/home/airflow/.local/lib/python3.8/site-packages/airflow/models/dagbag.py", line 442, in _process_modules
    dag.validate()
  File "/home/airflow/.local/lib/python3.8/site-packages/airflow/models/dag.py", line 740, in validate
    self.timetable.validate()
  File "/home/airflow/.local/lib/python3.8/site-packages/airflow/timetables/_cron.py", line 102, in validate
    raise AirflowTimetableInvalid(str(e))
airflow.exceptions.AirflowTimetableInvalid: Exactly 5 or 6 columns has to be specified for iterator expression.
[2024-03-26T16:23:54.781+0000] {processor.py:842} WARNING - No viable dags retrieved from /opt/airflow/dags/test_get_tmd_api.py
[2024-03-26T16:23:54.835+0000] {processor.py:183} INFO - Processing /opt/airflow/dags/test_get_tmd_api.py took 0.096 seconds
[2024-03-26T16:24:25.278+0000] {processor.py:161} INFO - Started process (PID=45201) to work on /opt/airflow/dags/test_get_tmd_api.py
[2024-03-26T16:24:25.282+0000] {processor.py:830} INFO - Processing file /opt/airflow/dags/test_get_tmd_api.py for tasks to queue
[2024-03-26T16:24:25.284+0000] {logging_mixin.py:188} INFO - [2024-03-26T16:24:25.283+0000] {dagbag.py:540} INFO - Filling up the DagBag from /opt/airflow/dags/test_get_tmd_api.py
[2024-03-26T16:24:25.306+0000] {logging_mixin.py:188} INFO - [2024-03-26T16:24:25.300+0000] {dagbag.py:447} ERROR - Failed to bag_dag: /opt/airflow/dags/test_get_tmd_api.py
Traceback (most recent call last):
  File "/home/airflow/.local/lib/python3.8/site-packages/airflow/timetables/_cron.py", line 100, in validate
    croniter(self._expression)
  File "/home/airflow/.local/lib/python3.8/site-packages/croniter/croniter.py", line 187, in __init__
    self.expanded, self.nth_weekday_of_month = self.expand(expr_format, hash_id=hash_id)
  File "/home/airflow/.local/lib/python3.8/site-packages/croniter/croniter.py", line 813, in expand
    return cls._expand(expr_format, hash_id=hash_id)
  File "/home/airflow/.local/lib/python3.8/site-packages/croniter/croniter.py", line 659, in _expand
    raise CroniterBadCronError(cls.bad_length)
croniter.croniter.CroniterBadCronError: Exactly 5 or 6 columns has to be specified for iterator expression.

During handling of the above exception, another exception occurred:

Traceback (most recent call last):
  File "/home/airflow/.local/lib/python3.8/site-packages/airflow/models/dagbag.py", line 442, in _process_modules
    dag.validate()
  File "/home/airflow/.local/lib/python3.8/site-packages/airflow/models/dag.py", line 740, in validate
    self.timetable.validate()
  File "/home/airflow/.local/lib/python3.8/site-packages/airflow/timetables/_cron.py", line 102, in validate
    raise AirflowTimetableInvalid(str(e))
airflow.exceptions.AirflowTimetableInvalid: Exactly 5 or 6 columns has to be specified for iterator expression.
[2024-03-26T16:24:25.307+0000] {processor.py:842} WARNING - No viable dags retrieved from /opt/airflow/dags/test_get_tmd_api.py
[2024-03-26T16:24:25.359+0000] {processor.py:183} INFO - Processing /opt/airflow/dags/test_get_tmd_api.py took 0.092 seconds
[2024-03-26T16:24:55.792+0000] {processor.py:161} INFO - Started process (PID=45222) to work on /opt/airflow/dags/test_get_tmd_api.py
[2024-03-26T16:24:55.796+0000] {processor.py:830} INFO - Processing file /opt/airflow/dags/test_get_tmd_api.py for tasks to queue
[2024-03-26T16:24:55.798+0000] {logging_mixin.py:188} INFO - [2024-03-26T16:24:55.797+0000] {dagbag.py:540} INFO - Filling up the DagBag from /opt/airflow/dags/test_get_tmd_api.py
[2024-03-26T16:24:55.820+0000] {logging_mixin.py:188} INFO - [2024-03-26T16:24:55.814+0000] {dagbag.py:447} ERROR - Failed to bag_dag: /opt/airflow/dags/test_get_tmd_api.py
Traceback (most recent call last):
  File "/home/airflow/.local/lib/python3.8/site-packages/airflow/timetables/_cron.py", line 100, in validate
    croniter(self._expression)
  File "/home/airflow/.local/lib/python3.8/site-packages/croniter/croniter.py", line 187, in __init__
    self.expanded, self.nth_weekday_of_month = self.expand(expr_format, hash_id=hash_id)
  File "/home/airflow/.local/lib/python3.8/site-packages/croniter/croniter.py", line 813, in expand
    return cls._expand(expr_format, hash_id=hash_id)
  File "/home/airflow/.local/lib/python3.8/site-packages/croniter/croniter.py", line 659, in _expand
    raise CroniterBadCronError(cls.bad_length)
croniter.croniter.CroniterBadCronError: Exactly 5 or 6 columns has to be specified for iterator expression.

During handling of the above exception, another exception occurred:

Traceback (most recent call last):
  File "/home/airflow/.local/lib/python3.8/site-packages/airflow/models/dagbag.py", line 442, in _process_modules
    dag.validate()
  File "/home/airflow/.local/lib/python3.8/site-packages/airflow/models/dag.py", line 740, in validate
    self.timetable.validate()
  File "/home/airflow/.local/lib/python3.8/site-packages/airflow/timetables/_cron.py", line 102, in validate
    raise AirflowTimetableInvalid(str(e))
airflow.exceptions.AirflowTimetableInvalid: Exactly 5 or 6 columns has to be specified for iterator expression.
[2024-03-26T16:24:55.821+0000] {processor.py:842} WARNING - No viable dags retrieved from /opt/airflow/dags/test_get_tmd_api.py
[2024-03-26T16:24:55.874+0000] {processor.py:183} INFO - Processing /opt/airflow/dags/test_get_tmd_api.py took 0.093 seconds
[2024-03-26T16:25:26.320+0000] {processor.py:161} INFO - Started process (PID=45243) to work on /opt/airflow/dags/test_get_tmd_api.py
[2024-03-26T16:25:26.323+0000] {processor.py:830} INFO - Processing file /opt/airflow/dags/test_get_tmd_api.py for tasks to queue
[2024-03-26T16:25:26.327+0000] {logging_mixin.py:188} INFO - [2024-03-26T16:25:26.325+0000] {dagbag.py:540} INFO - Filling up the DagBag from /opt/airflow/dags/test_get_tmd_api.py
[2024-03-26T16:25:26.351+0000] {logging_mixin.py:188} INFO - [2024-03-26T16:25:26.344+0000] {dagbag.py:447} ERROR - Failed to bag_dag: /opt/airflow/dags/test_get_tmd_api.py
Traceback (most recent call last):
  File "/home/airflow/.local/lib/python3.8/site-packages/airflow/timetables/_cron.py", line 100, in validate
    croniter(self._expression)
  File "/home/airflow/.local/lib/python3.8/site-packages/croniter/croniter.py", line 187, in __init__
    self.expanded, self.nth_weekday_of_month = self.expand(expr_format, hash_id=hash_id)
  File "/home/airflow/.local/lib/python3.8/site-packages/croniter/croniter.py", line 813, in expand
    return cls._expand(expr_format, hash_id=hash_id)
  File "/home/airflow/.local/lib/python3.8/site-packages/croniter/croniter.py", line 659, in _expand
    raise CroniterBadCronError(cls.bad_length)
croniter.croniter.CroniterBadCronError: Exactly 5 or 6 columns has to be specified for iterator expression.

During handling of the above exception, another exception occurred:

Traceback (most recent call last):
  File "/home/airflow/.local/lib/python3.8/site-packages/airflow/models/dagbag.py", line 442, in _process_modules
    dag.validate()
  File "/home/airflow/.local/lib/python3.8/site-packages/airflow/models/dag.py", line 740, in validate
    self.timetable.validate()
  File "/home/airflow/.local/lib/python3.8/site-packages/airflow/timetables/_cron.py", line 102, in validate
    raise AirflowTimetableInvalid(str(e))
airflow.exceptions.AirflowTimetableInvalid: Exactly 5 or 6 columns has to be specified for iterator expression.
[2024-03-26T16:25:26.352+0000] {processor.py:842} WARNING - No viable dags retrieved from /opt/airflow/dags/test_get_tmd_api.py
[2024-03-26T16:25:26.478+0000] {processor.py:183} INFO - Processing /opt/airflow/dags/test_get_tmd_api.py took 0.171 seconds
[2024-03-26T16:25:52.016+0000] {processor.py:161} INFO - Started process (PID=45264) to work on /opt/airflow/dags/test_get_tmd_api.py
[2024-03-26T16:25:52.019+0000] {processor.py:830} INFO - Processing file /opt/airflow/dags/test_get_tmd_api.py for tasks to queue
[2024-03-26T16:25:52.022+0000] {logging_mixin.py:188} INFO - [2024-03-26T16:25:52.021+0000] {dagbag.py:540} INFO - Filling up the DagBag from /opt/airflow/dags/test_get_tmd_api.py
[2024-03-26T16:25:52.052+0000] {logging_mixin.py:188} INFO - [2024-03-26T16:25:52.046+0000] {dagbag.py:447} ERROR - Failed to bag_dag: /opt/airflow/dags/test_get_tmd_api.py
Traceback (most recent call last):
  File "/home/airflow/.local/lib/python3.8/site-packages/airflow/timetables/_cron.py", line 100, in validate
    croniter(self._expression)
  File "/home/airflow/.local/lib/python3.8/site-packages/croniter/croniter.py", line 187, in __init__
    self.expanded, self.nth_weekday_of_month = self.expand(expr_format, hash_id=hash_id)
  File "/home/airflow/.local/lib/python3.8/site-packages/croniter/croniter.py", line 813, in expand
    return cls._expand(expr_format, hash_id=hash_id)
  File "/home/airflow/.local/lib/python3.8/site-packages/croniter/croniter.py", line 659, in _expand
    raise CroniterBadCronError(cls.bad_length)
croniter.croniter.CroniterBadCronError: Exactly 5 or 6 columns has to be specified for iterator expression.

During handling of the above exception, another exception occurred:

Traceback (most recent call last):
  File "/home/airflow/.local/lib/python3.8/site-packages/airflow/models/dagbag.py", line 442, in _process_modules
    dag.validate()
  File "/home/airflow/.local/lib/python3.8/site-packages/airflow/models/dag.py", line 740, in validate
    self.timetable.validate()
  File "/home/airflow/.local/lib/python3.8/site-packages/airflow/timetables/_cron.py", line 102, in validate
    raise AirflowTimetableInvalid(str(e))
airflow.exceptions.AirflowTimetableInvalid: Exactly 5 or 6 columns has to be specified for iterator expression.
[2024-03-26T16:25:52.053+0000] {processor.py:842} WARNING - No viable dags retrieved from /opt/airflow/dags/test_get_tmd_api.py
[2024-03-26T16:25:52.105+0000] {processor.py:183} INFO - Processing /opt/airflow/dags/test_get_tmd_api.py took 0.104 seconds
[2024-03-26T16:26:22.606+0000] {processor.py:161} INFO - Started process (PID=45285) to work on /opt/airflow/dags/test_get_tmd_api.py
[2024-03-26T16:26:22.609+0000] {processor.py:830} INFO - Processing file /opt/airflow/dags/test_get_tmd_api.py for tasks to queue
[2024-03-26T16:26:22.612+0000] {logging_mixin.py:188} INFO - [2024-03-26T16:26:22.611+0000] {dagbag.py:540} INFO - Filling up the DagBag from /opt/airflow/dags/test_get_tmd_api.py
[2024-03-26T16:26:22.632+0000] {logging_mixin.py:188} INFO - [2024-03-26T16:26:22.626+0000] {dagbag.py:447} ERROR - Failed to bag_dag: /opt/airflow/dags/test_get_tmd_api.py
Traceback (most recent call last):
  File "/home/airflow/.local/lib/python3.8/site-packages/airflow/timetables/_cron.py", line 100, in validate
    croniter(self._expression)
  File "/home/airflow/.local/lib/python3.8/site-packages/croniter/croniter.py", line 187, in __init__
    self.expanded, self.nth_weekday_of_month = self.expand(expr_format, hash_id=hash_id)
  File "/home/airflow/.local/lib/python3.8/site-packages/croniter/croniter.py", line 813, in expand
    return cls._expand(expr_format, hash_id=hash_id)
  File "/home/airflow/.local/lib/python3.8/site-packages/croniter/croniter.py", line 659, in _expand
    raise CroniterBadCronError(cls.bad_length)
croniter.croniter.CroniterBadCronError: Exactly 5 or 6 columns has to be specified for iterator expression.

During handling of the above exception, another exception occurred:

Traceback (most recent call last):
  File "/home/airflow/.local/lib/python3.8/site-packages/airflow/models/dagbag.py", line 442, in _process_modules
    dag.validate()
  File "/home/airflow/.local/lib/python3.8/site-packages/airflow/models/dag.py", line 740, in validate
    self.timetable.validate()
  File "/home/airflow/.local/lib/python3.8/site-packages/airflow/timetables/_cron.py", line 102, in validate
    raise AirflowTimetableInvalid(str(e))
airflow.exceptions.AirflowTimetableInvalid: Exactly 5 or 6 columns has to be specified for iterator expression.
[2024-03-26T16:26:22.633+0000] {processor.py:842} WARNING - No viable dags retrieved from /opt/airflow/dags/test_get_tmd_api.py
[2024-03-26T16:26:22.689+0000] {processor.py:183} INFO - Processing /opt/airflow/dags/test_get_tmd_api.py took 0.094 seconds
[2024-03-26T16:26:40.202+0000] {processor.py:161} INFO - Started process (PID=45306) to work on /opt/airflow/dags/test_get_tmd_api.py
[2024-03-26T16:26:40.205+0000] {processor.py:830} INFO - Processing file /opt/airflow/dags/test_get_tmd_api.py for tasks to queue
[2024-03-26T16:26:40.208+0000] {logging_mixin.py:188} INFO - [2024-03-26T16:26:40.207+0000] {dagbag.py:540} INFO - Filling up the DagBag from /opt/airflow/dags/test_get_tmd_api.py
[2024-03-26T16:26:40.238+0000] {processor.py:840} INFO - DAG(s) 'test_get_tmd_api' retrieved from /opt/airflow/dags/test_get_tmd_api.py
[2024-03-26T16:26:40.661+0000] {logging_mixin.py:188} INFO - [2024-03-26T16:26:40.659+0000] {override.py:1769} INFO - Created Permission View: can edit on DAG:test_get_tmd_api
[2024-03-26T16:26:40.691+0000] {logging_mixin.py:188} INFO - [2024-03-26T16:26:40.690+0000] {override.py:1769} INFO - Created Permission View: can delete on DAG:test_get_tmd_api
[2024-03-26T16:26:40.712+0000] {logging_mixin.py:188} INFO - [2024-03-26T16:26:40.711+0000] {override.py:1769} INFO - Created Permission View: can read on DAG:test_get_tmd_api
[2024-03-26T16:26:40.714+0000] {logging_mixin.py:188} INFO - [2024-03-26T16:26:40.713+0000] {dag.py:3047} INFO - Sync 1 DAGs
[2024-03-26T16:26:40.746+0000] {logging_mixin.py:188} INFO - [2024-03-26T16:26:40.746+0000] {dag.py:3069} INFO - Creating ORM DAG for test_get_tmd_api
[2024-03-26T16:26:40.748+0000] {logging_mixin.py:188} INFO - [2024-03-26T16:26:40.748+0000] {dag.py:3834} INFO - Setting next_dagrun for test_get_tmd_api to None, run_after=None
[2024-03-26T16:26:40.804+0000] {processor.py:183} INFO - Processing /opt/airflow/dags/test_get_tmd_api.py took 0.614 seconds
[2024-03-26T16:27:10.893+0000] {processor.py:161} INFO - Started process (PID=45329) to work on /opt/airflow/dags/test_get_tmd_api.py
[2024-03-26T16:27:10.897+0000] {processor.py:830} INFO - Processing file /opt/airflow/dags/test_get_tmd_api.py for tasks to queue
[2024-03-26T16:27:10.901+0000] {logging_mixin.py:188} INFO - [2024-03-26T16:27:10.899+0000] {dagbag.py:540} INFO - Filling up the DagBag from /opt/airflow/dags/test_get_tmd_api.py
[2024-03-26T16:27:10.933+0000] {processor.py:840} INFO - DAG(s) 'test_get_tmd_api' retrieved from /opt/airflow/dags/test_get_tmd_api.py
[2024-03-26T16:27:11.011+0000] {logging_mixin.py:188} INFO - [2024-03-26T16:27:11.010+0000] {dag.py:3047} INFO - Sync 1 DAGs
[2024-03-26T16:27:11.050+0000] {logging_mixin.py:188} INFO - [2024-03-26T16:27:11.049+0000] {dag.py:3834} INFO - Setting next_dagrun for test_get_tmd_api to None, run_after=None
[2024-03-26T16:27:11.107+0000] {processor.py:183} INFO - Processing /opt/airflow/dags/test_get_tmd_api.py took 0.230 seconds
[2024-03-26T16:27:41.439+0000] {processor.py:161} INFO - Started process (PID=45351) to work on /opt/airflow/dags/test_get_tmd_api.py
[2024-03-26T16:27:41.442+0000] {processor.py:830} INFO - Processing file /opt/airflow/dags/test_get_tmd_api.py for tasks to queue
[2024-03-26T16:27:41.445+0000] {logging_mixin.py:188} INFO - [2024-03-26T16:27:41.444+0000] {dagbag.py:540} INFO - Filling up the DagBag from /opt/airflow/dags/test_get_tmd_api.py
[2024-03-26T16:27:41.473+0000] {processor.py:840} INFO - DAG(s) 'test_get_tmd_api' retrieved from /opt/airflow/dags/test_get_tmd_api.py
[2024-03-26T16:27:41.545+0000] {logging_mixin.py:188} INFO - [2024-03-26T16:27:41.544+0000] {dag.py:3047} INFO - Sync 1 DAGs
[2024-03-26T16:27:41.604+0000] {logging_mixin.py:188} INFO - [2024-03-26T16:27:41.603+0000] {dag.py:3834} INFO - Setting next_dagrun for test_get_tmd_api to None, run_after=None
[2024-03-26T16:27:41.684+0000] {processor.py:183} INFO - Processing /opt/airflow/dags/test_get_tmd_api.py took 0.256 seconds
[2024-03-26T16:28:12.227+0000] {processor.py:161} INFO - Started process (PID=45372) to work on /opt/airflow/dags/test_get_tmd_api.py
[2024-03-26T16:28:12.231+0000] {processor.py:830} INFO - Processing file /opt/airflow/dags/test_get_tmd_api.py for tasks to queue
[2024-03-26T16:28:12.234+0000] {logging_mixin.py:188} INFO - [2024-03-26T16:28:12.233+0000] {dagbag.py:540} INFO - Filling up the DagBag from /opt/airflow/dags/test_get_tmd_api.py
[2024-03-26T16:28:12.263+0000] {processor.py:840} INFO - DAG(s) 'test_get_tmd_api' retrieved from /opt/airflow/dags/test_get_tmd_api.py
[2024-03-26T16:28:12.334+0000] {logging_mixin.py:188} INFO - [2024-03-26T16:28:12.334+0000] {dag.py:3047} INFO - Sync 1 DAGs
[2024-03-26T16:28:12.376+0000] {logging_mixin.py:188} INFO - [2024-03-26T16:28:12.376+0000] {dag.py:3834} INFO - Setting next_dagrun for test_get_tmd_api to None, run_after=None
[2024-03-26T16:28:12.445+0000] {processor.py:183} INFO - Processing /opt/airflow/dags/test_get_tmd_api.py took 0.229 seconds
[2024-03-26T16:28:42.844+0000] {processor.py:161} INFO - Started process (PID=45393) to work on /opt/airflow/dags/test_get_tmd_api.py
[2024-03-26T16:28:42.850+0000] {processor.py:830} INFO - Processing file /opt/airflow/dags/test_get_tmd_api.py for tasks to queue
[2024-03-26T16:28:42.856+0000] {logging_mixin.py:188} INFO - [2024-03-26T16:28:42.854+0000] {dagbag.py:540} INFO - Filling up the DagBag from /opt/airflow/dags/test_get_tmd_api.py
[2024-03-26T16:28:42.886+0000] {processor.py:840} INFO - DAG(s) 'test_get_tmd_api' retrieved from /opt/airflow/dags/test_get_tmd_api.py
[2024-03-26T16:28:42.957+0000] {logging_mixin.py:188} INFO - [2024-03-26T16:28:42.956+0000] {dag.py:3047} INFO - Sync 1 DAGs
[2024-03-26T16:28:42.996+0000] {logging_mixin.py:188} INFO - [2024-03-26T16:28:42.995+0000] {dag.py:3834} INFO - Setting next_dagrun for test_get_tmd_api to None, run_after=None
[2024-03-26T16:28:43.052+0000] {processor.py:183} INFO - Processing /opt/airflow/dags/test_get_tmd_api.py took 0.228 seconds
[2024-03-26T16:29:13.558+0000] {processor.py:161} INFO - Started process (PID=45414) to work on /opt/airflow/dags/test_get_tmd_api.py
[2024-03-26T16:29:13.562+0000] {processor.py:830} INFO - Processing file /opt/airflow/dags/test_get_tmd_api.py for tasks to queue
[2024-03-26T16:29:13.565+0000] {logging_mixin.py:188} INFO - [2024-03-26T16:29:13.563+0000] {dagbag.py:540} INFO - Filling up the DagBag from /opt/airflow/dags/test_get_tmd_api.py
[2024-03-26T16:29:13.596+0000] {processor.py:840} INFO - DAG(s) 'test_get_tmd_api' retrieved from /opt/airflow/dags/test_get_tmd_api.py
[2024-03-26T16:29:13.670+0000] {logging_mixin.py:188} INFO - [2024-03-26T16:29:13.669+0000] {dag.py:3047} INFO - Sync 1 DAGs
[2024-03-26T16:29:13.710+0000] {logging_mixin.py:188} INFO - [2024-03-26T16:29:13.710+0000] {dag.py:3834} INFO - Setting next_dagrun for test_get_tmd_api to None, run_after=None
[2024-03-26T16:29:13.766+0000] {processor.py:183} INFO - Processing /opt/airflow/dags/test_get_tmd_api.py took 0.219 seconds
[2024-03-26T16:29:44.238+0000] {processor.py:161} INFO - Started process (PID=45436) to work on /opt/airflow/dags/test_get_tmd_api.py
[2024-03-26T16:29:44.244+0000] {processor.py:830} INFO - Processing file /opt/airflow/dags/test_get_tmd_api.py for tasks to queue
[2024-03-26T16:29:44.248+0000] {logging_mixin.py:188} INFO - [2024-03-26T16:29:44.247+0000] {dagbag.py:540} INFO - Filling up the DagBag from /opt/airflow/dags/test_get_tmd_api.py
[2024-03-26T16:29:44.291+0000] {processor.py:840} INFO - DAG(s) 'test_get_tmd_api' retrieved from /opt/airflow/dags/test_get_tmd_api.py
[2024-03-26T16:29:44.367+0000] {logging_mixin.py:188} INFO - [2024-03-26T16:29:44.367+0000] {dag.py:3047} INFO - Sync 1 DAGs
[2024-03-26T16:29:44.408+0000] {logging_mixin.py:188} INFO - [2024-03-26T16:29:44.407+0000] {dag.py:3834} INFO - Setting next_dagrun for test_get_tmd_api to None, run_after=None
[2024-03-26T16:29:44.466+0000] {processor.py:183} INFO - Processing /opt/airflow/dags/test_get_tmd_api.py took 0.244 seconds
[2024-03-26T16:30:14.888+0000] {processor.py:161} INFO - Started process (PID=45457) to work on /opt/airflow/dags/test_get_tmd_api.py
[2024-03-26T16:30:14.890+0000] {processor.py:830} INFO - Processing file /opt/airflow/dags/test_get_tmd_api.py for tasks to queue
[2024-03-26T16:30:14.893+0000] {logging_mixin.py:188} INFO - [2024-03-26T16:30:14.892+0000] {dagbag.py:540} INFO - Filling up the DagBag from /opt/airflow/dags/test_get_tmd_api.py
[2024-03-26T16:30:14.920+0000] {processor.py:840} INFO - DAG(s) 'test_get_tmd_api' retrieved from /opt/airflow/dags/test_get_tmd_api.py
[2024-03-26T16:30:14.989+0000] {logging_mixin.py:188} INFO - [2024-03-26T16:30:14.989+0000] {dag.py:3047} INFO - Sync 1 DAGs
[2024-03-26T16:30:15.036+0000] {logging_mixin.py:188} INFO - [2024-03-26T16:30:15.036+0000] {dag.py:3834} INFO - Setting next_dagrun for test_get_tmd_api to None, run_after=None
[2024-03-26T16:30:15.093+0000] {processor.py:183} INFO - Processing /opt/airflow/dags/test_get_tmd_api.py took 0.216 seconds
[2024-03-26T16:30:24.146+0000] {processor.py:161} INFO - Started process (PID=45462) to work on /opt/airflow/dags/test_get_tmd_api.py
[2024-03-26T16:30:24.150+0000] {processor.py:830} INFO - Processing file /opt/airflow/dags/test_get_tmd_api.py for tasks to queue
[2024-03-26T16:30:24.153+0000] {logging_mixin.py:188} INFO - [2024-03-26T16:30:24.152+0000] {dagbag.py:540} INFO - Filling up the DagBag from /opt/airflow/dags/test_get_tmd_api.py
[2024-03-26T16:30:24.172+0000] {logging_mixin.py:188} INFO - [2024-03-26T16:30:24.169+0000] {dagbag.py:350} ERROR - Failed to import: /opt/airflow/dags/test_get_tmd_api.py
Traceback (most recent call last):
  File "/home/airflow/.local/lib/python3.8/site-packages/airflow/models/dagbag.py", line 346, in parse
    loader.exec_module(new_module)
  File "<frozen importlib._bootstrap_external>", line 843, in exec_module
  File "<frozen importlib._bootstrap>", line 219, in _call_with_frames_removed
  File "/opt/airflow/dags/test_get_tmd_api.py", line 70, in <module>
    python_callable=_upload_to_gcs,
NameError: name '_upload_to_gcs' is not defined
[2024-03-26T16:30:24.173+0000] {processor.py:842} WARNING - No viable dags retrieved from /opt/airflow/dags/test_get_tmd_api.py
[2024-03-26T16:30:24.228+0000] {processor.py:183} INFO - Processing /opt/airflow/dags/test_get_tmd_api.py took 0.093 seconds
[2024-03-26T16:30:37.606+0000] {processor.py:161} INFO - Started process (PID=45472) to work on /opt/airflow/dags/test_get_tmd_api.py
[2024-03-26T16:30:37.609+0000] {processor.py:830} INFO - Processing file /opt/airflow/dags/test_get_tmd_api.py for tasks to queue
[2024-03-26T16:30:37.612+0000] {logging_mixin.py:188} INFO - [2024-03-26T16:30:37.611+0000] {dagbag.py:540} INFO - Filling up the DagBag from /opt/airflow/dags/test_get_tmd_api.py
[2024-03-26T16:30:37.629+0000] {logging_mixin.py:188} INFO - [2024-03-26T16:30:37.626+0000] {dagbag.py:350} ERROR - Failed to import: /opt/airflow/dags/test_get_tmd_api.py
Traceback (most recent call last):
  File "/home/airflow/.local/lib/python3.8/site-packages/airflow/models/dagbag.py", line 346, in parse
    loader.exec_module(new_module)
  File "<frozen importlib._bootstrap_external>", line 843, in exec_module
  File "<frozen importlib._bootstrap>", line 219, in _call_with_frames_removed
  File "/opt/airflow/dags/test_get_tmd_api.py", line 70, in <module>
    python_callable=_upload_to_gcs,
NameError: name '_upload_to_gcs' is not defined
[2024-03-26T16:30:37.630+0000] {processor.py:842} WARNING - No viable dags retrieved from /opt/airflow/dags/test_get_tmd_api.py
[2024-03-26T16:30:37.685+0000] {processor.py:183} INFO - Processing /opt/airflow/dags/test_get_tmd_api.py took 0.091 seconds
[2024-03-26T16:31:08.180+0000] {processor.py:161} INFO - Started process (PID=45493) to work on /opt/airflow/dags/test_get_tmd_api.py
[2024-03-26T16:31:08.186+0000] {processor.py:830} INFO - Processing file /opt/airflow/dags/test_get_tmd_api.py for tasks to queue
[2024-03-26T16:31:08.191+0000] {logging_mixin.py:188} INFO - [2024-03-26T16:31:08.189+0000] {dagbag.py:540} INFO - Filling up the DagBag from /opt/airflow/dags/test_get_tmd_api.py
[2024-03-26T16:31:08.212+0000] {logging_mixin.py:188} INFO - [2024-03-26T16:31:08.210+0000] {dagbag.py:350} ERROR - Failed to import: /opt/airflow/dags/test_get_tmd_api.py
Traceback (most recent call last):
  File "/home/airflow/.local/lib/python3.8/site-packages/airflow/models/dagbag.py", line 346, in parse
    loader.exec_module(new_module)
  File "<frozen importlib._bootstrap_external>", line 843, in exec_module
  File "<frozen importlib._bootstrap>", line 219, in _call_with_frames_removed
  File "/opt/airflow/dags/test_get_tmd_api.py", line 70, in <module>
    python_callable=_upload_to_gcs,
NameError: name '_upload_to_gcs' is not defined
[2024-03-26T16:31:08.214+0000] {processor.py:842} WARNING - No viable dags retrieved from /opt/airflow/dags/test_get_tmd_api.py
[2024-03-26T16:31:08.269+0000] {processor.py:183} INFO - Processing /opt/airflow/dags/test_get_tmd_api.py took 0.106 seconds
[2024-03-26T16:31:38.803+0000] {processor.py:161} INFO - Started process (PID=45521) to work on /opt/airflow/dags/test_get_tmd_api.py
[2024-03-26T16:31:38.807+0000] {processor.py:830} INFO - Processing file /opt/airflow/dags/test_get_tmd_api.py for tasks to queue
[2024-03-26T16:31:38.810+0000] {logging_mixin.py:188} INFO - [2024-03-26T16:31:38.809+0000] {dagbag.py:540} INFO - Filling up the DagBag from /opt/airflow/dags/test_get_tmd_api.py
[2024-03-26T16:31:38.838+0000] {logging_mixin.py:188} INFO - [2024-03-26T16:31:38.835+0000] {dagbag.py:350} ERROR - Failed to import: /opt/airflow/dags/test_get_tmd_api.py
Traceback (most recent call last):
  File "/home/airflow/.local/lib/python3.8/site-packages/airflow/models/dagbag.py", line 346, in parse
    loader.exec_module(new_module)
  File "<frozen importlib._bootstrap_external>", line 843, in exec_module
  File "<frozen importlib._bootstrap>", line 219, in _call_with_frames_removed
  File "/opt/airflow/dags/test_get_tmd_api.py", line 70, in <module>
    python_callable=_upload_to_gcs,
NameError: name '_upload_to_gcs' is not defined
[2024-03-26T16:31:38.840+0000] {processor.py:842} WARNING - No viable dags retrieved from /opt/airflow/dags/test_get_tmd_api.py
[2024-03-26T16:31:38.899+0000] {processor.py:183} INFO - Processing /opt/airflow/dags/test_get_tmd_api.py took 0.112 seconds
[2024-03-26T16:32:09.214+0000] {processor.py:161} INFO - Started process (PID=45542) to work on /opt/airflow/dags/test_get_tmd_api.py
[2024-03-26T16:32:09.218+0000] {processor.py:830} INFO - Processing file /opt/airflow/dags/test_get_tmd_api.py for tasks to queue
[2024-03-26T16:32:09.221+0000] {logging_mixin.py:188} INFO - [2024-03-26T16:32:09.220+0000] {dagbag.py:540} INFO - Filling up the DagBag from /opt/airflow/dags/test_get_tmd_api.py
[2024-03-26T16:32:09.235+0000] {logging_mixin.py:188} INFO - [2024-03-26T16:32:09.232+0000] {dagbag.py:350} ERROR - Failed to import: /opt/airflow/dags/test_get_tmd_api.py
Traceback (most recent call last):
  File "/home/airflow/.local/lib/python3.8/site-packages/airflow/models/dagbag.py", line 346, in parse
    loader.exec_module(new_module)
  File "<frozen importlib._bootstrap_external>", line 843, in exec_module
  File "<frozen importlib._bootstrap>", line 219, in _call_with_frames_removed
  File "/opt/airflow/dags/test_get_tmd_api.py", line 70, in <module>
    python_callable=_upload_to_gcs,
NameError: name '_upload_to_gcs' is not defined
[2024-03-26T16:32:09.236+0000] {processor.py:842} WARNING - No viable dags retrieved from /opt/airflow/dags/test_get_tmd_api.py
[2024-03-26T16:32:09.293+0000] {processor.py:183} INFO - Processing /opt/airflow/dags/test_get_tmd_api.py took 0.089 seconds
[2024-03-26T16:32:13.392+0000] {processor.py:161} INFO - Started process (PID=45547) to work on /opt/airflow/dags/test_get_tmd_api.py
[2024-03-26T16:32:13.395+0000] {processor.py:830} INFO - Processing file /opt/airflow/dags/test_get_tmd_api.py for tasks to queue
[2024-03-26T16:32:13.398+0000] {logging_mixin.py:188} INFO - [2024-03-26T16:32:13.397+0000] {dagbag.py:540} INFO - Filling up the DagBag from /opt/airflow/dags/test_get_tmd_api.py
[2024-03-26T16:32:13.434+0000] {processor.py:840} INFO - DAG(s) 'test_get_tmd_api' retrieved from /opt/airflow/dags/test_get_tmd_api.py
[2024-03-26T16:32:13.881+0000] {logging_mixin.py:188} INFO - [2024-03-26T16:32:13.880+0000] {dag.py:3047} INFO - Sync 1 DAGs
[2024-03-26T16:32:13.914+0000] {logging_mixin.py:188} INFO - [2024-03-26T16:32:13.913+0000] {dag.py:3834} INFO - Setting next_dagrun for test_get_tmd_api to None, run_after=None
[2024-03-26T16:32:14.014+0000] {processor.py:183} INFO - Processing /opt/airflow/dags/test_get_tmd_api.py took 0.635 seconds
[2024-03-26T16:32:44.317+0000] {processor.py:161} INFO - Started process (PID=45572) to work on /opt/airflow/dags/test_get_tmd_api.py
[2024-03-26T16:32:44.322+0000] {processor.py:830} INFO - Processing file /opt/airflow/dags/test_get_tmd_api.py for tasks to queue
[2024-03-26T16:32:44.325+0000] {logging_mixin.py:188} INFO - [2024-03-26T16:32:44.324+0000] {dagbag.py:540} INFO - Filling up the DagBag from /opt/airflow/dags/test_get_tmd_api.py
[2024-03-26T16:32:44.360+0000] {processor.py:840} INFO - DAG(s) 'test_get_tmd_api' retrieved from /opt/airflow/dags/test_get_tmd_api.py
[2024-03-26T16:32:44.448+0000] {logging_mixin.py:188} INFO - [2024-03-26T16:32:44.447+0000] {dag.py:3047} INFO - Sync 1 DAGs
[2024-03-26T16:32:44.511+0000] {logging_mixin.py:188} INFO - [2024-03-26T16:32:44.510+0000] {dag.py:3834} INFO - Setting next_dagrun for test_get_tmd_api to None, run_after=None
[2024-03-26T16:32:44.623+0000] {processor.py:183} INFO - Processing /opt/airflow/dags/test_get_tmd_api.py took 0.320 seconds
[2024-03-26T16:33:15.006+0000] {processor.py:161} INFO - Started process (PID=45594) to work on /opt/airflow/dags/test_get_tmd_api.py
[2024-03-26T16:33:15.012+0000] {processor.py:830} INFO - Processing file /opt/airflow/dags/test_get_tmd_api.py for tasks to queue
[2024-03-26T16:33:15.017+0000] {logging_mixin.py:188} INFO - [2024-03-26T16:33:15.015+0000] {dagbag.py:540} INFO - Filling up the DagBag from /opt/airflow/dags/test_get_tmd_api.py
[2024-03-26T16:33:15.063+0000] {processor.py:840} INFO - DAG(s) 'test_get_tmd_api' retrieved from /opt/airflow/dags/test_get_tmd_api.py
[2024-03-26T16:33:15.167+0000] {logging_mixin.py:188} INFO - [2024-03-26T16:33:15.166+0000] {dag.py:3047} INFO - Sync 1 DAGs
[2024-03-26T16:33:15.217+0000] {logging_mixin.py:188} INFO - [2024-03-26T16:33:15.216+0000] {dag.py:3834} INFO - Setting next_dagrun for test_get_tmd_api to None, run_after=None
[2024-03-26T16:33:15.285+0000] {processor.py:183} INFO - Processing /opt/airflow/dags/test_get_tmd_api.py took 0.301 seconds
[2024-03-26T16:33:18.383+0000] {processor.py:161} INFO - Started process (PID=45604) to work on /opt/airflow/dags/test_get_tmd_api.py
[2024-03-26T16:33:18.386+0000] {processor.py:830} INFO - Processing file /opt/airflow/dags/test_get_tmd_api.py for tasks to queue
[2024-03-26T16:33:18.389+0000] {logging_mixin.py:188} INFO - [2024-03-26T16:33:18.388+0000] {dagbag.py:540} INFO - Filling up the DagBag from /opt/airflow/dags/test_get_tmd_api.py
[2024-03-26T16:33:18.422+0000] {processor.py:840} INFO - DAG(s) 'test_get_tmd_api' retrieved from /opt/airflow/dags/test_get_tmd_api.py
[2024-03-26T16:33:18.492+0000] {logging_mixin.py:188} INFO - [2024-03-26T16:33:18.492+0000] {dag.py:3047} INFO - Sync 1 DAGs
[2024-03-26T16:33:18.530+0000] {logging_mixin.py:188} INFO - [2024-03-26T16:33:18.530+0000] {dag.py:3834} INFO - Setting next_dagrun for test_get_tmd_api to None, run_after=None
[2024-03-26T16:33:18.589+0000] {processor.py:183} INFO - Processing /opt/airflow/dags/test_get_tmd_api.py took 0.216 seconds
[2024-03-26T16:33:48.991+0000] {processor.py:161} INFO - Started process (PID=45629) to work on /opt/airflow/dags/test_get_tmd_api.py
[2024-03-26T16:33:48.994+0000] {processor.py:830} INFO - Processing file /opt/airflow/dags/test_get_tmd_api.py for tasks to queue
[2024-03-26T16:33:48.997+0000] {logging_mixin.py:188} INFO - [2024-03-26T16:33:48.996+0000] {dagbag.py:540} INFO - Filling up the DagBag from /opt/airflow/dags/test_get_tmd_api.py
[2024-03-26T16:33:49.026+0000] {processor.py:840} INFO - DAG(s) 'test_get_tmd_api' retrieved from /opt/airflow/dags/test_get_tmd_api.py
[2024-03-26T16:33:49.096+0000] {logging_mixin.py:188} INFO - [2024-03-26T16:33:49.096+0000] {dag.py:3047} INFO - Sync 1 DAGs
[2024-03-26T16:33:49.135+0000] {logging_mixin.py:188} INFO - [2024-03-26T16:33:49.134+0000] {dag.py:3834} INFO - Setting next_dagrun for test_get_tmd_api to None, run_after=None
[2024-03-26T16:33:49.192+0000] {processor.py:183} INFO - Processing /opt/airflow/dags/test_get_tmd_api.py took 0.212 seconds
[2024-03-26T16:34:19.782+0000] {processor.py:161} INFO - Started process (PID=45650) to work on /opt/airflow/dags/test_get_tmd_api.py
[2024-03-26T16:34:19.785+0000] {processor.py:830} INFO - Processing file /opt/airflow/dags/test_get_tmd_api.py for tasks to queue
[2024-03-26T16:34:19.788+0000] {logging_mixin.py:188} INFO - [2024-03-26T16:34:19.787+0000] {dagbag.py:540} INFO - Filling up the DagBag from /opt/airflow/dags/test_get_tmd_api.py
[2024-03-26T16:34:19.818+0000] {processor.py:840} INFO - DAG(s) 'test_get_tmd_api' retrieved from /opt/airflow/dags/test_get_tmd_api.py
[2024-03-26T16:34:19.930+0000] {logging_mixin.py:188} INFO - [2024-03-26T16:34:19.929+0000] {dag.py:3047} INFO - Sync 1 DAGs
[2024-03-26T16:34:19.980+0000] {logging_mixin.py:188} INFO - [2024-03-26T16:34:19.979+0000] {dag.py:3834} INFO - Setting next_dagrun for test_get_tmd_api to None, run_after=None
[2024-03-26T16:34:20.037+0000] {processor.py:183} INFO - Processing /opt/airflow/dags/test_get_tmd_api.py took 0.266 seconds
[2024-03-26T16:34:50.323+0000] {processor.py:161} INFO - Started process (PID=45671) to work on /opt/airflow/dags/test_get_tmd_api.py
[2024-03-26T16:34:50.326+0000] {processor.py:830} INFO - Processing file /opt/airflow/dags/test_get_tmd_api.py for tasks to queue
[2024-03-26T16:34:50.329+0000] {logging_mixin.py:188} INFO - [2024-03-26T16:34:50.328+0000] {dagbag.py:540} INFO - Filling up the DagBag from /opt/airflow/dags/test_get_tmd_api.py
[2024-03-26T16:34:50.360+0000] {processor.py:840} INFO - DAG(s) 'test_get_tmd_api' retrieved from /opt/airflow/dags/test_get_tmd_api.py
[2024-03-26T16:34:50.429+0000] {logging_mixin.py:188} INFO - [2024-03-26T16:34:50.428+0000] {dag.py:3047} INFO - Sync 1 DAGs
[2024-03-26T16:34:50.469+0000] {logging_mixin.py:188} INFO - [2024-03-26T16:34:50.468+0000] {dag.py:3834} INFO - Setting next_dagrun for test_get_tmd_api to None, run_after=None
[2024-03-26T16:34:50.532+0000] {processor.py:183} INFO - Processing /opt/airflow/dags/test_get_tmd_api.py took 0.220 seconds
[2024-03-26T16:35:20.905+0000] {processor.py:161} INFO - Started process (PID=45692) to work on /opt/airflow/dags/test_get_tmd_api.py
[2024-03-26T16:35:20.909+0000] {processor.py:830} INFO - Processing file /opt/airflow/dags/test_get_tmd_api.py for tasks to queue
[2024-03-26T16:35:20.912+0000] {logging_mixin.py:188} INFO - [2024-03-26T16:35:20.911+0000] {dagbag.py:540} INFO - Filling up the DagBag from /opt/airflow/dags/test_get_tmd_api.py
[2024-03-26T16:35:20.942+0000] {processor.py:840} INFO - DAG(s) 'test_get_tmd_api' retrieved from /opt/airflow/dags/test_get_tmd_api.py
[2024-03-26T16:35:21.014+0000] {logging_mixin.py:188} INFO - [2024-03-26T16:35:21.013+0000] {dag.py:3047} INFO - Sync 1 DAGs
[2024-03-26T16:35:21.052+0000] {logging_mixin.py:188} INFO - [2024-03-26T16:35:21.052+0000] {dag.py:3834} INFO - Setting next_dagrun for test_get_tmd_api to None, run_after=None
[2024-03-26T16:35:21.110+0000] {processor.py:183} INFO - Processing /opt/airflow/dags/test_get_tmd_api.py took 0.215 seconds
[2024-03-26T16:35:51.685+0000] {processor.py:161} INFO - Started process (PID=45713) to work on /opt/airflow/dags/test_get_tmd_api.py
[2024-03-26T16:35:51.689+0000] {processor.py:830} INFO - Processing file /opt/airflow/dags/test_get_tmd_api.py for tasks to queue
[2024-03-26T16:35:51.692+0000] {logging_mixin.py:188} INFO - [2024-03-26T16:35:51.690+0000] {dagbag.py:540} INFO - Filling up the DagBag from /opt/airflow/dags/test_get_tmd_api.py
[2024-03-26T16:35:51.724+0000] {processor.py:840} INFO - DAG(s) 'test_get_tmd_api' retrieved from /opt/airflow/dags/test_get_tmd_api.py
[2024-03-26T16:35:51.795+0000] {logging_mixin.py:188} INFO - [2024-03-26T16:35:51.794+0000] {dag.py:3047} INFO - Sync 1 DAGs
[2024-03-26T16:35:51.833+0000] {logging_mixin.py:188} INFO - [2024-03-26T16:35:51.832+0000] {dag.py:3834} INFO - Setting next_dagrun for test_get_tmd_api to None, run_after=None
[2024-03-26T16:35:51.889+0000] {processor.py:183} INFO - Processing /opt/airflow/dags/test_get_tmd_api.py took 0.215 seconds
[2024-03-26T16:36:22.310+0000] {processor.py:161} INFO - Started process (PID=45734) to work on /opt/airflow/dags/test_get_tmd_api.py
[2024-03-26T16:36:22.314+0000] {processor.py:830} INFO - Processing file /opt/airflow/dags/test_get_tmd_api.py for tasks to queue
[2024-03-26T16:36:22.317+0000] {logging_mixin.py:188} INFO - [2024-03-26T16:36:22.316+0000] {dagbag.py:540} INFO - Filling up the DagBag from /opt/airflow/dags/test_get_tmd_api.py
[2024-03-26T16:36:22.346+0000] {processor.py:840} INFO - DAG(s) 'test_get_tmd_api' retrieved from /opt/airflow/dags/test_get_tmd_api.py
[2024-03-26T16:36:22.427+0000] {logging_mixin.py:188} INFO - [2024-03-26T16:36:22.426+0000] {dag.py:3047} INFO - Sync 1 DAGs
[2024-03-26T16:36:22.470+0000] {logging_mixin.py:188} INFO - [2024-03-26T16:36:22.469+0000] {dag.py:3834} INFO - Setting next_dagrun for test_get_tmd_api to None, run_after=None
[2024-03-26T16:36:22.531+0000] {processor.py:183} INFO - Processing /opt/airflow/dags/test_get_tmd_api.py took 0.232 seconds
[2024-03-26T16:36:53.093+0000] {processor.py:161} INFO - Started process (PID=45755) to work on /opt/airflow/dags/test_get_tmd_api.py
[2024-03-26T16:36:53.096+0000] {processor.py:830} INFO - Processing file /opt/airflow/dags/test_get_tmd_api.py for tasks to queue
[2024-03-26T16:36:53.099+0000] {logging_mixin.py:188} INFO - [2024-03-26T16:36:53.098+0000] {dagbag.py:540} INFO - Filling up the DagBag from /opt/airflow/dags/test_get_tmd_api.py
[2024-03-26T16:36:53.128+0000] {processor.py:840} INFO - DAG(s) 'test_get_tmd_api' retrieved from /opt/airflow/dags/test_get_tmd_api.py
[2024-03-26T16:36:53.201+0000] {logging_mixin.py:188} INFO - [2024-03-26T16:36:53.200+0000] {dag.py:3047} INFO - Sync 1 DAGs
[2024-03-26T16:36:53.241+0000] {logging_mixin.py:188} INFO - [2024-03-26T16:36:53.240+0000] {dag.py:3834} INFO - Setting next_dagrun for test_get_tmd_api to None, run_after=None
[2024-03-26T16:36:53.315+0000] {processor.py:183} INFO - Processing /opt/airflow/dags/test_get_tmd_api.py took 0.232 seconds
[2024-03-26T16:37:23.688+0000] {processor.py:161} INFO - Started process (PID=45777) to work on /opt/airflow/dags/test_get_tmd_api.py
[2024-03-26T16:37:23.691+0000] {processor.py:830} INFO - Processing file /opt/airflow/dags/test_get_tmd_api.py for tasks to queue
[2024-03-26T16:37:23.694+0000] {logging_mixin.py:188} INFO - [2024-03-26T16:37:23.693+0000] {dagbag.py:540} INFO - Filling up the DagBag from /opt/airflow/dags/test_get_tmd_api.py
[2024-03-26T16:37:23.724+0000] {processor.py:840} INFO - DAG(s) 'test_get_tmd_api' retrieved from /opt/airflow/dags/test_get_tmd_api.py
[2024-03-26T16:37:23.794+0000] {logging_mixin.py:188} INFO - [2024-03-26T16:37:23.793+0000] {dag.py:3047} INFO - Sync 1 DAGs
[2024-03-26T16:37:23.832+0000] {logging_mixin.py:188} INFO - [2024-03-26T16:37:23.831+0000] {dag.py:3834} INFO - Setting next_dagrun for test_get_tmd_api to None, run_after=None
[2024-03-26T16:37:23.887+0000] {processor.py:183} INFO - Processing /opt/airflow/dags/test_get_tmd_api.py took 0.210 seconds
[2024-03-26T16:37:54.228+0000] {processor.py:161} INFO - Started process (PID=45799) to work on /opt/airflow/dags/test_get_tmd_api.py
[2024-03-26T16:37:54.232+0000] {processor.py:830} INFO - Processing file /opt/airflow/dags/test_get_tmd_api.py for tasks to queue
[2024-03-26T16:37:54.235+0000] {logging_mixin.py:188} INFO - [2024-03-26T16:37:54.234+0000] {dagbag.py:540} INFO - Filling up the DagBag from /opt/airflow/dags/test_get_tmd_api.py
[2024-03-26T16:37:54.264+0000] {processor.py:840} INFO - DAG(s) 'test_get_tmd_api' retrieved from /opt/airflow/dags/test_get_tmd_api.py
[2024-03-26T16:37:54.336+0000] {logging_mixin.py:188} INFO - [2024-03-26T16:37:54.335+0000] {dag.py:3047} INFO - Sync 1 DAGs
[2024-03-26T16:37:54.377+0000] {logging_mixin.py:188} INFO - [2024-03-26T16:37:54.376+0000] {dag.py:3834} INFO - Setting next_dagrun for test_get_tmd_api to None, run_after=None
[2024-03-26T16:37:54.431+0000] {processor.py:183} INFO - Processing /opt/airflow/dags/test_get_tmd_api.py took 0.213 seconds
[2024-03-26T16:38:24.765+0000] {processor.py:161} INFO - Started process (PID=45820) to work on /opt/airflow/dags/test_get_tmd_api.py
[2024-03-26T16:38:24.768+0000] {processor.py:830} INFO - Processing file /opt/airflow/dags/test_get_tmd_api.py for tasks to queue
[2024-03-26T16:38:24.771+0000] {logging_mixin.py:188} INFO - [2024-03-26T16:38:24.770+0000] {dagbag.py:540} INFO - Filling up the DagBag from /opt/airflow/dags/test_get_tmd_api.py
[2024-03-26T16:38:24.800+0000] {processor.py:840} INFO - DAG(s) 'test_get_tmd_api' retrieved from /opt/airflow/dags/test_get_tmd_api.py
[2024-03-26T16:38:24.873+0000] {logging_mixin.py:188} INFO - [2024-03-26T16:38:24.872+0000] {dag.py:3047} INFO - Sync 1 DAGs
[2024-03-26T16:38:24.915+0000] {logging_mixin.py:188} INFO - [2024-03-26T16:38:24.910+0000] {dag.py:3834} INFO - Setting next_dagrun for test_get_tmd_api to None, run_after=None
[2024-03-26T16:38:24.971+0000] {processor.py:183} INFO - Processing /opt/airflow/dags/test_get_tmd_api.py took 0.217 seconds
[2024-03-26T16:38:41.916+0000] {processor.py:161} INFO - Started process (PID=45831) to work on /opt/airflow/dags/test_get_tmd_api.py
[2024-03-26T16:38:41.920+0000] {processor.py:830} INFO - Processing file /opt/airflow/dags/test_get_tmd_api.py for tasks to queue
[2024-03-26T16:38:41.923+0000] {logging_mixin.py:188} INFO - [2024-03-26T16:38:41.921+0000] {dagbag.py:540} INFO - Filling up the DagBag from /opt/airflow/dags/test_get_tmd_api.py
[2024-03-26T16:38:41.954+0000] {processor.py:840} INFO - DAG(s) 'test_get_tmd_api' retrieved from /opt/airflow/dags/test_get_tmd_api.py
[2024-03-26T16:38:42.023+0000] {logging_mixin.py:188} INFO - [2024-03-26T16:38:42.023+0000] {dag.py:3047} INFO - Sync 1 DAGs
[2024-03-26T16:38:42.061+0000] {logging_mixin.py:188} INFO - [2024-03-26T16:38:42.061+0000] {dag.py:3834} INFO - Setting next_dagrun for test_get_tmd_api to None, run_after=None
[2024-03-26T16:38:42.127+0000] {processor.py:183} INFO - Processing /opt/airflow/dags/test_get_tmd_api.py took 0.222 seconds
[2024-03-26T16:39:12.664+0000] {processor.py:161} INFO - Started process (PID=45852) to work on /opt/airflow/dags/test_get_tmd_api.py
[2024-03-26T16:39:12.668+0000] {processor.py:830} INFO - Processing file /opt/airflow/dags/test_get_tmd_api.py for tasks to queue
[2024-03-26T16:39:12.671+0000] {logging_mixin.py:188} INFO - [2024-03-26T16:39:12.670+0000] {dagbag.py:540} INFO - Filling up the DagBag from /opt/airflow/dags/test_get_tmd_api.py
[2024-03-26T16:39:12.703+0000] {processor.py:840} INFO - DAG(s) 'test_get_tmd_api' retrieved from /opt/airflow/dags/test_get_tmd_api.py
[2024-03-26T16:39:12.773+0000] {logging_mixin.py:188} INFO - [2024-03-26T16:39:12.773+0000] {dag.py:3047} INFO - Sync 1 DAGs
[2024-03-26T16:39:12.812+0000] {logging_mixin.py:188} INFO - [2024-03-26T16:39:12.812+0000] {dag.py:3834} INFO - Setting next_dagrun for test_get_tmd_api to None, run_after=None
[2024-03-26T16:39:12.868+0000] {processor.py:183} INFO - Processing /opt/airflow/dags/test_get_tmd_api.py took 0.215 seconds
[2024-03-26T16:39:43.242+0000] {processor.py:161} INFO - Started process (PID=45873) to work on /opt/airflow/dags/test_get_tmd_api.py
[2024-03-26T16:39:43.245+0000] {processor.py:830} INFO - Processing file /opt/airflow/dags/test_get_tmd_api.py for tasks to queue
[2024-03-26T16:39:43.248+0000] {logging_mixin.py:188} INFO - [2024-03-26T16:39:43.247+0000] {dagbag.py:540} INFO - Filling up the DagBag from /opt/airflow/dags/test_get_tmd_api.py
[2024-03-26T16:39:43.277+0000] {processor.py:840} INFO - DAG(s) 'test_get_tmd_api' retrieved from /opt/airflow/dags/test_get_tmd_api.py
[2024-03-26T16:39:43.347+0000] {logging_mixin.py:188} INFO - [2024-03-26T16:39:43.346+0000] {dag.py:3047} INFO - Sync 1 DAGs
[2024-03-26T16:39:43.385+0000] {logging_mixin.py:188} INFO - [2024-03-26T16:39:43.384+0000] {dag.py:3834} INFO - Setting next_dagrun for test_get_tmd_api to None, run_after=None
[2024-03-26T16:39:43.441+0000] {processor.py:183} INFO - Processing /opt/airflow/dags/test_get_tmd_api.py took 0.210 seconds
[2024-03-26T16:39:45.272+0000] {processor.py:161} INFO - Started process (PID=45878) to work on /opt/airflow/dags/test_get_tmd_api.py
[2024-03-26T16:39:45.275+0000] {processor.py:830} INFO - Processing file /opt/airflow/dags/test_get_tmd_api.py for tasks to queue
[2024-03-26T16:39:45.278+0000] {logging_mixin.py:188} INFO - [2024-03-26T16:39:45.277+0000] {dagbag.py:540} INFO - Filling up the DagBag from /opt/airflow/dags/test_get_tmd_api.py
[2024-03-26T16:39:45.312+0000] {processor.py:840} INFO - DAG(s) 'test_get_tmd_api' retrieved from /opt/airflow/dags/test_get_tmd_api.py
[2024-03-26T16:39:45.383+0000] {logging_mixin.py:188} INFO - [2024-03-26T16:39:45.382+0000] {dag.py:3047} INFO - Sync 1 DAGs
[2024-03-26T16:39:45.421+0000] {logging_mixin.py:188} INFO - [2024-03-26T16:39:45.420+0000] {dag.py:3834} INFO - Setting next_dagrun for test_get_tmd_api to None, run_after=None
[2024-03-26T16:39:45.486+0000] {processor.py:183} INFO - Processing /opt/airflow/dags/test_get_tmd_api.py took 0.225 seconds
[2024-03-26T16:40:16.015+0000] {processor.py:161} INFO - Started process (PID=45903) to work on /opt/airflow/dags/test_get_tmd_api.py
[2024-03-26T16:40:16.019+0000] {processor.py:830} INFO - Processing file /opt/airflow/dags/test_get_tmd_api.py for tasks to queue
[2024-03-26T16:40:16.022+0000] {logging_mixin.py:188} INFO - [2024-03-26T16:40:16.021+0000] {dagbag.py:540} INFO - Filling up the DagBag from /opt/airflow/dags/test_get_tmd_api.py
[2024-03-26T16:40:16.055+0000] {processor.py:840} INFO - DAG(s) 'test_get_tmd_api' retrieved from /opt/airflow/dags/test_get_tmd_api.py
[2024-03-26T16:40:16.124+0000] {logging_mixin.py:188} INFO - [2024-03-26T16:40:16.124+0000] {dag.py:3047} INFO - Sync 1 DAGs
[2024-03-26T16:40:16.163+0000] {logging_mixin.py:188} INFO - [2024-03-26T16:40:16.162+0000] {dag.py:3834} INFO - Setting next_dagrun for test_get_tmd_api to None, run_after=None
[2024-03-26T16:40:16.219+0000] {processor.py:183} INFO - Processing /opt/airflow/dags/test_get_tmd_api.py took 0.215 seconds
[2024-03-26T16:40:46.614+0000] {processor.py:161} INFO - Started process (PID=45924) to work on /opt/airflow/dags/test_get_tmd_api.py
[2024-03-26T16:40:46.618+0000] {processor.py:830} INFO - Processing file /opt/airflow/dags/test_get_tmd_api.py for tasks to queue
[2024-03-26T16:40:46.621+0000] {logging_mixin.py:188} INFO - [2024-03-26T16:40:46.620+0000] {dagbag.py:540} INFO - Filling up the DagBag from /opt/airflow/dags/test_get_tmd_api.py
[2024-03-26T16:40:46.652+0000] {processor.py:840} INFO - DAG(s) 'test_get_tmd_api' retrieved from /opt/airflow/dags/test_get_tmd_api.py
[2024-03-26T16:40:46.722+0000] {logging_mixin.py:188} INFO - [2024-03-26T16:40:46.722+0000] {dag.py:3047} INFO - Sync 1 DAGs
[2024-03-26T16:40:46.765+0000] {logging_mixin.py:188} INFO - [2024-03-26T16:40:46.764+0000] {dag.py:3834} INFO - Setting next_dagrun for test_get_tmd_api to None, run_after=None
[2024-03-26T16:40:46.823+0000] {processor.py:183} INFO - Processing /opt/airflow/dags/test_get_tmd_api.py took 0.226 seconds
[2024-03-26T16:41:17.291+0000] {processor.py:161} INFO - Started process (PID=45945) to work on /opt/airflow/dags/test_get_tmd_api.py
[2024-03-26T16:41:17.294+0000] {processor.py:830} INFO - Processing file /opt/airflow/dags/test_get_tmd_api.py for tasks to queue
[2024-03-26T16:41:17.297+0000] {logging_mixin.py:188} INFO - [2024-03-26T16:41:17.296+0000] {dagbag.py:540} INFO - Filling up the DagBag from /opt/airflow/dags/test_get_tmd_api.py
[2024-03-26T16:41:17.326+0000] {processor.py:840} INFO - DAG(s) 'test_get_tmd_api' retrieved from /opt/airflow/dags/test_get_tmd_api.py
[2024-03-26T16:41:17.403+0000] {logging_mixin.py:188} INFO - [2024-03-26T16:41:17.403+0000] {dag.py:3047} INFO - Sync 1 DAGs
[2024-03-26T16:41:17.443+0000] {logging_mixin.py:188} INFO - [2024-03-26T16:41:17.442+0000] {dag.py:3834} INFO - Setting next_dagrun for test_get_tmd_api to None, run_after=None
[2024-03-26T16:41:17.500+0000] {processor.py:183} INFO - Processing /opt/airflow/dags/test_get_tmd_api.py took 0.220 seconds
[2024-03-26T16:41:48.068+0000] {processor.py:161} INFO - Started process (PID=45966) to work on /opt/airflow/dags/test_get_tmd_api.py
[2024-03-26T16:41:48.071+0000] {processor.py:830} INFO - Processing file /opt/airflow/dags/test_get_tmd_api.py for tasks to queue
[2024-03-26T16:41:48.074+0000] {logging_mixin.py:188} INFO - [2024-03-26T16:41:48.073+0000] {dagbag.py:540} INFO - Filling up the DagBag from /opt/airflow/dags/test_get_tmd_api.py
[2024-03-26T16:41:48.102+0000] {processor.py:840} INFO - DAG(s) 'test_get_tmd_api' retrieved from /opt/airflow/dags/test_get_tmd_api.py
[2024-03-26T16:41:48.171+0000] {logging_mixin.py:188} INFO - [2024-03-26T16:41:48.170+0000] {dag.py:3047} INFO - Sync 1 DAGs
[2024-03-26T16:41:48.208+0000] {logging_mixin.py:188} INFO - [2024-03-26T16:41:48.208+0000] {dag.py:3834} INFO - Setting next_dagrun for test_get_tmd_api to None, run_after=None
[2024-03-26T16:41:48.262+0000] {processor.py:183} INFO - Processing /opt/airflow/dags/test_get_tmd_api.py took 0.206 seconds
[2024-03-26T16:42:07.520+0000] {processor.py:161} INFO - Started process (PID=45981) to work on /opt/airflow/dags/test_get_tmd_api.py
[2024-03-26T16:42:07.523+0000] {processor.py:830} INFO - Processing file /opt/airflow/dags/test_get_tmd_api.py for tasks to queue
[2024-03-26T16:42:07.526+0000] {logging_mixin.py:188} INFO - [2024-03-26T16:42:07.525+0000] {dagbag.py:540} INFO - Filling up the DagBag from /opt/airflow/dags/test_get_tmd_api.py
[2024-03-26T16:42:07.557+0000] {processor.py:840} INFO - DAG(s) 'test_get_tmd_api' retrieved from /opt/airflow/dags/test_get_tmd_api.py
[2024-03-26T16:42:07.626+0000] {logging_mixin.py:188} INFO - [2024-03-26T16:42:07.626+0000] {dag.py:3047} INFO - Sync 1 DAGs
[2024-03-26T16:42:07.664+0000] {logging_mixin.py:188} INFO - [2024-03-26T16:42:07.663+0000] {dag.py:3834} INFO - Setting next_dagrun for test_get_tmd_api to None, run_after=None
[2024-03-26T16:42:07.724+0000] {processor.py:183} INFO - Processing /opt/airflow/dags/test_get_tmd_api.py took 0.215 seconds
[2024-03-26T16:42:38.097+0000] {processor.py:161} INFO - Started process (PID=46004) to work on /opt/airflow/dags/test_get_tmd_api.py
[2024-03-26T16:42:38.101+0000] {processor.py:830} INFO - Processing file /opt/airflow/dags/test_get_tmd_api.py for tasks to queue
[2024-03-26T16:42:38.104+0000] {logging_mixin.py:188} INFO - [2024-03-26T16:42:38.103+0000] {dagbag.py:540} INFO - Filling up the DagBag from /opt/airflow/dags/test_get_tmd_api.py
[2024-03-26T16:42:38.136+0000] {processor.py:840} INFO - DAG(s) 'test_get_tmd_api' retrieved from /opt/airflow/dags/test_get_tmd_api.py
[2024-03-26T16:42:38.223+0000] {logging_mixin.py:188} INFO - [2024-03-26T16:42:38.222+0000] {dag.py:3047} INFO - Sync 1 DAGs
[2024-03-26T16:42:38.275+0000] {logging_mixin.py:188} INFO - [2024-03-26T16:42:38.272+0000] {dag.py:3834} INFO - Setting next_dagrun for test_get_tmd_api to None, run_after=None
[2024-03-26T16:42:38.340+0000] {processor.py:183} INFO - Processing /opt/airflow/dags/test_get_tmd_api.py took 0.254 seconds
[2024-03-26T16:43:08.892+0000] {processor.py:161} INFO - Started process (PID=46025) to work on /opt/airflow/dags/test_get_tmd_api.py
[2024-03-26T16:43:08.895+0000] {processor.py:830} INFO - Processing file /opt/airflow/dags/test_get_tmd_api.py for tasks to queue
[2024-03-26T16:43:08.898+0000] {logging_mixin.py:188} INFO - [2024-03-26T16:43:08.897+0000] {dagbag.py:540} INFO - Filling up the DagBag from /opt/airflow/dags/test_get_tmd_api.py
[2024-03-26T16:43:08.927+0000] {processor.py:840} INFO - DAG(s) 'test_get_tmd_api' retrieved from /opt/airflow/dags/test_get_tmd_api.py
[2024-03-26T16:43:09.007+0000] {logging_mixin.py:188} INFO - [2024-03-26T16:43:09.006+0000] {dag.py:3047} INFO - Sync 1 DAGs
[2024-03-26T16:43:09.052+0000] {logging_mixin.py:188} INFO - [2024-03-26T16:43:09.051+0000] {dag.py:3834} INFO - Setting next_dagrun for test_get_tmd_api to None, run_after=None
[2024-03-26T16:43:09.118+0000] {processor.py:183} INFO - Processing /opt/airflow/dags/test_get_tmd_api.py took 0.238 seconds
[2024-03-26T16:43:39.582+0000] {processor.py:161} INFO - Started process (PID=46050) to work on /opt/airflow/dags/test_get_tmd_api.py
[2024-03-26T16:43:39.586+0000] {processor.py:830} INFO - Processing file /opt/airflow/dags/test_get_tmd_api.py for tasks to queue
[2024-03-26T16:43:39.590+0000] {logging_mixin.py:188} INFO - [2024-03-26T16:43:39.589+0000] {dagbag.py:540} INFO - Filling up the DagBag from /opt/airflow/dags/test_get_tmd_api.py
[2024-03-26T16:43:39.619+0000] {processor.py:840} INFO - DAG(s) 'test_get_tmd_api' retrieved from /opt/airflow/dags/test_get_tmd_api.py
[2024-03-26T16:43:39.690+0000] {logging_mixin.py:188} INFO - [2024-03-26T16:43:39.690+0000] {dag.py:3047} INFO - Sync 1 DAGs
[2024-03-26T16:43:39.729+0000] {logging_mixin.py:188} INFO - [2024-03-26T16:43:39.728+0000] {dag.py:3834} INFO - Setting next_dagrun for test_get_tmd_api to None, run_after=None
[2024-03-26T16:43:39.785+0000] {processor.py:183} INFO - Processing /opt/airflow/dags/test_get_tmd_api.py took 0.213 seconds
[2024-03-26T16:43:48.808+0000] {processor.py:161} INFO - Started process (PID=46061) to work on /opt/airflow/dags/test_get_tmd_api.py
[2024-03-26T16:43:48.810+0000] {processor.py:830} INFO - Processing file /opt/airflow/dags/test_get_tmd_api.py for tasks to queue
[2024-03-26T16:43:48.813+0000] {logging_mixin.py:188} INFO - [2024-03-26T16:43:48.812+0000] {dagbag.py:540} INFO - Filling up the DagBag from /opt/airflow/dags/test_get_tmd_api.py
[2024-03-26T16:43:48.846+0000] {processor.py:840} INFO - DAG(s) 'test_get_tmd_api' retrieved from /opt/airflow/dags/test_get_tmd_api.py
[2024-03-26T16:43:48.918+0000] {logging_mixin.py:188} INFO - [2024-03-26T16:43:48.917+0000] {dag.py:3047} INFO - Sync 1 DAGs
[2024-03-26T16:43:48.956+0000] {logging_mixin.py:188} INFO - [2024-03-26T16:43:48.955+0000] {dag.py:3834} INFO - Setting next_dagrun for test_get_tmd_api to None, run_after=None
[2024-03-26T16:43:49.028+0000] {processor.py:183} INFO - Processing /opt/airflow/dags/test_get_tmd_api.py took 0.231 seconds
[2024-03-26T16:44:19.501+0000] {processor.py:161} INFO - Started process (PID=46086) to work on /opt/airflow/dags/test_get_tmd_api.py
[2024-03-26T16:44:19.505+0000] {processor.py:830} INFO - Processing file /opt/airflow/dags/test_get_tmd_api.py for tasks to queue
[2024-03-26T16:44:19.507+0000] {logging_mixin.py:188} INFO - [2024-03-26T16:44:19.506+0000] {dagbag.py:540} INFO - Filling up the DagBag from /opt/airflow/dags/test_get_tmd_api.py
[2024-03-26T16:44:19.536+0000] {processor.py:840} INFO - DAG(s) 'test_get_tmd_api' retrieved from /opt/airflow/dags/test_get_tmd_api.py
[2024-03-26T16:44:19.608+0000] {logging_mixin.py:188} INFO - [2024-03-26T16:44:19.607+0000] {dag.py:3047} INFO - Sync 1 DAGs
[2024-03-26T16:44:19.648+0000] {logging_mixin.py:188} INFO - [2024-03-26T16:44:19.648+0000] {dag.py:3834} INFO - Setting next_dagrun for test_get_tmd_api to None, run_after=None
[2024-03-26T16:44:19.707+0000] {processor.py:183} INFO - Processing /opt/airflow/dags/test_get_tmd_api.py took 0.217 seconds
[2024-03-26T16:44:50.270+0000] {processor.py:161} INFO - Started process (PID=46108) to work on /opt/airflow/dags/test_get_tmd_api.py
[2024-03-26T16:44:50.274+0000] {processor.py:830} INFO - Processing file /opt/airflow/dags/test_get_tmd_api.py for tasks to queue
[2024-03-26T16:44:50.277+0000] {logging_mixin.py:188} INFO - [2024-03-26T16:44:50.276+0000] {dagbag.py:540} INFO - Filling up the DagBag from /opt/airflow/dags/test_get_tmd_api.py
[2024-03-26T16:44:50.309+0000] {processor.py:840} INFO - DAG(s) 'test_get_tmd_api' retrieved from /opt/airflow/dags/test_get_tmd_api.py
[2024-03-26T16:44:50.378+0000] {logging_mixin.py:188} INFO - [2024-03-26T16:44:50.378+0000] {dag.py:3047} INFO - Sync 1 DAGs
[2024-03-26T16:44:50.428+0000] {logging_mixin.py:188} INFO - [2024-03-26T16:44:50.428+0000] {dag.py:3834} INFO - Setting next_dagrun for test_get_tmd_api to None, run_after=None
[2024-03-26T16:44:50.492+0000] {processor.py:183} INFO - Processing /opt/airflow/dags/test_get_tmd_api.py took 0.232 seconds
[2024-03-26T16:45:20.988+0000] {processor.py:161} INFO - Started process (PID=46129) to work on /opt/airflow/dags/test_get_tmd_api.py
[2024-03-26T16:45:20.995+0000] {processor.py:830} INFO - Processing file /opt/airflow/dags/test_get_tmd_api.py for tasks to queue
[2024-03-26T16:45:21.000+0000] {logging_mixin.py:188} INFO - [2024-03-26T16:45:20.998+0000] {dagbag.py:540} INFO - Filling up the DagBag from /opt/airflow/dags/test_get_tmd_api.py
[2024-03-26T16:45:21.036+0000] {processor.py:840} INFO - DAG(s) 'test_get_tmd_api' retrieved from /opt/airflow/dags/test_get_tmd_api.py
[2024-03-26T16:45:21.107+0000] {logging_mixin.py:188} INFO - [2024-03-26T16:45:21.106+0000] {dag.py:3047} INFO - Sync 1 DAGs
[2024-03-26T16:45:21.148+0000] {logging_mixin.py:188} INFO - [2024-03-26T16:45:21.148+0000] {dag.py:3834} INFO - Setting next_dagrun for test_get_tmd_api to None, run_after=None
[2024-03-26T16:45:21.217+0000] {processor.py:183} INFO - Processing /opt/airflow/dags/test_get_tmd_api.py took 0.251 seconds
[2024-03-26T16:45:51.723+0000] {processor.py:161} INFO - Started process (PID=46150) to work on /opt/airflow/dags/test_get_tmd_api.py
[2024-03-26T16:45:51.727+0000] {processor.py:830} INFO - Processing file /opt/airflow/dags/test_get_tmd_api.py for tasks to queue
[2024-03-26T16:45:51.730+0000] {logging_mixin.py:188} INFO - [2024-03-26T16:45:51.729+0000] {dagbag.py:540} INFO - Filling up the DagBag from /opt/airflow/dags/test_get_tmd_api.py
[2024-03-26T16:45:51.759+0000] {processor.py:840} INFO - DAG(s) 'test_get_tmd_api' retrieved from /opt/airflow/dags/test_get_tmd_api.py
[2024-03-26T16:45:51.831+0000] {logging_mixin.py:188} INFO - [2024-03-26T16:45:51.830+0000] {dag.py:3047} INFO - Sync 1 DAGs
[2024-03-26T16:45:51.872+0000] {logging_mixin.py:188} INFO - [2024-03-26T16:45:51.871+0000] {dag.py:3834} INFO - Setting next_dagrun for test_get_tmd_api to None, run_after=None
[2024-03-26T16:45:51.928+0000] {processor.py:183} INFO - Processing /opt/airflow/dags/test_get_tmd_api.py took 0.216 seconds
[2024-03-26T16:45:57.038+0000] {processor.py:161} INFO - Started process (PID=46160) to work on /opt/airflow/dags/test_get_tmd_api.py
[2024-03-26T16:45:57.041+0000] {processor.py:830} INFO - Processing file /opt/airflow/dags/test_get_tmd_api.py for tasks to queue
[2024-03-26T16:45:57.045+0000] {logging_mixin.py:188} INFO - [2024-03-26T16:45:57.044+0000] {dagbag.py:540} INFO - Filling up the DagBag from /opt/airflow/dags/test_get_tmd_api.py
[2024-03-26T16:45:57.084+0000] {processor.py:840} INFO - DAG(s) 'test_get_tmd_api' retrieved from /opt/airflow/dags/test_get_tmd_api.py
[2024-03-26T16:45:57.161+0000] {logging_mixin.py:188} INFO - [2024-03-26T16:45:57.160+0000] {dag.py:3047} INFO - Sync 1 DAGs
[2024-03-26T16:45:57.205+0000] {logging_mixin.py:188} INFO - [2024-03-26T16:45:57.204+0000] {dag.py:3834} INFO - Setting next_dagrun for test_get_tmd_api to None, run_after=None
[2024-03-26T16:45:57.268+0000] {processor.py:183} INFO - Processing /opt/airflow/dags/test_get_tmd_api.py took 0.241 seconds
[2024-03-26T16:46:27.802+0000] {processor.py:161} INFO - Started process (PID=46185) to work on /opt/airflow/dags/test_get_tmd_api.py
[2024-03-26T16:46:27.806+0000] {processor.py:830} INFO - Processing file /opt/airflow/dags/test_get_tmd_api.py for tasks to queue
[2024-03-26T16:46:27.810+0000] {logging_mixin.py:188} INFO - [2024-03-26T16:46:27.809+0000] {dagbag.py:540} INFO - Filling up the DagBag from /opt/airflow/dags/test_get_tmd_api.py
[2024-03-26T16:46:27.847+0000] {processor.py:840} INFO - DAG(s) 'test_get_tmd_api' retrieved from /opt/airflow/dags/test_get_tmd_api.py
[2024-03-26T16:46:27.937+0000] {logging_mixin.py:188} INFO - [2024-03-26T16:46:27.936+0000] {dag.py:3047} INFO - Sync 1 DAGs
[2024-03-26T16:46:27.975+0000] {logging_mixin.py:188} INFO - [2024-03-26T16:46:27.975+0000] {dag.py:3834} INFO - Setting next_dagrun for test_get_tmd_api to None, run_after=None
[2024-03-26T16:46:28.030+0000] {processor.py:183} INFO - Processing /opt/airflow/dags/test_get_tmd_api.py took 0.245 seconds
[2024-03-26T16:46:58.553+0000] {processor.py:161} INFO - Started process (PID=46206) to work on /opt/airflow/dags/test_get_tmd_api.py
[2024-03-26T16:46:58.555+0000] {processor.py:830} INFO - Processing file /opt/airflow/dags/test_get_tmd_api.py for tasks to queue
[2024-03-26T16:46:58.558+0000] {logging_mixin.py:188} INFO - [2024-03-26T16:46:58.557+0000] {dagbag.py:540} INFO - Filling up the DagBag from /opt/airflow/dags/test_get_tmd_api.py
[2024-03-26T16:46:58.587+0000] {processor.py:840} INFO - DAG(s) 'test_get_tmd_api' retrieved from /opt/airflow/dags/test_get_tmd_api.py
[2024-03-26T16:46:58.661+0000] {logging_mixin.py:188} INFO - [2024-03-26T16:46:58.660+0000] {dag.py:3047} INFO - Sync 1 DAGs
[2024-03-26T16:46:58.703+0000] {logging_mixin.py:188} INFO - [2024-03-26T16:46:58.703+0000] {dag.py:3834} INFO - Setting next_dagrun for test_get_tmd_api to None, run_after=None
[2024-03-26T16:46:58.759+0000] {processor.py:183} INFO - Processing /opt/airflow/dags/test_get_tmd_api.py took 0.217 seconds
[2024-03-26T16:47:29.282+0000] {processor.py:161} INFO - Started process (PID=46227) to work on /opt/airflow/dags/test_get_tmd_api.py
[2024-03-26T16:47:29.286+0000] {processor.py:830} INFO - Processing file /opt/airflow/dags/test_get_tmd_api.py for tasks to queue
[2024-03-26T16:47:29.289+0000] {logging_mixin.py:188} INFO - [2024-03-26T16:47:29.288+0000] {dagbag.py:540} INFO - Filling up the DagBag from /opt/airflow/dags/test_get_tmd_api.py
[2024-03-26T16:47:29.318+0000] {processor.py:840} INFO - DAG(s) 'test_get_tmd_api' retrieved from /opt/airflow/dags/test_get_tmd_api.py
[2024-03-26T16:47:29.392+0000] {logging_mixin.py:188} INFO - [2024-03-26T16:47:29.391+0000] {dag.py:3047} INFO - Sync 1 DAGs
[2024-03-26T16:47:29.430+0000] {logging_mixin.py:188} INFO - [2024-03-26T16:47:29.429+0000] {dag.py:3834} INFO - Setting next_dagrun for test_get_tmd_api to None, run_after=None
[2024-03-26T16:47:29.498+0000] {processor.py:183} INFO - Processing /opt/airflow/dags/test_get_tmd_api.py took 0.226 seconds
[2024-03-26T16:47:59.936+0000] {processor.py:161} INFO - Started process (PID=46249) to work on /opt/airflow/dags/test_get_tmd_api.py
[2024-03-26T16:47:59.940+0000] {processor.py:830} INFO - Processing file /opt/airflow/dags/test_get_tmd_api.py for tasks to queue
[2024-03-26T16:47:59.942+0000] {logging_mixin.py:188} INFO - [2024-03-26T16:47:59.941+0000] {dagbag.py:540} INFO - Filling up the DagBag from /opt/airflow/dags/test_get_tmd_api.py
[2024-03-26T16:47:59.972+0000] {processor.py:840} INFO - DAG(s) 'test_get_tmd_api' retrieved from /opt/airflow/dags/test_get_tmd_api.py
[2024-03-26T16:48:00.042+0000] {logging_mixin.py:188} INFO - [2024-03-26T16:48:00.041+0000] {dag.py:3047} INFO - Sync 1 DAGs
[2024-03-26T16:48:00.080+0000] {logging_mixin.py:188} INFO - [2024-03-26T16:48:00.079+0000] {dag.py:3834} INFO - Setting next_dagrun for test_get_tmd_api to None, run_after=None
[2024-03-26T16:48:00.138+0000] {processor.py:183} INFO - Processing /opt/airflow/dags/test_get_tmd_api.py took 0.213 seconds
[2024-03-26T16:48:30.676+0000] {processor.py:161} INFO - Started process (PID=46270) to work on /opt/airflow/dags/test_get_tmd_api.py
[2024-03-26T16:48:30.680+0000] {processor.py:830} INFO - Processing file /opt/airflow/dags/test_get_tmd_api.py for tasks to queue
[2024-03-26T16:48:30.682+0000] {logging_mixin.py:188} INFO - [2024-03-26T16:48:30.681+0000] {dagbag.py:540} INFO - Filling up the DagBag from /opt/airflow/dags/test_get_tmd_api.py
[2024-03-26T16:48:30.711+0000] {processor.py:840} INFO - DAG(s) 'test_get_tmd_api' retrieved from /opt/airflow/dags/test_get_tmd_api.py
[2024-03-26T16:48:30.781+0000] {logging_mixin.py:188} INFO - [2024-03-26T16:48:30.781+0000] {dag.py:3047} INFO - Sync 1 DAGs
[2024-03-26T16:48:30.820+0000] {logging_mixin.py:188} INFO - [2024-03-26T16:48:30.819+0000] {dag.py:3834} INFO - Setting next_dagrun for test_get_tmd_api to None, run_after=None
[2024-03-26T16:48:30.877+0000] {processor.py:183} INFO - Processing /opt/airflow/dags/test_get_tmd_api.py took 0.211 seconds
[2024-03-26T16:48:35.939+0000] {processor.py:161} INFO - Started process (PID=46275) to work on /opt/airflow/dags/test_get_tmd_api.py
[2024-03-26T16:48:35.943+0000] {processor.py:830} INFO - Processing file /opt/airflow/dags/test_get_tmd_api.py for tasks to queue
[2024-03-26T16:48:35.947+0000] {logging_mixin.py:188} INFO - [2024-03-26T16:48:35.946+0000] {dagbag.py:540} INFO - Filling up the DagBag from /opt/airflow/dags/test_get_tmd_api.py
[2024-03-26T16:48:35.984+0000] {processor.py:840} INFO - DAG(s) 'test_get_tmd_api' retrieved from /opt/airflow/dags/test_get_tmd_api.py
[2024-03-26T16:48:36.067+0000] {logging_mixin.py:188} INFO - [2024-03-26T16:48:36.066+0000] {dag.py:3047} INFO - Sync 1 DAGs
[2024-03-26T16:48:36.112+0000] {logging_mixin.py:188} INFO - [2024-03-26T16:48:36.111+0000] {dag.py:3834} INFO - Setting next_dagrun for test_get_tmd_api to None, run_after=None
[2024-03-26T16:48:36.185+0000] {processor.py:183} INFO - Processing /opt/airflow/dags/test_get_tmd_api.py took 0.259 seconds
[2024-03-26T16:49:06.552+0000] {processor.py:161} INFO - Started process (PID=46298) to work on /opt/airflow/dags/test_get_tmd_api.py
[2024-03-26T16:49:06.555+0000] {processor.py:830} INFO - Processing file /opt/airflow/dags/test_get_tmd_api.py for tasks to queue
[2024-03-26T16:49:06.558+0000] {logging_mixin.py:188} INFO - [2024-03-26T16:49:06.557+0000] {dagbag.py:540} INFO - Filling up the DagBag from /opt/airflow/dags/test_get_tmd_api.py
[2024-03-26T16:49:06.592+0000] {processor.py:840} INFO - DAG(s) 'test_get_tmd_api' retrieved from /opt/airflow/dags/test_get_tmd_api.py
[2024-03-26T16:49:06.676+0000] {logging_mixin.py:188} INFO - [2024-03-26T16:49:06.675+0000] {dag.py:3047} INFO - Sync 1 DAGs
[2024-03-26T16:49:06.726+0000] {logging_mixin.py:188} INFO - [2024-03-26T16:49:06.726+0000] {dag.py:3834} INFO - Setting next_dagrun for test_get_tmd_api to None, run_after=None
[2024-03-26T16:49:06.808+0000] {processor.py:183} INFO - Processing /opt/airflow/dags/test_get_tmd_api.py took 0.269 seconds
[2024-03-26T16:49:37.221+0000] {processor.py:161} INFO - Started process (PID=46321) to work on /opt/airflow/dags/test_get_tmd_api.py
[2024-03-26T16:49:37.226+0000] {processor.py:830} INFO - Processing file /opt/airflow/dags/test_get_tmd_api.py for tasks to queue
[2024-03-26T16:49:37.229+0000] {logging_mixin.py:188} INFO - [2024-03-26T16:49:37.228+0000] {dagbag.py:540} INFO - Filling up the DagBag from /opt/airflow/dags/test_get_tmd_api.py
[2024-03-26T16:49:37.262+0000] {processor.py:840} INFO - DAG(s) 'test_get_tmd_api' retrieved from /opt/airflow/dags/test_get_tmd_api.py
[2024-03-26T16:49:37.347+0000] {logging_mixin.py:188} INFO - [2024-03-26T16:49:37.347+0000] {dag.py:3047} INFO - Sync 1 DAGs
[2024-03-26T16:49:37.393+0000] {logging_mixin.py:188} INFO - [2024-03-26T16:49:37.392+0000] {dag.py:3834} INFO - Setting next_dagrun for test_get_tmd_api to None, run_after=None
[2024-03-26T16:49:37.491+0000] {processor.py:183} INFO - Processing /opt/airflow/dags/test_get_tmd_api.py took 0.283 seconds
[2024-03-26T16:50:07.942+0000] {processor.py:161} INFO - Started process (PID=46342) to work on /opt/airflow/dags/test_get_tmd_api.py
[2024-03-26T16:50:07.947+0000] {processor.py:830} INFO - Processing file /opt/airflow/dags/test_get_tmd_api.py for tasks to queue
[2024-03-26T16:50:07.951+0000] {logging_mixin.py:188} INFO - [2024-03-26T16:50:07.950+0000] {dagbag.py:540} INFO - Filling up the DagBag from /opt/airflow/dags/test_get_tmd_api.py
[2024-03-26T16:50:08.001+0000] {processor.py:840} INFO - DAG(s) 'test_get_tmd_api' retrieved from /opt/airflow/dags/test_get_tmd_api.py
[2024-03-26T16:50:08.127+0000] {logging_mixin.py:188} INFO - [2024-03-26T16:50:08.126+0000] {dag.py:3047} INFO - Sync 1 DAGs
[2024-03-26T16:50:08.181+0000] {logging_mixin.py:188} INFO - [2024-03-26T16:50:08.180+0000] {dag.py:3834} INFO - Setting next_dagrun for test_get_tmd_api to None, run_after=None
[2024-03-26T16:50:08.252+0000] {processor.py:183} INFO - Processing /opt/airflow/dags/test_get_tmd_api.py took 0.324 seconds
[2024-03-26T16:50:38.637+0000] {processor.py:161} INFO - Started process (PID=46363) to work on /opt/airflow/dags/test_get_tmd_api.py
[2024-03-26T16:50:38.641+0000] {processor.py:830} INFO - Processing file /opt/airflow/dags/test_get_tmd_api.py for tasks to queue
[2024-03-26T16:50:38.644+0000] {logging_mixin.py:188} INFO - [2024-03-26T16:50:38.643+0000] {dagbag.py:540} INFO - Filling up the DagBag from /opt/airflow/dags/test_get_tmd_api.py
[2024-03-26T16:50:38.677+0000] {processor.py:840} INFO - DAG(s) 'test_get_tmd_api' retrieved from /opt/airflow/dags/test_get_tmd_api.py
[2024-03-26T16:50:38.774+0000] {logging_mixin.py:188} INFO - [2024-03-26T16:50:38.773+0000] {dag.py:3047} INFO - Sync 1 DAGs
[2024-03-26T16:50:38.823+0000] {logging_mixin.py:188} INFO - [2024-03-26T16:50:38.822+0000] {dag.py:3834} INFO - Setting next_dagrun for test_get_tmd_api to None, run_after=None
[2024-03-26T16:50:38.891+0000] {processor.py:183} INFO - Processing /opt/airflow/dags/test_get_tmd_api.py took 0.267 seconds
[2024-03-26T16:51:09.302+0000] {processor.py:161} INFO - Started process (PID=46384) to work on /opt/airflow/dags/test_get_tmd_api.py
[2024-03-26T16:51:09.306+0000] {processor.py:830} INFO - Processing file /opt/airflow/dags/test_get_tmd_api.py for tasks to queue
[2024-03-26T16:51:09.309+0000] {logging_mixin.py:188} INFO - [2024-03-26T16:51:09.308+0000] {dagbag.py:540} INFO - Filling up the DagBag from /opt/airflow/dags/test_get_tmd_api.py
[2024-03-26T16:51:09.342+0000] {processor.py:840} INFO - DAG(s) 'test_get_tmd_api' retrieved from /opt/airflow/dags/test_get_tmd_api.py
[2024-03-26T16:51:09.431+0000] {logging_mixin.py:188} INFO - [2024-03-26T16:51:09.430+0000] {dag.py:3047} INFO - Sync 1 DAGs
[2024-03-26T16:51:09.481+0000] {logging_mixin.py:188} INFO - [2024-03-26T16:51:09.480+0000] {dag.py:3834} INFO - Setting next_dagrun for test_get_tmd_api to None, run_after=None
[2024-03-26T16:51:09.551+0000] {processor.py:183} INFO - Processing /opt/airflow/dags/test_get_tmd_api.py took 0.262 seconds
[2024-03-26T16:51:39.971+0000] {processor.py:161} INFO - Started process (PID=46405) to work on /opt/airflow/dags/test_get_tmd_api.py
[2024-03-26T16:51:39.975+0000] {processor.py:830} INFO - Processing file /opt/airflow/dags/test_get_tmd_api.py for tasks to queue
[2024-03-26T16:51:39.978+0000] {logging_mixin.py:188} INFO - [2024-03-26T16:51:39.977+0000] {dagbag.py:540} INFO - Filling up the DagBag from /opt/airflow/dags/test_get_tmd_api.py
[2024-03-26T16:51:40.011+0000] {processor.py:840} INFO - DAG(s) 'test_get_tmd_api' retrieved from /opt/airflow/dags/test_get_tmd_api.py
[2024-03-26T16:51:40.097+0000] {logging_mixin.py:188} INFO - [2024-03-26T16:51:40.095+0000] {dag.py:3047} INFO - Sync 1 DAGs
[2024-03-26T16:51:40.141+0000] {logging_mixin.py:188} INFO - [2024-03-26T16:51:40.140+0000] {dag.py:3834} INFO - Setting next_dagrun for test_get_tmd_api to None, run_after=None
[2024-03-26T16:51:40.207+0000] {processor.py:183} INFO - Processing /opt/airflow/dags/test_get_tmd_api.py took 0.250 seconds
[2024-03-26T16:52:10.593+0000] {processor.py:161} INFO - Started process (PID=46430) to work on /opt/airflow/dags/test_get_tmd_api.py
[2024-03-26T16:52:10.596+0000] {processor.py:830} INFO - Processing file /opt/airflow/dags/test_get_tmd_api.py for tasks to queue
[2024-03-26T16:52:10.599+0000] {logging_mixin.py:188} INFO - [2024-03-26T16:52:10.598+0000] {dagbag.py:540} INFO - Filling up the DagBag from /opt/airflow/dags/test_get_tmd_api.py
[2024-03-26T16:52:10.634+0000] {processor.py:840} INFO - DAG(s) 'test_get_tmd_api' retrieved from /opt/airflow/dags/test_get_tmd_api.py
[2024-03-26T16:52:10.734+0000] {logging_mixin.py:188} INFO - [2024-03-26T16:52:10.733+0000] {dag.py:3047} INFO - Sync 1 DAGs
[2024-03-26T16:52:10.780+0000] {logging_mixin.py:188} INFO - [2024-03-26T16:52:10.779+0000] {dag.py:3834} INFO - Setting next_dagrun for test_get_tmd_api to None, run_after=None
[2024-03-26T16:52:10.885+0000] {processor.py:183} INFO - Processing /opt/airflow/dags/test_get_tmd_api.py took 0.305 seconds
[2024-03-26T16:52:41.225+0000] {processor.py:161} INFO - Started process (PID=46451) to work on /opt/airflow/dags/test_get_tmd_api.py
[2024-03-26T16:52:41.229+0000] {processor.py:830} INFO - Processing file /opt/airflow/dags/test_get_tmd_api.py for tasks to queue
[2024-03-26T16:52:41.232+0000] {logging_mixin.py:188} INFO - [2024-03-26T16:52:41.230+0000] {dagbag.py:540} INFO - Filling up the DagBag from /opt/airflow/dags/test_get_tmd_api.py
[2024-03-26T16:52:41.264+0000] {processor.py:840} INFO - DAG(s) 'test_get_tmd_api' retrieved from /opt/airflow/dags/test_get_tmd_api.py
[2024-03-26T16:52:41.358+0000] {logging_mixin.py:188} INFO - [2024-03-26T16:52:41.357+0000] {dag.py:3047} INFO - Sync 1 DAGs
[2024-03-26T16:52:41.430+0000] {logging_mixin.py:188} INFO - [2024-03-26T16:52:41.429+0000] {dag.py:3834} INFO - Setting next_dagrun for test_get_tmd_api to None, run_after=None
[2024-03-26T16:52:41.524+0000] {processor.py:183} INFO - Processing /opt/airflow/dags/test_get_tmd_api.py took 0.312 seconds
[2024-03-26T16:53:11.874+0000] {processor.py:161} INFO - Started process (PID=46472) to work on /opt/airflow/dags/test_get_tmd_api.py
[2024-03-26T16:53:11.877+0000] {processor.py:830} INFO - Processing file /opt/airflow/dags/test_get_tmd_api.py for tasks to queue
[2024-03-26T16:53:11.881+0000] {logging_mixin.py:188} INFO - [2024-03-26T16:53:11.880+0000] {dagbag.py:540} INFO - Filling up the DagBag from /opt/airflow/dags/test_get_tmd_api.py
[2024-03-26T16:53:11.914+0000] {processor.py:840} INFO - DAG(s) 'test_get_tmd_api' retrieved from /opt/airflow/dags/test_get_tmd_api.py
[2024-03-26T16:53:11.997+0000] {logging_mixin.py:188} INFO - [2024-03-26T16:53:11.996+0000] {dag.py:3047} INFO - Sync 1 DAGs
[2024-03-26T16:53:12.046+0000] {logging_mixin.py:188} INFO - [2024-03-26T16:53:12.045+0000] {dag.py:3834} INFO - Setting next_dagrun for test_get_tmd_api to None, run_after=None
[2024-03-26T16:53:12.111+0000] {processor.py:183} INFO - Processing /opt/airflow/dags/test_get_tmd_api.py took 0.249 seconds
[2024-03-26T16:53:42.475+0000] {processor.py:161} INFO - Started process (PID=46493) to work on /opt/airflow/dags/test_get_tmd_api.py
[2024-03-26T16:53:42.479+0000] {processor.py:830} INFO - Processing file /opt/airflow/dags/test_get_tmd_api.py for tasks to queue
[2024-03-26T16:53:42.482+0000] {logging_mixin.py:188} INFO - [2024-03-26T16:53:42.481+0000] {dagbag.py:540} INFO - Filling up the DagBag from /opt/airflow/dags/test_get_tmd_api.py
[2024-03-26T16:53:42.515+0000] {processor.py:840} INFO - DAG(s) 'test_get_tmd_api' retrieved from /opt/airflow/dags/test_get_tmd_api.py
[2024-03-26T16:53:42.598+0000] {logging_mixin.py:188} INFO - [2024-03-26T16:53:42.597+0000] {dag.py:3047} INFO - Sync 1 DAGs
[2024-03-26T16:53:42.646+0000] {logging_mixin.py:188} INFO - [2024-03-26T16:53:42.646+0000] {dag.py:3834} INFO - Setting next_dagrun for test_get_tmd_api to None, run_after=None
[2024-03-26T16:53:42.711+0000] {processor.py:183} INFO - Processing /opt/airflow/dags/test_get_tmd_api.py took 0.249 seconds
[2024-03-26T16:54:13.071+0000] {processor.py:161} INFO - Started process (PID=46514) to work on /opt/airflow/dags/test_get_tmd_api.py
[2024-03-26T16:54:13.075+0000] {processor.py:830} INFO - Processing file /opt/airflow/dags/test_get_tmd_api.py for tasks to queue
[2024-03-26T16:54:13.079+0000] {logging_mixin.py:188} INFO - [2024-03-26T16:54:13.078+0000] {dagbag.py:540} INFO - Filling up the DagBag from /opt/airflow/dags/test_get_tmd_api.py
[2024-03-26T16:54:13.112+0000] {processor.py:840} INFO - DAG(s) 'test_get_tmd_api' retrieved from /opt/airflow/dags/test_get_tmd_api.py
[2024-03-26T16:54:13.211+0000] {logging_mixin.py:188} INFO - [2024-03-26T16:54:13.209+0000] {dag.py:3047} INFO - Sync 1 DAGs
[2024-03-26T16:54:13.262+0000] {logging_mixin.py:188} INFO - [2024-03-26T16:54:13.261+0000] {dag.py:3834} INFO - Setting next_dagrun for test_get_tmd_api to None, run_after=None
[2024-03-26T16:54:13.327+0000] {processor.py:183} INFO - Processing /opt/airflow/dags/test_get_tmd_api.py took 0.269 seconds
[2024-03-26T16:54:43.717+0000] {processor.py:161} INFO - Started process (PID=46536) to work on /opt/airflow/dags/test_get_tmd_api.py
[2024-03-26T16:54:43.720+0000] {processor.py:830} INFO - Processing file /opt/airflow/dags/test_get_tmd_api.py for tasks to queue
[2024-03-26T16:54:43.724+0000] {logging_mixin.py:188} INFO - [2024-03-26T16:54:43.722+0000] {dagbag.py:540} INFO - Filling up the DagBag from /opt/airflow/dags/test_get_tmd_api.py
[2024-03-26T16:54:43.757+0000] {processor.py:840} INFO - DAG(s) 'test_get_tmd_api' retrieved from /opt/airflow/dags/test_get_tmd_api.py
[2024-03-26T16:54:43.850+0000] {logging_mixin.py:188} INFO - [2024-03-26T16:54:43.849+0000] {dag.py:3047} INFO - Sync 1 DAGs
[2024-03-26T16:54:43.906+0000] {logging_mixin.py:188} INFO - [2024-03-26T16:54:43.905+0000] {dag.py:3834} INFO - Setting next_dagrun for test_get_tmd_api to None, run_after=None
[2024-03-26T16:54:43.988+0000] {processor.py:183} INFO - Processing /opt/airflow/dags/test_get_tmd_api.py took 0.284 seconds
[2024-03-26T16:55:14.434+0000] {processor.py:161} INFO - Started process (PID=46557) to work on /opt/airflow/dags/test_get_tmd_api.py
[2024-03-26T16:55:14.439+0000] {processor.py:830} INFO - Processing file /opt/airflow/dags/test_get_tmd_api.py for tasks to queue
[2024-03-26T16:55:14.442+0000] {logging_mixin.py:188} INFO - [2024-03-26T16:55:14.441+0000] {dagbag.py:540} INFO - Filling up the DagBag from /opt/airflow/dags/test_get_tmd_api.py
[2024-03-26T16:55:14.476+0000] {processor.py:840} INFO - DAG(s) 'test_get_tmd_api' retrieved from /opt/airflow/dags/test_get_tmd_api.py
[2024-03-26T16:55:14.571+0000] {logging_mixin.py:188} INFO - [2024-03-26T16:55:14.570+0000] {dag.py:3047} INFO - Sync 1 DAGs
[2024-03-26T16:55:14.628+0000] {logging_mixin.py:188} INFO - [2024-03-26T16:55:14.628+0000] {dag.py:3834} INFO - Setting next_dagrun for test_get_tmd_api to None, run_after=None
[2024-03-26T16:55:14.702+0000] {processor.py:183} INFO - Processing /opt/airflow/dags/test_get_tmd_api.py took 0.281 seconds
[2024-03-26T16:55:23.867+0000] {processor.py:161} INFO - Started process (PID=46573) to work on /opt/airflow/dags/test_get_tmd_api.py
[2024-03-26T16:55:23.870+0000] {processor.py:830} INFO - Processing file /opt/airflow/dags/test_get_tmd_api.py for tasks to queue
[2024-03-26T16:55:23.874+0000] {logging_mixin.py:188} INFO - [2024-03-26T16:55:23.873+0000] {dagbag.py:540} INFO - Filling up the DagBag from /opt/airflow/dags/test_get_tmd_api.py
[2024-03-26T16:55:23.908+0000] {processor.py:840} INFO - DAG(s) 'test_get_tmd_api' retrieved from /opt/airflow/dags/test_get_tmd_api.py
[2024-03-26T16:55:23.978+0000] {logging_mixin.py:188} INFO - [2024-03-26T16:55:23.977+0000] {dag.py:3047} INFO - Sync 1 DAGs
[2024-03-26T16:55:24.017+0000] {logging_mixin.py:188} INFO - [2024-03-26T16:55:24.017+0000] {dag.py:3834} INFO - Setting next_dagrun for test_get_tmd_api to None, run_after=None
[2024-03-26T16:55:24.077+0000] {processor.py:183} INFO - Processing /opt/airflow/dags/test_get_tmd_api.py took 0.221 seconds
[2024-03-26T16:55:54.466+0000] {processor.py:161} INFO - Started process (PID=46596) to work on /opt/airflow/dags/test_get_tmd_api.py
[2024-03-26T16:55:54.470+0000] {processor.py:830} INFO - Processing file /opt/airflow/dags/test_get_tmd_api.py for tasks to queue
[2024-03-26T16:55:54.475+0000] {logging_mixin.py:188} INFO - [2024-03-26T16:55:54.473+0000] {dagbag.py:540} INFO - Filling up the DagBag from /opt/airflow/dags/test_get_tmd_api.py
[2024-03-26T16:55:54.525+0000] {processor.py:840} INFO - DAG(s) 'test_get_tmd_api' retrieved from /opt/airflow/dags/test_get_tmd_api.py
[2024-03-26T16:55:54.624+0000] {logging_mixin.py:188} INFO - [2024-03-26T16:55:54.623+0000] {dag.py:3047} INFO - Sync 1 DAGs
[2024-03-26T16:55:54.681+0000] {logging_mixin.py:188} INFO - [2024-03-26T16:55:54.680+0000] {dag.py:3834} INFO - Setting next_dagrun for test_get_tmd_api to None, run_after=None
[2024-03-26T16:55:54.757+0000] {processor.py:183} INFO - Processing /opt/airflow/dags/test_get_tmd_api.py took 0.304 seconds
[2024-03-26T16:56:25.222+0000] {processor.py:161} INFO - Started process (PID=46619) to work on /opt/airflow/dags/test_get_tmd_api.py
[2024-03-26T16:56:25.225+0000] {processor.py:830} INFO - Processing file /opt/airflow/dags/test_get_tmd_api.py for tasks to queue
[2024-03-26T16:56:25.228+0000] {logging_mixin.py:188} INFO - [2024-03-26T16:56:25.227+0000] {dagbag.py:540} INFO - Filling up the DagBag from /opt/airflow/dags/test_get_tmd_api.py
[2024-03-26T16:56:25.256+0000] {processor.py:840} INFO - DAG(s) 'test_get_tmd_api' retrieved from /opt/airflow/dags/test_get_tmd_api.py
[2024-03-26T16:56:25.334+0000] {logging_mixin.py:188} INFO - [2024-03-26T16:56:25.333+0000] {dag.py:3047} INFO - Sync 1 DAGs
[2024-03-26T16:56:25.376+0000] {logging_mixin.py:188} INFO - [2024-03-26T16:56:25.375+0000] {dag.py:3834} INFO - Setting next_dagrun for test_get_tmd_api to None, run_after=None
[2024-03-26T16:56:25.433+0000] {processor.py:183} INFO - Processing /opt/airflow/dags/test_get_tmd_api.py took 0.222 seconds
[2024-03-26T16:56:56.026+0000] {processor.py:161} INFO - Started process (PID=46640) to work on /opt/airflow/dags/test_get_tmd_api.py
[2024-03-26T16:56:56.029+0000] {processor.py:830} INFO - Processing file /opt/airflow/dags/test_get_tmd_api.py for tasks to queue
[2024-03-26T16:56:56.032+0000] {logging_mixin.py:188} INFO - [2024-03-26T16:56:56.031+0000] {dagbag.py:540} INFO - Filling up the DagBag from /opt/airflow/dags/test_get_tmd_api.py
[2024-03-26T16:56:56.061+0000] {processor.py:840} INFO - DAG(s) 'test_get_tmd_api' retrieved from /opt/airflow/dags/test_get_tmd_api.py
[2024-03-26T16:56:56.133+0000] {logging_mixin.py:188} INFO - [2024-03-26T16:56:56.132+0000] {dag.py:3047} INFO - Sync 1 DAGs
[2024-03-26T16:56:56.171+0000] {logging_mixin.py:188} INFO - [2024-03-26T16:56:56.170+0000] {dag.py:3834} INFO - Setting next_dagrun for test_get_tmd_api to None, run_after=None
[2024-03-26T16:56:56.229+0000] {processor.py:183} INFO - Processing /opt/airflow/dags/test_get_tmd_api.py took 0.215 seconds
[2024-03-26T16:57:26.659+0000] {processor.py:161} INFO - Started process (PID=46661) to work on /opt/airflow/dags/test_get_tmd_api.py
[2024-03-26T16:57:26.662+0000] {processor.py:830} INFO - Processing file /opt/airflow/dags/test_get_tmd_api.py for tasks to queue
[2024-03-26T16:57:26.666+0000] {logging_mixin.py:188} INFO - [2024-03-26T16:57:26.665+0000] {dagbag.py:540} INFO - Filling up the DagBag from /opt/airflow/dags/test_get_tmd_api.py
[2024-03-26T16:57:26.696+0000] {processor.py:840} INFO - DAG(s) 'test_get_tmd_api' retrieved from /opt/airflow/dags/test_get_tmd_api.py
[2024-03-26T16:57:26.768+0000] {logging_mixin.py:188} INFO - [2024-03-26T16:57:26.767+0000] {dag.py:3047} INFO - Sync 1 DAGs
[2024-03-26T16:57:26.811+0000] {logging_mixin.py:188} INFO - [2024-03-26T16:57:26.810+0000] {dag.py:3834} INFO - Setting next_dagrun for test_get_tmd_api to None, run_after=None
[2024-03-26T16:57:26.867+0000] {processor.py:183} INFO - Processing /opt/airflow/dags/test_get_tmd_api.py took 0.219 seconds
[2024-03-26T16:57:57.343+0000] {processor.py:161} INFO - Started process (PID=46682) to work on /opt/airflow/dags/test_get_tmd_api.py
[2024-03-26T16:57:57.347+0000] {processor.py:830} INFO - Processing file /opt/airflow/dags/test_get_tmd_api.py for tasks to queue
[2024-03-26T16:57:57.350+0000] {logging_mixin.py:188} INFO - [2024-03-26T16:57:57.349+0000] {dagbag.py:540} INFO - Filling up the DagBag from /opt/airflow/dags/test_get_tmd_api.py
[2024-03-26T16:57:57.381+0000] {processor.py:840} INFO - DAG(s) 'test_get_tmd_api' retrieved from /opt/airflow/dags/test_get_tmd_api.py
[2024-03-26T16:57:57.453+0000] {logging_mixin.py:188} INFO - [2024-03-26T16:57:57.453+0000] {dag.py:3047} INFO - Sync 1 DAGs
[2024-03-26T16:57:57.494+0000] {logging_mixin.py:188} INFO - [2024-03-26T16:57:57.493+0000] {dag.py:3834} INFO - Setting next_dagrun for test_get_tmd_api to None, run_after=None
[2024-03-26T16:57:57.551+0000] {processor.py:183} INFO - Processing /opt/airflow/dags/test_get_tmd_api.py took 0.221 seconds
[2024-03-26T16:58:28.110+0000] {processor.py:161} INFO - Started process (PID=46703) to work on /opt/airflow/dags/test_get_tmd_api.py
[2024-03-26T16:58:28.114+0000] {processor.py:830} INFO - Processing file /opt/airflow/dags/test_get_tmd_api.py for tasks to queue
[2024-03-26T16:58:28.117+0000] {logging_mixin.py:188} INFO - [2024-03-26T16:58:28.116+0000] {dagbag.py:540} INFO - Filling up the DagBag from /opt/airflow/dags/test_get_tmd_api.py
[2024-03-26T16:58:28.148+0000] {processor.py:840} INFO - DAG(s) 'test_get_tmd_api' retrieved from /opt/airflow/dags/test_get_tmd_api.py
[2024-03-26T16:58:28.218+0000] {logging_mixin.py:188} INFO - [2024-03-26T16:58:28.217+0000] {dag.py:3047} INFO - Sync 1 DAGs
[2024-03-26T16:58:28.257+0000] {logging_mixin.py:188} INFO - [2024-03-26T16:58:28.256+0000] {dag.py:3834} INFO - Setting next_dagrun for test_get_tmd_api to None, run_after=None
[2024-03-26T16:58:28.311+0000] {processor.py:183} INFO - Processing /opt/airflow/dags/test_get_tmd_api.py took 0.212 seconds
[2024-03-26T16:58:58.731+0000] {processor.py:161} INFO - Started process (PID=46724) to work on /opt/airflow/dags/test_get_tmd_api.py
[2024-03-26T16:58:58.737+0000] {processor.py:830} INFO - Processing file /opt/airflow/dags/test_get_tmd_api.py for tasks to queue
[2024-03-26T16:58:58.741+0000] {logging_mixin.py:188} INFO - [2024-03-26T16:58:58.740+0000] {dagbag.py:540} INFO - Filling up the DagBag from /opt/airflow/dags/test_get_tmd_api.py
[2024-03-26T16:58:58.787+0000] {processor.py:840} INFO - DAG(s) 'test_get_tmd_api' retrieved from /opt/airflow/dags/test_get_tmd_api.py
[2024-03-26T16:58:58.863+0000] {logging_mixin.py:188} INFO - [2024-03-26T16:58:58.862+0000] {dag.py:3047} INFO - Sync 1 DAGs
[2024-03-26T16:58:58.905+0000] {logging_mixin.py:188} INFO - [2024-03-26T16:58:58.904+0000] {dag.py:3834} INFO - Setting next_dagrun for test_get_tmd_api to None, run_after=None
[2024-03-26T16:58:58.962+0000] {processor.py:183} INFO - Processing /opt/airflow/dags/test_get_tmd_api.py took 0.248 seconds
[2024-03-26T16:59:29.455+0000] {processor.py:161} INFO - Started process (PID=46746) to work on /opt/airflow/dags/test_get_tmd_api.py
[2024-03-26T16:59:29.459+0000] {processor.py:830} INFO - Processing file /opt/airflow/dags/test_get_tmd_api.py for tasks to queue
[2024-03-26T16:59:29.463+0000] {logging_mixin.py:188} INFO - [2024-03-26T16:59:29.461+0000] {dagbag.py:540} INFO - Filling up the DagBag from /opt/airflow/dags/test_get_tmd_api.py
[2024-03-26T16:59:29.492+0000] {processor.py:840} INFO - DAG(s) 'test_get_tmd_api' retrieved from /opt/airflow/dags/test_get_tmd_api.py
[2024-03-26T16:59:29.565+0000] {logging_mixin.py:188} INFO - [2024-03-26T16:59:29.564+0000] {dag.py:3047} INFO - Sync 1 DAGs
[2024-03-26T16:59:29.604+0000] {logging_mixin.py:188} INFO - [2024-03-26T16:59:29.603+0000] {dag.py:3834} INFO - Setting next_dagrun for test_get_tmd_api to None, run_after=None
[2024-03-26T16:59:29.659+0000] {processor.py:183} INFO - Processing /opt/airflow/dags/test_get_tmd_api.py took 0.215 seconds
[2024-03-26T17:00:00.155+0000] {processor.py:161} INFO - Started process (PID=46767) to work on /opt/airflow/dags/test_get_tmd_api.py
[2024-03-26T17:00:00.159+0000] {processor.py:830} INFO - Processing file /opt/airflow/dags/test_get_tmd_api.py for tasks to queue
[2024-03-26T17:00:00.162+0000] {logging_mixin.py:188} INFO - [2024-03-26T17:00:00.161+0000] {dagbag.py:540} INFO - Filling up the DagBag from /opt/airflow/dags/test_get_tmd_api.py
[2024-03-26T17:00:00.191+0000] {processor.py:840} INFO - DAG(s) 'test_get_tmd_api' retrieved from /opt/airflow/dags/test_get_tmd_api.py
[2024-03-26T17:00:00.261+0000] {logging_mixin.py:188} INFO - [2024-03-26T17:00:00.260+0000] {dag.py:3047} INFO - Sync 1 DAGs
[2024-03-26T17:00:00.300+0000] {logging_mixin.py:188} INFO - [2024-03-26T17:00:00.300+0000] {dag.py:3834} INFO - Setting next_dagrun for test_get_tmd_api to None, run_after=None
[2024-03-26T17:00:00.357+0000] {processor.py:183} INFO - Processing /opt/airflow/dags/test_get_tmd_api.py took 0.212 seconds
[2024-03-26T17:00:30.890+0000] {processor.py:161} INFO - Started process (PID=46788) to work on /opt/airflow/dags/test_get_tmd_api.py
[2024-03-26T17:00:30.893+0000] {processor.py:830} INFO - Processing file /opt/airflow/dags/test_get_tmd_api.py for tasks to queue
[2024-03-26T17:00:30.896+0000] {logging_mixin.py:188} INFO - [2024-03-26T17:00:30.895+0000] {dagbag.py:540} INFO - Filling up the DagBag from /opt/airflow/dags/test_get_tmd_api.py
[2024-03-26T17:00:30.925+0000] {processor.py:840} INFO - DAG(s) 'test_get_tmd_api' retrieved from /opt/airflow/dags/test_get_tmd_api.py
[2024-03-26T17:00:30.998+0000] {logging_mixin.py:188} INFO - [2024-03-26T17:00:30.997+0000] {dag.py:3047} INFO - Sync 1 DAGs
[2024-03-26T17:00:31.035+0000] {logging_mixin.py:188} INFO - [2024-03-26T17:00:31.035+0000] {dag.py:3834} INFO - Setting next_dagrun for test_get_tmd_api to None, run_after=None
[2024-03-26T17:00:31.091+0000] {processor.py:183} INFO - Processing /opt/airflow/dags/test_get_tmd_api.py took 0.212 seconds
[2024-03-26T17:00:31.994+0000] {processor.py:161} INFO - Started process (PID=46793) to work on /opt/airflow/dags/test_get_tmd_api.py
[2024-03-26T17:00:31.997+0000] {processor.py:830} INFO - Processing file /opt/airflow/dags/test_get_tmd_api.py for tasks to queue
[2024-03-26T17:00:32.000+0000] {logging_mixin.py:188} INFO - [2024-03-26T17:00:31.999+0000] {dagbag.py:540} INFO - Filling up the DagBag from /opt/airflow/dags/test_get_tmd_api.py
[2024-03-26T17:00:32.031+0000] {processor.py:840} INFO - DAG(s) 'test_get_tmd_api' retrieved from /opt/airflow/dags/test_get_tmd_api.py
[2024-03-26T17:00:32.102+0000] {logging_mixin.py:188} INFO - [2024-03-26T17:00:32.101+0000] {dag.py:3047} INFO - Sync 1 DAGs
[2024-03-26T17:00:32.142+0000] {logging_mixin.py:188} INFO - [2024-03-26T17:00:32.141+0000] {dag.py:3834} INFO - Setting next_dagrun for test_get_tmd_api to None, run_after=None
[2024-03-26T17:00:32.201+0000] {processor.py:183} INFO - Processing /opt/airflow/dags/test_get_tmd_api.py took 0.217 seconds
[2024-03-26T17:01:02.794+0000] {processor.py:161} INFO - Started process (PID=46816) to work on /opt/airflow/dags/test_get_tmd_api.py
[2024-03-26T17:01:02.797+0000] {processor.py:830} INFO - Processing file /opt/airflow/dags/test_get_tmd_api.py for tasks to queue
[2024-03-26T17:01:02.800+0000] {logging_mixin.py:188} INFO - [2024-03-26T17:01:02.799+0000] {dagbag.py:540} INFO - Filling up the DagBag from /opt/airflow/dags/test_get_tmd_api.py
[2024-03-26T17:01:02.833+0000] {processor.py:840} INFO - DAG(s) 'test_get_tmd_api' retrieved from /opt/airflow/dags/test_get_tmd_api.py
[2024-03-26T17:01:02.906+0000] {logging_mixin.py:188} INFO - [2024-03-26T17:01:02.905+0000] {dag.py:3047} INFO - Sync 1 DAGs
[2024-03-26T17:01:02.947+0000] {logging_mixin.py:188} INFO - [2024-03-26T17:01:02.946+0000] {dag.py:3834} INFO - Setting next_dagrun for test_get_tmd_api to None, run_after=None
[2024-03-26T17:01:03.006+0000] {processor.py:183} INFO - Processing /opt/airflow/dags/test_get_tmd_api.py took 0.224 seconds
[2024-03-26T17:01:33.590+0000] {processor.py:161} INFO - Started process (PID=46839) to work on /opt/airflow/dags/test_get_tmd_api.py
[2024-03-26T17:01:33.593+0000] {processor.py:830} INFO - Processing file /opt/airflow/dags/test_get_tmd_api.py for tasks to queue
[2024-03-26T17:01:33.596+0000] {logging_mixin.py:188} INFO - [2024-03-26T17:01:33.595+0000] {dagbag.py:540} INFO - Filling up the DagBag from /opt/airflow/dags/test_get_tmd_api.py
[2024-03-26T17:01:33.628+0000] {processor.py:840} INFO - DAG(s) 'test_get_tmd_api' retrieved from /opt/airflow/dags/test_get_tmd_api.py
[2024-03-26T17:01:33.725+0000] {logging_mixin.py:188} INFO - [2024-03-26T17:01:33.723+0000] {dag.py:3047} INFO - Sync 1 DAGs
[2024-03-26T17:01:33.810+0000] {logging_mixin.py:188} INFO - [2024-03-26T17:01:33.809+0000] {dag.py:3834} INFO - Setting next_dagrun for test_get_tmd_api to None, run_after=None
[2024-03-26T17:01:33.870+0000] {processor.py:183} INFO - Processing /opt/airflow/dags/test_get_tmd_api.py took 0.290 seconds
[2024-03-26T17:02:04.236+0000] {processor.py:161} INFO - Started process (PID=46860) to work on /opt/airflow/dags/test_get_tmd_api.py
[2024-03-26T17:02:04.239+0000] {processor.py:830} INFO - Processing file /opt/airflow/dags/test_get_tmd_api.py for tasks to queue
[2024-03-26T17:02:04.242+0000] {logging_mixin.py:188} INFO - [2024-03-26T17:02:04.241+0000] {dagbag.py:540} INFO - Filling up the DagBag from /opt/airflow/dags/test_get_tmd_api.py
[2024-03-26T17:02:04.270+0000] {processor.py:840} INFO - DAG(s) 'test_get_tmd_api' retrieved from /opt/airflow/dags/test_get_tmd_api.py
[2024-03-26T17:02:04.341+0000] {logging_mixin.py:188} INFO - [2024-03-26T17:02:04.340+0000] {dag.py:3047} INFO - Sync 1 DAGs
[2024-03-26T17:02:04.381+0000] {logging_mixin.py:188} INFO - [2024-03-26T17:02:04.380+0000] {dag.py:3834} INFO - Setting next_dagrun for test_get_tmd_api to None, run_after=None
[2024-03-26T17:02:04.439+0000] {processor.py:183} INFO - Processing /opt/airflow/dags/test_get_tmd_api.py took 0.214 seconds
[2024-03-26T17:02:34.814+0000] {processor.py:161} INFO - Started process (PID=46881) to work on /opt/airflow/dags/test_get_tmd_api.py
[2024-03-26T17:02:34.818+0000] {processor.py:830} INFO - Processing file /opt/airflow/dags/test_get_tmd_api.py for tasks to queue
[2024-03-26T17:02:34.821+0000] {logging_mixin.py:188} INFO - [2024-03-26T17:02:34.820+0000] {dagbag.py:540} INFO - Filling up the DagBag from /opt/airflow/dags/test_get_tmd_api.py
[2024-03-26T17:02:34.850+0000] {processor.py:840} INFO - DAG(s) 'test_get_tmd_api' retrieved from /opt/airflow/dags/test_get_tmd_api.py
[2024-03-26T17:02:34.921+0000] {logging_mixin.py:188} INFO - [2024-03-26T17:02:34.921+0000] {dag.py:3047} INFO - Sync 1 DAGs
[2024-03-26T17:02:34.961+0000] {logging_mixin.py:188} INFO - [2024-03-26T17:02:34.960+0000] {dag.py:3834} INFO - Setting next_dagrun for test_get_tmd_api to None, run_after=None
[2024-03-26T17:02:35.019+0000] {processor.py:183} INFO - Processing /opt/airflow/dags/test_get_tmd_api.py took 0.232 seconds
[2024-03-26T17:02:41.137+0000] {processor.py:161} INFO - Started process (PID=46886) to work on /opt/airflow/dags/test_get_tmd_api.py
[2024-03-26T17:02:41.141+0000] {processor.py:830} INFO - Processing file /opt/airflow/dags/test_get_tmd_api.py for tasks to queue
[2024-03-26T17:02:41.144+0000] {logging_mixin.py:188} INFO - [2024-03-26T17:02:41.142+0000] {dagbag.py:540} INFO - Filling up the DagBag from /opt/airflow/dags/test_get_tmd_api.py
[2024-03-26T17:02:41.176+0000] {processor.py:840} INFO - DAG(s) 'test_get_tmd_api' retrieved from /opt/airflow/dags/test_get_tmd_api.py
[2024-03-26T17:02:41.246+0000] {logging_mixin.py:188} INFO - [2024-03-26T17:02:41.245+0000] {dag.py:3047} INFO - Sync 1 DAGs
[2024-03-26T17:02:41.290+0000] {logging_mixin.py:188} INFO - [2024-03-26T17:02:41.289+0000] {dag.py:3834} INFO - Setting next_dagrun for test_get_tmd_api to None, run_after=None
[2024-03-26T17:02:41.351+0000] {processor.py:183} INFO - Processing /opt/airflow/dags/test_get_tmd_api.py took 0.234 seconds
[2024-03-26T17:03:11.806+0000] {processor.py:161} INFO - Started process (PID=46911) to work on /opt/airflow/dags/test_get_tmd_api.py
[2024-03-26T17:03:11.810+0000] {processor.py:830} INFO - Processing file /opt/airflow/dags/test_get_tmd_api.py for tasks to queue
[2024-03-26T17:03:11.813+0000] {logging_mixin.py:188} INFO - [2024-03-26T17:03:11.812+0000] {dagbag.py:540} INFO - Filling up the DagBag from /opt/airflow/dags/test_get_tmd_api.py
[2024-03-26T17:03:11.842+0000] {processor.py:840} INFO - DAG(s) 'test_get_tmd_api' retrieved from /opt/airflow/dags/test_get_tmd_api.py
[2024-03-26T17:03:11.912+0000] {logging_mixin.py:188} INFO - [2024-03-26T17:03:11.911+0000] {dag.py:3047} INFO - Sync 1 DAGs
[2024-03-26T17:03:11.952+0000] {logging_mixin.py:188} INFO - [2024-03-26T17:03:11.951+0000] {dag.py:3834} INFO - Setting next_dagrun for test_get_tmd_api to None, run_after=None
[2024-03-26T17:03:12.009+0000] {processor.py:183} INFO - Processing /opt/airflow/dags/test_get_tmd_api.py took 0.213 seconds
[2024-03-26T17:03:42.591+0000] {processor.py:161} INFO - Started process (PID=46932) to work on /opt/airflow/dags/test_get_tmd_api.py
[2024-03-26T17:03:42.594+0000] {processor.py:830} INFO - Processing file /opt/airflow/dags/test_get_tmd_api.py for tasks to queue
[2024-03-26T17:03:42.597+0000] {logging_mixin.py:188} INFO - [2024-03-26T17:03:42.596+0000] {dagbag.py:540} INFO - Filling up the DagBag from /opt/airflow/dags/test_get_tmd_api.py
[2024-03-26T17:03:42.626+0000] {processor.py:840} INFO - DAG(s) 'test_get_tmd_api' retrieved from /opt/airflow/dags/test_get_tmd_api.py
[2024-03-26T17:03:42.698+0000] {logging_mixin.py:188} INFO - [2024-03-26T17:03:42.697+0000] {dag.py:3047} INFO - Sync 1 DAGs
[2024-03-26T17:03:42.736+0000] {logging_mixin.py:188} INFO - [2024-03-26T17:03:42.736+0000] {dag.py:3834} INFO - Setting next_dagrun for test_get_tmd_api to None, run_after=None
[2024-03-26T17:03:42.791+0000] {processor.py:183} INFO - Processing /opt/airflow/dags/test_get_tmd_api.py took 0.211 seconds
[2024-03-26T17:04:13.359+0000] {processor.py:161} INFO - Started process (PID=46953) to work on /opt/airflow/dags/test_get_tmd_api.py
[2024-03-26T17:04:13.363+0000] {processor.py:830} INFO - Processing file /opt/airflow/dags/test_get_tmd_api.py for tasks to queue
[2024-03-26T17:04:13.366+0000] {logging_mixin.py:188} INFO - [2024-03-26T17:04:13.365+0000] {dagbag.py:540} INFO - Filling up the DagBag from /opt/airflow/dags/test_get_tmd_api.py
[2024-03-26T17:04:13.395+0000] {processor.py:840} INFO - DAG(s) 'test_get_tmd_api' retrieved from /opt/airflow/dags/test_get_tmd_api.py
[2024-03-26T17:04:13.466+0000] {logging_mixin.py:188} INFO - [2024-03-26T17:04:13.465+0000] {dag.py:3047} INFO - Sync 1 DAGs
[2024-03-26T17:04:13.504+0000] {logging_mixin.py:188} INFO - [2024-03-26T17:04:13.504+0000] {dag.py:3834} INFO - Setting next_dagrun for test_get_tmd_api to None, run_after=None
[2024-03-26T17:04:13.562+0000] {processor.py:183} INFO - Processing /opt/airflow/dags/test_get_tmd_api.py took 0.215 seconds
[2024-03-26T17:04:38.104+0000] {processor.py:161} INFO - Started process (PID=46974) to work on /opt/airflow/dags/test_get_tmd_api.py
[2024-03-26T17:04:38.108+0000] {processor.py:830} INFO - Processing file /opt/airflow/dags/test_get_tmd_api.py for tasks to queue
[2024-03-26T17:04:38.110+0000] {logging_mixin.py:188} INFO - [2024-03-26T17:04:38.109+0000] {dagbag.py:540} INFO - Filling up the DagBag from /opt/airflow/dags/test_get_tmd_api.py
[2024-03-26T17:04:38.142+0000] {processor.py:840} INFO - DAG(s) 'test_get_tmd_api' retrieved from /opt/airflow/dags/test_get_tmd_api.py
[2024-03-26T17:04:38.214+0000] {logging_mixin.py:188} INFO - [2024-03-26T17:04:38.213+0000] {dag.py:3047} INFO - Sync 1 DAGs
[2024-03-26T17:04:38.252+0000] {logging_mixin.py:188} INFO - [2024-03-26T17:04:38.251+0000] {dag.py:3834} INFO - Setting next_dagrun for test_get_tmd_api to None, run_after=None
[2024-03-26T17:04:38.314+0000] {processor.py:183} INFO - Processing /opt/airflow/dags/test_get_tmd_api.py took 0.221 seconds
[2024-03-26T17:05:08.655+0000] {processor.py:161} INFO - Started process (PID=46999) to work on /opt/airflow/dags/test_get_tmd_api.py
[2024-03-26T17:05:08.659+0000] {processor.py:830} INFO - Processing file /opt/airflow/dags/test_get_tmd_api.py for tasks to queue
[2024-03-26T17:05:08.662+0000] {logging_mixin.py:188} INFO - [2024-03-26T17:05:08.661+0000] {dagbag.py:540} INFO - Filling up the DagBag from /opt/airflow/dags/test_get_tmd_api.py
[2024-03-26T17:05:08.690+0000] {processor.py:840} INFO - DAG(s) 'test_get_tmd_api' retrieved from /opt/airflow/dags/test_get_tmd_api.py
[2024-03-26T17:05:08.766+0000] {logging_mixin.py:188} INFO - [2024-03-26T17:05:08.765+0000] {dag.py:3047} INFO - Sync 1 DAGs
[2024-03-26T17:05:08.805+0000] {logging_mixin.py:188} INFO - [2024-03-26T17:05:08.804+0000] {dag.py:3834} INFO - Setting next_dagrun for test_get_tmd_api to None, run_after=None
[2024-03-26T17:05:08.867+0000] {processor.py:183} INFO - Processing /opt/airflow/dags/test_get_tmd_api.py took 0.222 seconds
[2024-03-26T17:05:39.187+0000] {processor.py:161} INFO - Started process (PID=47021) to work on /opt/airflow/dags/test_get_tmd_api.py
[2024-03-26T17:05:39.192+0000] {processor.py:830} INFO - Processing file /opt/airflow/dags/test_get_tmd_api.py for tasks to queue
[2024-03-26T17:05:39.195+0000] {logging_mixin.py:188} INFO - [2024-03-26T17:05:39.194+0000] {dagbag.py:540} INFO - Filling up the DagBag from /opt/airflow/dags/test_get_tmd_api.py
[2024-03-26T17:05:39.224+0000] {processor.py:840} INFO - DAG(s) 'test_get_tmd_api' retrieved from /opt/airflow/dags/test_get_tmd_api.py
[2024-03-26T17:05:39.297+0000] {logging_mixin.py:188} INFO - [2024-03-26T17:05:39.297+0000] {dag.py:3047} INFO - Sync 1 DAGs
[2024-03-26T17:05:39.335+0000] {logging_mixin.py:188} INFO - [2024-03-26T17:05:39.334+0000] {dag.py:3834} INFO - Setting next_dagrun for test_get_tmd_api to None, run_after=None
[2024-03-26T17:05:39.392+0000] {processor.py:183} INFO - Processing /opt/airflow/dags/test_get_tmd_api.py took 0.215 seconds
[2024-03-26T17:05:47.262+0000] {processor.py:161} INFO - Started process (PID=47026) to work on /opt/airflow/dags/test_get_tmd_api.py
[2024-03-26T17:05:47.266+0000] {processor.py:830} INFO - Processing file /opt/airflow/dags/test_get_tmd_api.py for tasks to queue
[2024-03-26T17:05:47.269+0000] {logging_mixin.py:188} INFO - [2024-03-26T17:05:47.268+0000] {dagbag.py:540} INFO - Filling up the DagBag from /opt/airflow/dags/test_get_tmd_api.py
[2024-03-26T17:05:47.301+0000] {processor.py:840} INFO - DAG(s) 'test_get_tmd_api' retrieved from /opt/airflow/dags/test_get_tmd_api.py
[2024-03-26T17:05:47.372+0000] {logging_mixin.py:188} INFO - [2024-03-26T17:05:47.371+0000] {dag.py:3047} INFO - Sync 1 DAGs
[2024-03-26T17:05:47.410+0000] {logging_mixin.py:188} INFO - [2024-03-26T17:05:47.409+0000] {dag.py:3834} INFO - Setting next_dagrun for test_get_tmd_api to None, run_after=None
[2024-03-26T17:05:47.471+0000] {processor.py:183} INFO - Processing /opt/airflow/dags/test_get_tmd_api.py took 0.220 seconds
[2024-03-26T17:06:18.025+0000] {processor.py:161} INFO - Started process (PID=47047) to work on /opt/airflow/dags/test_get_tmd_api.py
[2024-03-26T17:06:18.029+0000] {processor.py:830} INFO - Processing file /opt/airflow/dags/test_get_tmd_api.py for tasks to queue
[2024-03-26T17:06:18.032+0000] {logging_mixin.py:188} INFO - [2024-03-26T17:06:18.031+0000] {dagbag.py:540} INFO - Filling up the DagBag from /opt/airflow/dags/test_get_tmd_api.py
[2024-03-26T17:06:18.066+0000] {processor.py:840} INFO - DAG(s) 'test_get_tmd_api' retrieved from /opt/airflow/dags/test_get_tmd_api.py
[2024-03-26T17:06:18.134+0000] {logging_mixin.py:188} INFO - [2024-03-26T17:06:18.134+0000] {dag.py:3047} INFO - Sync 1 DAGs
[2024-03-26T17:06:18.184+0000] {logging_mixin.py:188} INFO - [2024-03-26T17:06:18.183+0000] {dag.py:3834} INFO - Setting next_dagrun for test_get_tmd_api to None, run_after=None
[2024-03-26T17:06:18.243+0000] {processor.py:183} INFO - Processing /opt/airflow/dags/test_get_tmd_api.py took 0.228 seconds
[2024-03-26T17:06:48.636+0000] {processor.py:161} INFO - Started process (PID=47072) to work on /opt/airflow/dags/test_get_tmd_api.py
[2024-03-26T17:06:48.639+0000] {processor.py:830} INFO - Processing file /opt/airflow/dags/test_get_tmd_api.py for tasks to queue
[2024-03-26T17:06:48.642+0000] {logging_mixin.py:188} INFO - [2024-03-26T17:06:48.641+0000] {dagbag.py:540} INFO - Filling up the DagBag from /opt/airflow/dags/test_get_tmd_api.py
[2024-03-26T17:06:48.674+0000] {processor.py:840} INFO - DAG(s) 'test_get_tmd_api' retrieved from /opt/airflow/dags/test_get_tmd_api.py
[2024-03-26T17:06:48.750+0000] {logging_mixin.py:188} INFO - [2024-03-26T17:06:48.749+0000] {dag.py:3047} INFO - Sync 1 DAGs
[2024-03-26T17:06:48.788+0000] {logging_mixin.py:188} INFO - [2024-03-26T17:06:48.787+0000] {dag.py:3834} INFO - Setting next_dagrun for test_get_tmd_api to None, run_after=None
[2024-03-26T17:06:48.845+0000] {processor.py:183} INFO - Processing /opt/airflow/dags/test_get_tmd_api.py took 0.219 seconds
[2024-03-26T17:07:19.471+0000] {processor.py:161} INFO - Started process (PID=47093) to work on /opt/airflow/dags/test_get_tmd_api.py
[2024-03-26T17:07:19.475+0000] {processor.py:830} INFO - Processing file /opt/airflow/dags/test_get_tmd_api.py for tasks to queue
[2024-03-26T17:07:19.478+0000] {logging_mixin.py:188} INFO - [2024-03-26T17:07:19.477+0000] {dagbag.py:540} INFO - Filling up the DagBag from /opt/airflow/dags/test_get_tmd_api.py
[2024-03-26T17:07:19.509+0000] {processor.py:840} INFO - DAG(s) 'test_get_tmd_api' retrieved from /opt/airflow/dags/test_get_tmd_api.py
[2024-03-26T17:07:19.578+0000] {logging_mixin.py:188} INFO - [2024-03-26T17:07:19.577+0000] {dag.py:3047} INFO - Sync 1 DAGs
[2024-03-26T17:07:19.618+0000] {logging_mixin.py:188} INFO - [2024-03-26T17:07:19.617+0000] {dag.py:3834} INFO - Setting next_dagrun for test_get_tmd_api to None, run_after=None
[2024-03-26T17:07:19.672+0000] {processor.py:183} INFO - Processing /opt/airflow/dags/test_get_tmd_api.py took 0.212 seconds
[2024-03-26T17:07:50.040+0000] {processor.py:161} INFO - Started process (PID=47114) to work on /opt/airflow/dags/test_get_tmd_api.py
[2024-03-26T17:07:50.045+0000] {processor.py:830} INFO - Processing file /opt/airflow/dags/test_get_tmd_api.py for tasks to queue
[2024-03-26T17:07:50.049+0000] {logging_mixin.py:188} INFO - [2024-03-26T17:07:50.048+0000] {dagbag.py:540} INFO - Filling up the DagBag from /opt/airflow/dags/test_get_tmd_api.py
[2024-03-26T17:07:50.083+0000] {processor.py:840} INFO - DAG(s) 'test_get_tmd_api' retrieved from /opt/airflow/dags/test_get_tmd_api.py
[2024-03-26T17:07:50.165+0000] {logging_mixin.py:188} INFO - [2024-03-26T17:07:50.165+0000] {dag.py:3047} INFO - Sync 1 DAGs
[2024-03-26T17:07:50.214+0000] {logging_mixin.py:188} INFO - [2024-03-26T17:07:50.214+0000] {dag.py:3834} INFO - Setting next_dagrun for test_get_tmd_api to None, run_after=None
[2024-03-26T17:07:50.284+0000] {processor.py:183} INFO - Processing /opt/airflow/dags/test_get_tmd_api.py took 0.257 seconds
[2024-03-26T17:08:20.754+0000] {processor.py:161} INFO - Started process (PID=47141) to work on /opt/airflow/dags/test_get_tmd_api.py
[2024-03-26T17:08:20.758+0000] {processor.py:830} INFO - Processing file /opt/airflow/dags/test_get_tmd_api.py for tasks to queue
[2024-03-26T17:08:20.761+0000] {logging_mixin.py:188} INFO - [2024-03-26T17:08:20.760+0000] {dagbag.py:540} INFO - Filling up the DagBag from /opt/airflow/dags/test_get_tmd_api.py
[2024-03-26T17:08:20.790+0000] {processor.py:840} INFO - DAG(s) 'test_get_tmd_api' retrieved from /opt/airflow/dags/test_get_tmd_api.py
[2024-03-26T17:08:20.863+0000] {logging_mixin.py:188} INFO - [2024-03-26T17:08:20.862+0000] {dag.py:3047} INFO - Sync 1 DAGs
[2024-03-26T17:08:20.906+0000] {logging_mixin.py:188} INFO - [2024-03-26T17:08:20.905+0000] {dag.py:3834} INFO - Setting next_dagrun for test_get_tmd_api to None, run_after=None
[2024-03-26T17:08:20.963+0000] {processor.py:183} INFO - Processing /opt/airflow/dags/test_get_tmd_api.py took 0.220 seconds
[2024-03-26T17:08:50.404+0000] {processor.py:161} INFO - Started process (PID=47156) to work on /opt/airflow/dags/test_get_tmd_api.py
[2024-03-26T17:08:50.407+0000] {processor.py:830} INFO - Processing file /opt/airflow/dags/test_get_tmd_api.py for tasks to queue
[2024-03-26T17:08:50.410+0000] {logging_mixin.py:188} INFO - [2024-03-26T17:08:50.408+0000] {dagbag.py:540} INFO - Filling up the DagBag from /opt/airflow/dags/test_get_tmd_api.py
[2024-03-26T17:08:50.427+0000] {logging_mixin.py:188} INFO - [2024-03-26T17:08:50.425+0000] {dagbag.py:350} ERROR - Failed to import: /opt/airflow/dags/test_get_tmd_api.py
Traceback (most recent call last):
  File "/home/airflow/.local/lib/python3.8/site-packages/airflow/models/dagbag.py", line 346, in parse
    loader.exec_module(new_module)
  File "<frozen importlib._bootstrap_external>", line 843, in exec_module
  File "<frozen importlib._bootstrap>", line 219, in _call_with_frames_removed
  File "/opt/airflow/dags/test_get_tmd_api.py", line 91, in <module>
    python_callable=_upload_to_gcs,
NameError: name '_upload_to_gcs' is not defined
[2024-03-26T17:08:50.428+0000] {processor.py:842} WARNING - No viable dags retrieved from /opt/airflow/dags/test_get_tmd_api.py
[2024-03-26T17:08:50.492+0000] {processor.py:183} INFO - Processing /opt/airflow/dags/test_get_tmd_api.py took 0.099 seconds
[2024-03-26T17:09:07.970+0000] {processor.py:161} INFO - Started process (PID=47177) to work on /opt/airflow/dags/test_get_tmd_api.py
[2024-03-26T17:09:07.974+0000] {processor.py:830} INFO - Processing file /opt/airflow/dags/test_get_tmd_api.py for tasks to queue
[2024-03-26T17:09:07.977+0000] {logging_mixin.py:188} INFO - [2024-03-26T17:09:07.976+0000] {dagbag.py:540} INFO - Filling up the DagBag from /opt/airflow/dags/test_get_tmd_api.py
[2024-03-26T17:09:07.996+0000] {logging_mixin.py:188} INFO - [2024-03-26T17:09:07.993+0000] {dagbag.py:350} ERROR - Failed to import: /opt/airflow/dags/test_get_tmd_api.py
Traceback (most recent call last):
  File "/home/airflow/.local/lib/python3.8/site-packages/airflow/models/dagbag.py", line 346, in parse
    loader.exec_module(new_module)
  File "<frozen importlib._bootstrap_external>", line 843, in exec_module
  File "<frozen importlib._bootstrap>", line 219, in _call_with_frames_removed
  File "/opt/airflow/dags/test_get_tmd_api.py", line 91, in <module>
    python_callable=_upload_to_gcs,
NameError: name '_upload_to_gcs' is not defined
[2024-03-26T17:09:07.998+0000] {processor.py:842} WARNING - No viable dags retrieved from /opt/airflow/dags/test_get_tmd_api.py
[2024-03-26T17:09:08.051+0000] {processor.py:183} INFO - Processing /opt/airflow/dags/test_get_tmd_api.py took 0.092 seconds
[2024-03-26T17:09:38.572+0000] {processor.py:161} INFO - Started process (PID=47198) to work on /opt/airflow/dags/test_get_tmd_api.py
[2024-03-26T17:09:38.575+0000] {processor.py:830} INFO - Processing file /opt/airflow/dags/test_get_tmd_api.py for tasks to queue
[2024-03-26T17:09:38.579+0000] {logging_mixin.py:188} INFO - [2024-03-26T17:09:38.578+0000] {dagbag.py:540} INFO - Filling up the DagBag from /opt/airflow/dags/test_get_tmd_api.py
[2024-03-26T17:09:38.595+0000] {logging_mixin.py:188} INFO - [2024-03-26T17:09:38.592+0000] {dagbag.py:350} ERROR - Failed to import: /opt/airflow/dags/test_get_tmd_api.py
Traceback (most recent call last):
  File "/home/airflow/.local/lib/python3.8/site-packages/airflow/models/dagbag.py", line 346, in parse
    loader.exec_module(new_module)
  File "<frozen importlib._bootstrap_external>", line 843, in exec_module
  File "<frozen importlib._bootstrap>", line 219, in _call_with_frames_removed
  File "/opt/airflow/dags/test_get_tmd_api.py", line 91, in <module>
    python_callable=_upload_to_gcs,
NameError: name '_upload_to_gcs' is not defined
[2024-03-26T17:09:38.597+0000] {processor.py:842} WARNING - No viable dags retrieved from /opt/airflow/dags/test_get_tmd_api.py
[2024-03-26T17:09:38.658+0000] {processor.py:183} INFO - Processing /opt/airflow/dags/test_get_tmd_api.py took 0.098 seconds
[2024-03-26T17:10:02.963+0000] {processor.py:161} INFO - Started process (PID=47214) to work on /opt/airflow/dags/test_get_tmd_api.py
[2024-03-26T17:10:02.968+0000] {processor.py:830} INFO - Processing file /opt/airflow/dags/test_get_tmd_api.py for tasks to queue
[2024-03-26T17:10:02.973+0000] {logging_mixin.py:188} INFO - [2024-03-26T17:10:02.971+0000] {dagbag.py:540} INFO - Filling up the DagBag from /opt/airflow/dags/test_get_tmd_api.py
[2024-03-26T17:10:03.000+0000] {logging_mixin.py:188} INFO - [2024-03-26T17:10:02.997+0000] {dagbag.py:350} ERROR - Failed to import: /opt/airflow/dags/test_get_tmd_api.py
Traceback (most recent call last):
  File "/home/airflow/.local/lib/python3.8/site-packages/airflow/models/dagbag.py", line 346, in parse
    loader.exec_module(new_module)
  File "<frozen importlib._bootstrap_external>", line 843, in exec_module
  File "<frozen importlib._bootstrap>", line 219, in _call_with_frames_removed
  File "/opt/airflow/dags/test_get_tmd_api.py", line 92, in <module>
    python_callable=_upload_to_gcs,
NameError: name '_upload_to_gcs' is not defined
[2024-03-26T17:10:03.002+0000] {processor.py:842} WARNING - No viable dags retrieved from /opt/airflow/dags/test_get_tmd_api.py
[2024-03-26T17:10:03.070+0000] {processor.py:183} INFO - Processing /opt/airflow/dags/test_get_tmd_api.py took 0.124 seconds
[2024-03-26T17:10:33.640+0000] {processor.py:161} INFO - Started process (PID=47235) to work on /opt/airflow/dags/test_get_tmd_api.py
[2024-03-26T17:10:33.643+0000] {processor.py:830} INFO - Processing file /opt/airflow/dags/test_get_tmd_api.py for tasks to queue
[2024-03-26T17:10:33.648+0000] {logging_mixin.py:188} INFO - [2024-03-26T17:10:33.646+0000] {dagbag.py:540} INFO - Filling up the DagBag from /opt/airflow/dags/test_get_tmd_api.py
[2024-03-26T17:10:33.665+0000] {logging_mixin.py:188} INFO - [2024-03-26T17:10:33.662+0000] {dagbag.py:350} ERROR - Failed to import: /opt/airflow/dags/test_get_tmd_api.py
Traceback (most recent call last):
  File "/home/airflow/.local/lib/python3.8/site-packages/airflow/models/dagbag.py", line 346, in parse
    loader.exec_module(new_module)
  File "<frozen importlib._bootstrap_external>", line 843, in exec_module
  File "<frozen importlib._bootstrap>", line 219, in _call_with_frames_removed
  File "/opt/airflow/dags/test_get_tmd_api.py", line 92, in <module>
    python_callable=_upload_to_gcs,
NameError: name '_upload_to_gcs' is not defined
[2024-03-26T17:10:33.667+0000] {processor.py:842} WARNING - No viable dags retrieved from /opt/airflow/dags/test_get_tmd_api.py
[2024-03-26T17:10:33.747+0000] {processor.py:183} INFO - Processing /opt/airflow/dags/test_get_tmd_api.py took 0.119 seconds
[2024-03-26T17:11:04.222+0000] {processor.py:161} INFO - Started process (PID=47256) to work on /opt/airflow/dags/test_get_tmd_api.py
[2024-03-26T17:11:04.226+0000] {processor.py:830} INFO - Processing file /opt/airflow/dags/test_get_tmd_api.py for tasks to queue
[2024-03-26T17:11:04.229+0000] {logging_mixin.py:188} INFO - [2024-03-26T17:11:04.228+0000] {dagbag.py:540} INFO - Filling up the DagBag from /opt/airflow/dags/test_get_tmd_api.py
[2024-03-26T17:11:04.243+0000] {logging_mixin.py:188} INFO - [2024-03-26T17:11:04.240+0000] {dagbag.py:350} ERROR - Failed to import: /opt/airflow/dags/test_get_tmd_api.py
Traceback (most recent call last):
  File "/home/airflow/.local/lib/python3.8/site-packages/airflow/models/dagbag.py", line 346, in parse
    loader.exec_module(new_module)
  File "<frozen importlib._bootstrap_external>", line 843, in exec_module
  File "<frozen importlib._bootstrap>", line 219, in _call_with_frames_removed
  File "/opt/airflow/dags/test_get_tmd_api.py", line 92, in <module>
    python_callable=_upload_to_gcs,
NameError: name '_upload_to_gcs' is not defined
[2024-03-26T17:11:04.244+0000] {processor.py:842} WARNING - No viable dags retrieved from /opt/airflow/dags/test_get_tmd_api.py
[2024-03-26T17:11:04.322+0000] {processor.py:183} INFO - Processing /opt/airflow/dags/test_get_tmd_api.py took 0.111 seconds
[2024-03-26T17:11:05.409+0000] {processor.py:161} INFO - Started process (PID=47261) to work on /opt/airflow/dags/test_get_tmd_api.py
[2024-03-26T17:11:05.411+0000] {processor.py:830} INFO - Processing file /opt/airflow/dags/test_get_tmd_api.py for tasks to queue
[2024-03-26T17:11:05.414+0000] {logging_mixin.py:188} INFO - [2024-03-26T17:11:05.413+0000] {dagbag.py:540} INFO - Filling up the DagBag from /opt/airflow/dags/test_get_tmd_api.py
[2024-03-26T17:11:05.444+0000] {processor.py:840} INFO - DAG(s) 'test_get_tmd_api' retrieved from /opt/airflow/dags/test_get_tmd_api.py
[2024-03-26T17:11:05.789+0000] {logging_mixin.py:188} INFO - [2024-03-26T17:11:05.788+0000] {dag.py:3047} INFO - Sync 1 DAGs
[2024-03-26T17:11:05.821+0000] {logging_mixin.py:188} INFO - [2024-03-26T17:11:05.821+0000] {dag.py:3834} INFO - Setting next_dagrun for test_get_tmd_api to None, run_after=None
[2024-03-26T17:11:05.889+0000] {processor.py:183} INFO - Processing /opt/airflow/dags/test_get_tmd_api.py took 0.491 seconds
[2024-03-26T17:11:36.023+0000] {processor.py:161} INFO - Started process (PID=47284) to work on /opt/airflow/dags/test_get_tmd_api.py
[2024-03-26T17:11:36.026+0000] {processor.py:830} INFO - Processing file /opt/airflow/dags/test_get_tmd_api.py for tasks to queue
[2024-03-26T17:11:36.029+0000] {logging_mixin.py:188} INFO - [2024-03-26T17:11:36.028+0000] {dagbag.py:540} INFO - Filling up the DagBag from /opt/airflow/dags/test_get_tmd_api.py
[2024-03-26T17:11:36.057+0000] {processor.py:840} INFO - DAG(s) 'test_get_tmd_api' retrieved from /opt/airflow/dags/test_get_tmd_api.py
[2024-03-26T17:11:36.129+0000] {logging_mixin.py:188} INFO - [2024-03-26T17:11:36.128+0000] {dag.py:3047} INFO - Sync 1 DAGs
[2024-03-26T17:11:36.171+0000] {logging_mixin.py:188} INFO - [2024-03-26T17:11:36.170+0000] {dag.py:3834} INFO - Setting next_dagrun for test_get_tmd_api to None, run_after=None
[2024-03-26T17:11:36.226+0000] {processor.py:183} INFO - Processing /opt/airflow/dags/test_get_tmd_api.py took 0.214 seconds
[2024-03-26T17:12:06.576+0000] {processor.py:161} INFO - Started process (PID=47305) to work on /opt/airflow/dags/test_get_tmd_api.py
[2024-03-26T17:12:06.580+0000] {processor.py:830} INFO - Processing file /opt/airflow/dags/test_get_tmd_api.py for tasks to queue
[2024-03-26T17:12:06.583+0000] {logging_mixin.py:188} INFO - [2024-03-26T17:12:06.582+0000] {dagbag.py:540} INFO - Filling up the DagBag from /opt/airflow/dags/test_get_tmd_api.py
[2024-03-26T17:12:06.611+0000] {processor.py:840} INFO - DAG(s) 'test_get_tmd_api' retrieved from /opt/airflow/dags/test_get_tmd_api.py
[2024-03-26T17:12:06.703+0000] {logging_mixin.py:188} INFO - [2024-03-26T17:12:06.702+0000] {dag.py:3047} INFO - Sync 1 DAGs
[2024-03-26T17:12:06.772+0000] {logging_mixin.py:188} INFO - [2024-03-26T17:12:06.771+0000] {dag.py:3834} INFO - Setting next_dagrun for test_get_tmd_api to None, run_after=None
[2024-03-26T17:12:06.837+0000] {processor.py:183} INFO - Processing /opt/airflow/dags/test_get_tmd_api.py took 0.271 seconds
[2024-03-26T17:12:37.369+0000] {processor.py:161} INFO - Started process (PID=47326) to work on /opt/airflow/dags/test_get_tmd_api.py
[2024-03-26T17:12:37.372+0000] {processor.py:830} INFO - Processing file /opt/airflow/dags/test_get_tmd_api.py for tasks to queue
[2024-03-26T17:12:37.376+0000] {logging_mixin.py:188} INFO - [2024-03-26T17:12:37.374+0000] {dagbag.py:540} INFO - Filling up the DagBag from /opt/airflow/dags/test_get_tmd_api.py
[2024-03-26T17:12:37.407+0000] {processor.py:840} INFO - DAG(s) 'test_get_tmd_api' retrieved from /opt/airflow/dags/test_get_tmd_api.py
[2024-03-26T17:12:37.833+0000] {logging_mixin.py:188} INFO - [2024-03-26T17:12:37.833+0000] {dag.py:3047} INFO - Sync 1 DAGs
[2024-03-26T17:12:37.865+0000] {logging_mixin.py:188} INFO - [2024-03-26T17:12:37.865+0000] {dag.py:3069} INFO - Creating ORM DAG for test_get_tmd_api
[2024-03-26T17:12:37.867+0000] {logging_mixin.py:188} INFO - [2024-03-26T17:12:37.867+0000] {dag.py:3834} INFO - Setting next_dagrun for test_get_tmd_api to None, run_after=None
[2024-03-26T17:12:37.921+0000] {processor.py:183} INFO - Processing /opt/airflow/dags/test_get_tmd_api.py took 0.562 seconds
[2024-03-26T17:13:08.720+0000] {processor.py:161} INFO - Started process (PID=47347) to work on /opt/airflow/dags/test_get_tmd_api.py
[2024-03-26T17:13:08.724+0000] {processor.py:830} INFO - Processing file /opt/airflow/dags/test_get_tmd_api.py for tasks to queue
[2024-03-26T17:13:08.726+0000] {logging_mixin.py:188} INFO - [2024-03-26T17:13:08.725+0000] {dagbag.py:540} INFO - Filling up the DagBag from /opt/airflow/dags/test_get_tmd_api.py
[2024-03-26T17:13:08.753+0000] {processor.py:840} INFO - DAG(s) 'test_get_tmd_api' retrieved from /opt/airflow/dags/test_get_tmd_api.py
[2024-03-26T17:13:08.823+0000] {logging_mixin.py:188} INFO - [2024-03-26T17:13:08.822+0000] {dag.py:3047} INFO - Sync 1 DAGs
[2024-03-26T17:13:08.861+0000] {logging_mixin.py:188} INFO - [2024-03-26T17:13:08.860+0000] {dag.py:3834} INFO - Setting next_dagrun for test_get_tmd_api to None, run_after=None
[2024-03-26T17:13:08.919+0000] {processor.py:183} INFO - Processing /opt/airflow/dags/test_get_tmd_api.py took 0.210 seconds
[2024-03-26T17:13:39.512+0000] {processor.py:161} INFO - Started process (PID=47368) to work on /opt/airflow/dags/test_get_tmd_api.py
[2024-03-26T17:13:39.516+0000] {processor.py:830} INFO - Processing file /opt/airflow/dags/test_get_tmd_api.py for tasks to queue
[2024-03-26T17:13:39.520+0000] {logging_mixin.py:188} INFO - [2024-03-26T17:13:39.519+0000] {dagbag.py:540} INFO - Filling up the DagBag from /opt/airflow/dags/test_get_tmd_api.py
[2024-03-26T17:13:39.553+0000] {processor.py:840} INFO - DAG(s) 'test_get_tmd_api' retrieved from /opt/airflow/dags/test_get_tmd_api.py
[2024-03-26T17:13:39.639+0000] {logging_mixin.py:188} INFO - [2024-03-26T17:13:39.638+0000] {dag.py:3047} INFO - Sync 1 DAGs
[2024-03-26T17:13:39.684+0000] {logging_mixin.py:188} INFO - [2024-03-26T17:13:39.683+0000] {dag.py:3834} INFO - Setting next_dagrun for test_get_tmd_api to None, run_after=None
[2024-03-26T17:13:39.747+0000] {processor.py:183} INFO - Processing /opt/airflow/dags/test_get_tmd_api.py took 0.248 seconds
[2024-03-26T17:14:10.109+0000] {processor.py:161} INFO - Started process (PID=47390) to work on /opt/airflow/dags/test_get_tmd_api.py
[2024-03-26T17:14:10.114+0000] {processor.py:830} INFO - Processing file /opt/airflow/dags/test_get_tmd_api.py for tasks to queue
[2024-03-26T17:14:10.117+0000] {logging_mixin.py:188} INFO - [2024-03-26T17:14:10.116+0000] {dagbag.py:540} INFO - Filling up the DagBag from /opt/airflow/dags/test_get_tmd_api.py
[2024-03-26T17:14:10.148+0000] {processor.py:840} INFO - DAG(s) 'test_get_tmd_api' retrieved from /opt/airflow/dags/test_get_tmd_api.py
[2024-03-26T17:14:10.230+0000] {logging_mixin.py:188} INFO - [2024-03-26T17:14:10.230+0000] {dag.py:3047} INFO - Sync 1 DAGs
[2024-03-26T17:14:10.278+0000] {logging_mixin.py:188} INFO - [2024-03-26T17:14:10.277+0000] {dag.py:3834} INFO - Setting next_dagrun for test_get_tmd_api to None, run_after=None
[2024-03-26T17:14:10.365+0000] {processor.py:183} INFO - Processing /opt/airflow/dags/test_get_tmd_api.py took 0.268 seconds
[2024-03-26T17:14:40.796+0000] {processor.py:161} INFO - Started process (PID=47412) to work on /opt/airflow/dags/test_get_tmd_api.py
[2024-03-26T17:14:40.799+0000] {processor.py:830} INFO - Processing file /opt/airflow/dags/test_get_tmd_api.py for tasks to queue
[2024-03-26T17:14:40.803+0000] {logging_mixin.py:188} INFO - [2024-03-26T17:14:40.801+0000] {dagbag.py:540} INFO - Filling up the DagBag from /opt/airflow/dags/test_get_tmd_api.py
[2024-03-26T17:14:40.835+0000] {processor.py:840} INFO - DAG(s) 'test_get_tmd_api' retrieved from /opt/airflow/dags/test_get_tmd_api.py
[2024-03-26T17:14:40.918+0000] {logging_mixin.py:188} INFO - [2024-03-26T17:14:40.917+0000] {dag.py:3047} INFO - Sync 1 DAGs
[2024-03-26T17:14:40.964+0000] {logging_mixin.py:188} INFO - [2024-03-26T17:14:40.963+0000] {dag.py:3834} INFO - Setting next_dagrun for test_get_tmd_api to None, run_after=None
[2024-03-26T17:14:41.030+0000] {processor.py:183} INFO - Processing /opt/airflow/dags/test_get_tmd_api.py took 0.247 seconds
[2024-03-26T17:15:11.397+0000] {processor.py:161} INFO - Started process (PID=47434) to work on /opt/airflow/dags/test_get_tmd_api.py
[2024-03-26T17:15:11.401+0000] {processor.py:830} INFO - Processing file /opt/airflow/dags/test_get_tmd_api.py for tasks to queue
[2024-03-26T17:15:11.405+0000] {logging_mixin.py:188} INFO - [2024-03-26T17:15:11.403+0000] {dagbag.py:540} INFO - Filling up the DagBag from /opt/airflow/dags/test_get_tmd_api.py
[2024-03-26T17:15:11.436+0000] {processor.py:840} INFO - DAG(s) 'test_get_tmd_api' retrieved from /opt/airflow/dags/test_get_tmd_api.py
[2024-03-26T17:15:11.520+0000] {logging_mixin.py:188} INFO - [2024-03-26T17:15:11.520+0000] {dag.py:3047} INFO - Sync 1 DAGs
[2024-03-26T17:15:11.568+0000] {logging_mixin.py:188} INFO - [2024-03-26T17:15:11.567+0000] {dag.py:3834} INFO - Setting next_dagrun for test_get_tmd_api to None, run_after=None
[2024-03-26T17:15:11.637+0000] {processor.py:183} INFO - Processing /opt/airflow/dags/test_get_tmd_api.py took 0.253 seconds
[2024-03-26T17:15:41.984+0000] {processor.py:161} INFO - Started process (PID=47455) to work on /opt/airflow/dags/test_get_tmd_api.py
[2024-03-26T17:15:41.988+0000] {processor.py:830} INFO - Processing file /opt/airflow/dags/test_get_tmd_api.py for tasks to queue
[2024-03-26T17:15:41.991+0000] {logging_mixin.py:188} INFO - [2024-03-26T17:15:41.989+0000] {dagbag.py:540} INFO - Filling up the DagBag from /opt/airflow/dags/test_get_tmd_api.py
[2024-03-26T17:15:42.022+0000] {processor.py:840} INFO - DAG(s) 'test_get_tmd_api' retrieved from /opt/airflow/dags/test_get_tmd_api.py
[2024-03-26T17:15:42.109+0000] {logging_mixin.py:188} INFO - [2024-03-26T17:15:42.108+0000] {dag.py:3047} INFO - Sync 1 DAGs
[2024-03-26T17:15:42.155+0000] {logging_mixin.py:188} INFO - [2024-03-26T17:15:42.154+0000] {dag.py:3834} INFO - Setting next_dagrun for test_get_tmd_api to None, run_after=None
[2024-03-26T17:15:42.224+0000] {processor.py:183} INFO - Processing /opt/airflow/dags/test_get_tmd_api.py took 0.254 seconds
[2024-03-26T17:16:12.587+0000] {processor.py:161} INFO - Started process (PID=47476) to work on /opt/airflow/dags/test_get_tmd_api.py
[2024-03-26T17:16:12.590+0000] {processor.py:830} INFO - Processing file /opt/airflow/dags/test_get_tmd_api.py for tasks to queue
[2024-03-26T17:16:12.593+0000] {logging_mixin.py:188} INFO - [2024-03-26T17:16:12.592+0000] {dagbag.py:540} INFO - Filling up the DagBag from /opt/airflow/dags/test_get_tmd_api.py
[2024-03-26T17:16:12.624+0000] {processor.py:840} INFO - DAG(s) 'test_get_tmd_api' retrieved from /opt/airflow/dags/test_get_tmd_api.py
[2024-03-26T17:16:12.708+0000] {logging_mixin.py:188} INFO - [2024-03-26T17:16:12.707+0000] {dag.py:3047} INFO - Sync 1 DAGs
[2024-03-26T17:16:12.754+0000] {logging_mixin.py:188} INFO - [2024-03-26T17:16:12.753+0000] {dag.py:3834} INFO - Setting next_dagrun for test_get_tmd_api to None, run_after=None
[2024-03-26T17:16:12.820+0000] {processor.py:183} INFO - Processing /opt/airflow/dags/test_get_tmd_api.py took 0.246 seconds
